Log file open, 05/31/16 14:39:56
LogInit:Display: Running engine for game: HTCViveTemplate
LogPlatformFile: Not using cached read wrapper
LogInit:Display: RandInit(1532461481) SRandInit(1532461482).
LogTaskGraph: Started task graph with 4 named threads and 6 total threads.
LogStats: Stats thread started at 0.071899
LogInit: Version: 4.11.2-2946394+++UE4+Release-4.11
LogInit: API Version: 2927265
LogInit: Compiled (64-bit): Apr 18 2016 02:18:46
LogInit: Compiled with Visual C++: 19.00.23026.00
LogInit: Build Configuration: Development
LogInit: Branch Name: ++UE4+Release-4.11
LogInit: Command line: 
LogInit: Base directory: C:/Program Files (x86)/Epic Games/4.11/Engine/Binaries/Win64/
LogInit: Installed Engine Build: 1
LogInit: Using libcurl 7.41.0
LogInit:  - built for x86_64-pc-win32
LogInit:  - supports SSL with WinSSL
LogInit:  - other features:
LogInit:      CURL_VERSION_SSL
LogInit:      CURL_VERSION_IPV6
LogInit:      CURL_VERSION_ASYNCHDNS
LogInit:      CURL_VERSION_LARGEFILE
LogInit:      CURL_VERSION_IDN
LogInit:  CurlRequestOptions (configurable via config and command line):
LogInit:  - bVerifyPeer = true  - Libcurl will verify peer certificate
LogInit:  - bUseHttpProxy = false  - Libcurl will NOT use HTTP proxy
LogInit:  - bDontReuseConnections = false  - Libcurl will reuse connections
LogInit:  - CertBundlePath = nullptr  - Libcurl will use whatever was configured at build time.
LogInit: Presizing for max 16777216 objects, including 0 objects not considered by GC, pre-allocating 0 bytes for permanent pool.
LogInit: Object subsystem initialized
[2016.05.31-19.39.56:552][  0]LogInit: Selected Device Profile: [Windows]
[2016.05.31-19.39.56:552][  0]LogInit: Applying CVar settings loaded from the selected device profile: [Windows]
[2016.05.31-19.39.56:564][  0]LogInit: Computer: MY-PC
[2016.05.31-19.39.56:564][  0]LogInit: User: My
[2016.05.31-19.39.56:564][  0]LogInit: CPU Page size=65536, Cores=3
[2016.05.31-19.39.56:564][  0]LogInit: High frequency timer resolution =3.703847 MHz
[2016.05.31-19.39.56:564][  0]LogMemory: Memory total: Physical=7.9GB (8GB approx)
[2016.05.31-19.39.56:564][  0]LogMemory: Platform Memory Stats for Windows
[2016.05.31-19.39.56:564][  0]LogMemory: Process Physical Memory: 313.68 MB used, 313.68 MB peak
[2016.05.31-19.39.56:564][  0]LogMemory: Process Virtual Memory: 317.35 MB used, 317.35 MB peak
[2016.05.31-19.39.56:564][  0]LogMemory: Physical Memory: 6344.86 MB used, 8094.93 MB total
[2016.05.31-19.39.56:564][  0]LogMemory: Virtual Memory: 622.76 MB used, 8388608.00 MB total
[2016.05.31-19.39.56:616][  0]LogTextLocalizationManager: No specific translations for ('en-US') exist, so ('en') translations will be used.
[2016.05.31-19.39.57:216][  0]LogD3D11RHI: D3D11 adapters:
[2016.05.31-19.39.57:248][  0]LogD3D11RHI:    0. 'NVIDIA GeForce GTX 970' (Feature Level 11_0)
[2016.05.31-19.39.57:248][  0]LogD3D11RHI:       4007MB of dedicated video memory, 0MB of dedicated system memory, and 3791MB of shared system memory, 1 output[s]
[2016.05.31-19.39.57:248][  0]LogD3D11RHI: Chosen D3D11 Adapter: 0
[2016.05.31-19.39.57:257][  0]LogD3D11RHI: Creating new Direct3DDevice
[2016.05.31-19.39.57:258][  0]LogD3D11RHI:     Adapter Name: NVIDIA GeForce GTX 970
[2016.05.31-19.39.57:258][  0]LogD3D11RHI:   Driver Version: 10.18.13.6175 (internal 10.18.13.6175)
[2016.05.31-19.39.57:258][  0]LogD3D11RHI:      Driver Date: 1-22-2016
[2016.05.31-19.39.57:258][  0]LogRHI: Texture pool is 1361 MB (70% of 1945 MB)
[2016.05.31-19.39.57:271][  0]LogD3D11RHI: Async texture creation enabled
[2016.05.31-19.39.57:755][  0]LogShaderCompilers: Guid format shader working directory is -19 characters bigger than the processId version (../../../../../../Users/My/Desktop/HTCViveTemplate-UE4-master/Intermediate/Shaders/WorkingDirectory/11996/).
[2016.05.31-19.39.57:756][  0]LogShaderCompilers: Cleaned the shader compiler working directory 'C:/Users/My/AppData/Local/Temp/UnrealShaderWorkingDir/0F02FD7D4ABEF15979DCB0A2147643B6/'.
[2016.05.31-19.39.57:756][  0]LogShaderCompilers:Display: Using Local Shader Compiler.
[2016.05.31-19.39.59:160][  0]LogTemp:Display: Loaded TP AllDesktopTargetPlatform
[2016.05.31-19.39.59:165][  0]LogTemp:Display: Loaded TP WindowsClientTargetPlatform
[2016.05.31-19.39.59:171][  0]LogTemp:Display: Loaded TP WindowsNoEditorTargetPlatform
[2016.05.31-19.39.59:177][  0]LogTemp:Display: Loaded TP WindowsServerTargetPlatform
[2016.05.31-19.39.59:182][  0]LogTemp:Display: Loaded TP WindowsTargetPlatform
[2016.05.31-19.39.59:187][  0]LogTemp:Display: Loaded TP AndroidTargetPlatform
[2016.05.31-19.39.59:191][  0]LogTemp:Display: Loaded TP Android_ASTCTargetPlatform
[2016.05.31-19.39.59:195][  0]LogTemp:Display: Loaded TP Android_ATCTargetPlatform
[2016.05.31-19.39.59:200][  0]LogTemp:Display: Loaded TP Android_DXTTargetPlatform
[2016.05.31-19.39.59:204][  0]LogTemp:Display: Loaded TP Android_ETC1TargetPlatform
[2016.05.31-19.39.59:209][  0]LogTemp:Display: Loaded TP Android_ETC2TargetPlatform
[2016.05.31-19.39.59:219][  0]LogTemp:Display: Loaded TP Android_MultiTargetPlatform
[2016.05.31-19.39.59:219][  0]LogTemp:Display: Loaded TP Android_PVRTCTargetPlatform
[2016.05.31-19.39.59:220][  0]LogTemp:Display: Loaded TP HTML5TargetPlatform
[2016.05.31-19.39.59:238][  0]LogTemp:Display: Loaded TP IOSTargetPlatform
[2016.05.31-19.39.59:242][  0]LogTemp:Display: Loaded TP TVOSTargetPlatform
[2016.05.31-19.39.59:247][  0]LogTemp:Display: Loaded TP LinuxNoEditorTargetPlatform
[2016.05.31-19.39.59:251][  0]LogTemp:Display: Loaded TP LinuxServerTargetPlatform
[2016.05.31-19.39.59:256][  0]LogTemp:Display: Loaded TP LinuxTargetPlatform
[2016.05.31-19.39.59:256][  0]LogTargetPlatformManager:Display: Building Assets For Windows
[2016.05.31-19.39.59:337][  0]LogDerivedDataCache:Display: Max Cache Size: 512 MB
[2016.05.31-19.39.59:493][  0]LogDerivedDataCache: Loaded boot cache 0.16s 72MB C:/Users/My/AppData/Local/UnrealEngine/4.11/DerivedDataCache/Boot.ddc.
[2016.05.31-19.39.59:494][  0]LogDerivedDataCache:Display: Loaded Boot cache: C:/Users/My/AppData/Local/UnrealEngine/4.11/DerivedDataCache/Boot.ddc
[2016.05.31-19.39.59:494][  0]LogDerivedDataCache: FDerivedDataBackendGraph:  Pak pak cache file ../../../../../../Users/My/Desktop/HTCViveTemplate-UE4-master/DerivedDataCache/DDC.ddp not found, will not use a pak cache.
[2016.05.31-19.39.59:494][  0]LogDerivedDataCache: Unable to find inner node Pak for hierarchical cache Hierarchy.
[2016.05.31-19.39.59:494][  0]LogDerivedDataCache: FDerivedDataBackendGraph:  CompressedPak pak cache file ../../../../../../Users/My/Desktop/HTCViveTemplate-UE4-master/DerivedDataCache/Compressed.ddp not found, will not use a pak cache.
[2016.05.31-19.39.59:494][  0]LogDerivedDataCache: Unable to find inner node CompressedPak for hierarchical cache Hierarchy.
[2016.05.31-19.39.59:516][  0]LogDerivedDataCache:Display: Pak cache opened for reading ../../../Engine/DerivedDataCache/Compressed.ddp.
[2016.05.31-19.39.59:528][  0]LogDerivedDataCache: Using Local data cache path C:/Users/My/AppData/Local/UnrealEngine/Common/DerivedDataCache: Writable
[2016.05.31-19.39.59:779][  0]LogInit: Selected Device Profile: [Windows]
[2016.05.31-19.39.59:780][  0]LogContentStreaming: Texture pool size is 0.00 MB
[2016.05.31-19.39.59:816][  0]LogMaterial: Uniform references updated for custom material expression Custom.
[2016.05.31-19.40.00:001][  0]LogMeshUtilities: No automatic mesh reduction module available
[2016.05.31-19.40.00:001][  0]LogMeshUtilities: No automatic mesh merging module available
[2016.05.31-19.40.00:001][  0]LogMeshUtilities: No distributed automatic mesh merging module available
[2016.05.31-19.40.00:416][  0]LogUObjectArray: 27679 objects as part of root set at end of initial load.
[2016.05.31-19.40.00:416][  0]LogUObjectAllocator: 5591592 out of 0 bytes used by permanent object pool.
[2016.05.31-19.40.00:416][  0]LogUObjectArray: CloseDisregardForGC: 0/0 objects in disregard for GC pool
[2016.05.31-19.40.00:422][  0]LogInit: WinSock: version 1.1 (2.2), MaxSocks=32767, MaxUdp=65467
[2016.05.31-19.40.00:526][  0]LogSlate: SlateFontCache - WITH_FREETYPE: 1, WITH_HARFBUZZ: 1
[2016.05.31-19.40.00:526][  0]LogSlate: SlateFontCache - WITH_FREETYPE: 1, WITH_HARFBUZZ: 1
[2016.05.31-19.40.00:639][  0]LogStreaming:Warning: Failed to read file '../../../Engine/Content/Editor/Slate/Common/Selection_16x.png' error.
[2016.05.31-19.40.00:639][  0]LogSlate: Could not find file for Slate resource: ../../../Engine/Content/Editor/Slate/Common/Selection_16x.png
[2016.05.31-19.40.00:639][  0]LogStreaming:Warning: Failed to read file '../../../Engine/Content/Editor/Slate/Common/Selection_16x.png' error.
[2016.05.31-19.40.00:639][  0]LogSlate: Could not find file for Slate resource: ../../../Engine/Content/Editor/Slate/Common/Selection_16x.png
[2016.05.31-19.40.00:639][  0]LogStreaming:Warning: Failed to read file '../../../Engine/Content/Editor/Slate/Common/Selection_16x.png' error.
[2016.05.31-19.40.00:639][  0]LogSlate: Could not find file for Slate resource: ../../../Engine/Content/Editor/Slate/Common/Selection_16x.png
[2016.05.31-19.40.01:337][  0]LogUdpMessaging: Initializing bridge on interface 0.0.0.0:0 to multicast group 230.0.0.1:6666.
[2016.05.31-19.40.01:441][  0]LogAssetRegistry: FAssetRegistry took 0.0205 seconds to start up
[2016.05.31-19.40.01:651][  0]SourceControl: Info Source control is disabled
[2016.05.31-19.40.01:774][  0]SourceControl: Info Source control is disabled
[2016.05.31-19.40.01:785][  0]SourceControl: Info Source control is disabled
[2016.05.31-19.40.01:795][  0]SourceControl: Info Source control is disabled
[2016.05.31-19.40.02:013][  0]LogEngine: Initializing Engine...
[2016.05.31-19.40.02:014][  0]LogHMD: SteamVR initialized.  Driver: lighthouse  Display: LHR-9B2D22F0
[2016.05.31-19.40.02:226][  0]LogAIModule: Creating AISystem for world NewWorld
[2016.05.31-19.40.02:251][  0]LogInit: XAudio2 using 'Speakers (9- Logitech G930 Gaming Headset)' : 2 channels at 44.1 kHz using 16 bits per sample (channel mask 0x3)
[2016.05.31-19.40.02:275][  0]LogInit: FAudioDevice initialized.
[2016.05.31-19.40.02:383][  0]LogDerivedDataCache: Saved boot cache 0.11s 72MB C:/Users/My/AppData/Local/UnrealEngine/4.11/DerivedDataCache/Boot.ddc.
[2016.05.31-19.40.02:409][  0]LogInit: Texture streaming: Enabled
[2016.05.31-19.40.02:439][  0]LogInit: Transaction tracking system initialized
[2016.05.31-19.40.02:464][  0]BlueprintLog: New page: Editor Load
[2016.05.31-19.40.02:544][  0]LocalizationService: Info Localization service is disabled
[2016.05.31-19.40.02:625][  0]LogConsoleResponse:Display: 
[2016.05.31-19.40.02:753][  0]LogCook:Display: Max memory allowance for cook 8192mb
[2016.05.31-19.40.02:753][  0]LogCook:Display: Mobile HDR setting 1
[2016.05.31-19.40.02:753][  0]LogCook:Display: Done creating registry. It took  0.00s.
[2016.05.31-19.40.02:806][  0]LogFileCache: Scanning file cache for directory 'C:/Users/My/Desktop/HTCViveTemplate-UE4-master/Content/' took 0.01s
[2016.05.31-19.40.02:806][  0]SourceControl: Info Source control is disabled
[2016.05.31-19.40.02:806][  0]Cmd: MAP LOAD FILE="../../../../../../Users/My/Desktop/HTCViveTemplate-UE4-master/Content/Maps/VR_Basic.umap" TEMPLATE=0 SHOWPROGRESS=1 FEATURELEVEL=3
[2016.05.31-19.40.02:807][  0]LightingResults: New page: Lighting Build
[2016.05.31-19.40.02:810][  0]MapCheck: New page: Map Check
[2016.05.31-19.40.02:810][  0]LightingResults: New page: Lighting Build
[2016.05.31-19.40.03:185][  0]LogAIModule: Creating AISystem for world VR_Basic
[2016.05.31-19.40.03:191][  0]LogEditorServer: Finished looking for orphan Actors (0.000 secs)
[2016.05.31-19.40.03:192][  0]Cmd: MAP CHECKDEP NOCLEARLOG
[2016.05.31-19.40.03:243][  0]MapCheck: Info Map check complete: 0 Error(s), 0 Warning(s), took 51.025ms to complete.
[2016.05.31-19.40.03:243][  0]LogFileHelpers: Loading map 'VR_Basic' took 0.437
[2016.05.31-19.40.03:337][  0]LogCollectionManager: Loaded 0 collections in 0.002228 seconds
[2016.05.31-19.40.03:379][  0]LogFileCache: Scanning file cache for directory 'C:/Users/My/Desktop/HTCViveTemplate-UE4-master/Saved/Collections/' took 0.01s
[2016.05.31-19.40.03:379][  0]LogFileCache: Scanning file cache for directory 'C:/Users/My/Desktop/HTCViveTemplate-UE4-master/Content/Developers/My/Collections/' took 0.01s
[2016.05.31-19.40.03:379][  0]LogFileCache: Scanning file cache for directory 'C:/Users/My/Desktop/HTCViveTemplate-UE4-master/Content/Collections/' took 0.01s
[2016.05.31-19.40.03:379][  0]LogCollectionManager: Rebuilt the GUID cache for 0 collections in 0.000003 seconds
[2016.05.31-19.40.03:391][  0]LogContentBrowser: Native class hierarchy populated in 0.0109 seconds. Added 1978 classes and 340 folders.
[2016.05.31-19.40.03:395][  0]LogStats: UGameplayTagsManager::ConstructGameplayTagTree: Construct from data asset -  0.000 s
[2016.05.31-19.40.03:395][  0]LogStats: UGameplayTagsManager::ConstructGameplayTagTree: GameplayTagTreeChangedEvent.Broadcast -  0.000 s
[2016.05.31-19.40.03:395][  0]LogContentBrowser: Native class hierarchy updated for 'GameplayTags' in 0.0005 seconds. Added 12 classes and 0 folders.
[2016.05.31-19.40.03:401][  0]LogContentBrowser: Native class hierarchy updated for 'WidgetCarousel' in 0.0004 seconds. Added 0 classes and 0 folders.
[2016.05.31-19.40.03:408][  0]LogContentBrowser: Native class hierarchy updated for 'SuperSearch' in 0.0005 seconds. Added 1 classes and 2 folders.
[2016.05.31-19.40.03:469][  0]LogContentBrowser: Native class hierarchy updated for 'AddContentDialog' in 0.0004 seconds. Added 0 classes and 0 folders.
[2016.05.31-19.40.03:556][  0]LogContentBrowser: Native class hierarchy updated for 'SceneOutliner' in 0.0004 seconds. Added 1 classes and 2 folders.
[2016.05.31-19.40.03:594][  0]LogCrashTracker: Crashtracker disabled due to settings.
[2016.05.31-19.40.03:601][  0]LogUObjectGlobals:Warning: Failed to find object 'Class None.'
[2016.05.31-19.40.03:625][  0]LogContentBrowser: Native class hierarchy updated for 'HierarchicalLODOutliner' in 0.0004 seconds. Added 1 classes and 2 folders.
[2016.05.31-19.40.03:626][  0]LogLoad: Full Startup: 8.14 seconds (BP compile: 0.05 seconds)
[2016.05.31-19.40.03:626][  0]LogExternalProfiler: Found external profiler: VSPerf
[2016.05.31-19.40.03:626][  0]LogExternalProfiler: Using external profiler: VSPerf
[2016.05.31-19.40.03:635][  0]LogOcInput: OculusInput pre-init called
[2016.05.31-19.40.03:677][  0]LogContentStreaming: Texture pool size now 1000 MB
[2016.05.31-19.40.03:854][  0]LogRenderer: Reallocating scene render targets to support 1580x1140 (Frame:2).
[2016.05.31-19.40.03:974][  1]LogAssetRegistry: Asset discovery search completed in 2.5544 seconds
[2016.05.31-19.40.03:975][  1]LogCollectionManager: Rebuilt the object cache for 0 collections in 0.000001 seconds (found 0 objects)
[2016.05.31-19.40.03:975][  1]LogCollectionManager: Fixed up redirectors for 0 collections in 0.000029 seconds (updated 0 objects)
[2016.05.31-19.40.07:560][400]LogEditorViewport: Clicking on Actor (LMB): PlayerStart (Player Start)
[2016.05.31-19.40.18:381][577]LogContentBrowser: Native class hierarchy updated for 'BlueprintGraph' in 0.0013 seconds. Added 108 classes and 0 folders.
[2016.05.31-19.40.39:645][828]LogBlueprint:Warning: Reparenting blueprint Blueprint /Game/PlayerCharacter/Blueprints/VR_Character/VR_PlayerCharacter.VR_PlayerCharacter from Character to DefaultPawn...
[2016.05.31-19.40.39:655][828]LogActorComponent: UnregisterComponent: (/Engine/Transient.CharMoveComp) Not registered. Aborting.
[2016.05.31-19.40.39:658][828]BlueprintLog: New page: Compile VR_PlayerCharacter
[2016.05.31-19.40.39:666][828]LogBlueprint:Warning: USimpleConstructionScript::FixupRootNodeParentReferences() - Couldn't find native parent component 'CollisionCylinder' for 'L_MotionController' in BlueprintGeneratedClass 'VR_PlayerCharacter_C' (it may have been removed)
[2016.05.31-19.40.39:666][828]LogBlueprint:Warning: USimpleConstructionScript::FixupRootNodeParentReferences() - Couldn't find native parent component 'CollisionCylinder' for 'R_MotionController' in BlueprintGeneratedClass 'VR_PlayerCharacter_C' (it may have been removed)
[2016.05.31-19.40.39:739][828]LogProperty:Warning: Serialized BlueprintGeneratedClass /Game/PlayerCharacter/Blueprints/VR_Character/VR_PlayerCharacter.VR_PlayerCharacter_C for a property of Class /Script/Engine.Character. Reference will be NULLed.
    Property = ObjectProperty /Script/Engine.CharacterMovementComponent:CharacterOwner
    Item = VR_PlayerCharacter_C /Engine/Transient.World_2:PersistentLevel.VR_PlayerCharacter_C_0
[2016.05.31-19.40.39:869][828]BlueprintEditorCompileResults: Info [0044.38] Compile of VR_PlayerCharacter successful! [in 210 ms]
[2016.05.31-19.40.44:851][194]BlueprintLog: New page: Compile VR_PlayerCharacter
[2016.05.31-19.40.44:862][194]LogActorComponent: UnregisterComponent: (/Engine/Transient.MovementComponent0) Not registered. Aborting.
[2016.05.31-19.40.44:955][194]BlueprintEditorCompileResults: Info [0049.47] Compile of VR_PlayerCharacter successful! [in 104 ms]
[2016.05.31-19.40.47:101][374]LogBlueprintUserMessages: Early PlayInEditor Detection: Level '/Game/Maps/VR_Basic.VR_Basic:PersistentLevel' has LevelScriptBlueprint '/Game/Maps/VR_Basic.VR_Basic:PersistentLevel.VR_Basic' with GeneratedClass '/Game/Maps/VR_Basic.VR_Basic_C' with ClassGeneratedBy '/Game/Maps/VR_Basic.VR_Basic:PersistentLevel.VR_Basic'
[2016.05.31-19.40.47:101][374]LogPlayLevel: PlayLevel: No blueprints needed recompiling
[2016.05.31-19.40.47:102][374]PIE: New page: PIE session: VR_Basic (May 31, 2016, 8:40:47 AM)
[2016.05.31-19.40.47:103][374]LogPlayLevel: Creating play world package: /Game/Maps/UEDPIE_0_VR_Basic
[2016.05.31-19.40.47:108][374]LogPlayLevel: PIE: StaticDuplicateObject took: (0.005410s)
[2016.05.31-19.40.47:109][374]LogAIModule: Creating AISystem for world VR_Basic
[2016.05.31-19.40.47:109][374]LogPlayLevel: PIE: World Init took: (0.001310s)
[2016.05.31-19.40.47:110][374]LogPlayLevel: PIE: Created PIE world by copying editor world from /Game/Maps/VR_Basic.VR_Basic to /Game/Maps/UEDPIE_0_VR_Basic.VR_Basic (0.007149s)
[2016.05.31-19.40.47:110][374]LogActorComponent: UnregisterComponent: (/Engine/Transient.MovementComponent0) Not registered. Aborting.
[2016.05.31-19.40.47:162][374]LogInit: XAudio2 using 'Speakers (9- Logitech G930 Gaming Headset)' : 2 channels at 44.1 kHz using 16 bits per sample (channel mask 0x3)
[2016.05.31-19.40.47:183][374]LogInit: FAudioDevice initialized.
[2016.05.31-19.40.47:308][374]LogLinker:Warning: Can't find file '/Game/PlayerCharacter/Blueprints/VR_Character/VR_PlayerController'
[2016.05.31-19.40.47:326][374]LogLinker:Warning: Can't find file for asset '/Game/PlayerCharacter/Blueprints/VR_Character/VR_PlayerController' while loading ../../../../../../Users/My/Desktop/HTCViveTemplate-UE4-master/Content/PlayerCharacter/Blueprints/VR_GameMode.uasset.
[2016.05.31-19.40.47:353][374]LoadErrors:Error: Error /Game/PlayerCharacter/Blueprints/VR_GameMode : Can't find file for asset. /Game/PlayerCharacter/Blueprints/VR_Character/VR_PlayerController
[2016.05.31-19.40.47:355][374]LogLinker:Warning: Can't find file '/Game/PlayerCharacter/Blueprints/VR_Character/VR_PlayerController'
[2016.05.31-19.40.47:355][374]LogLinker:Warning: Can't find file for asset '/Game/PlayerCharacter/Blueprints/VR_Character/VR_PlayerController' while loading ../../../../../../Users/My/Desktop/HTCViveTemplate-UE4-master/Content/PlayerCharacter/Blueprints/VR_GameMode.uasset.
[2016.05.31-19.40.47:371][374]LogLinker:Warning: Can't find file '/Game/PlayerCharacter/Blueprints/VR_Character/VR_PlayerController'
[2016.05.31-19.40.47:371][374]LogLinker:Warning: Can't find file for asset '/Game/PlayerCharacter/Blueprints/VR_Character/VR_PlayerController' while loading NULL.
[2016.05.31-19.40.47:372][374]LogLinker:Warning: Can't find file '/Game/PlayerCharacter/Blueprints/VR_Character/VR_PlayerController'
[2016.05.31-19.40.47:372][374]LogLinker:Warning: Can't find file for asset '/Game/PlayerCharacter/Blueprints/VR_Character/VR_PlayerController' while loading NULL.
[2016.05.31-19.40.47:372][374]LogLinker:Warning: Can't find file '/Game/PlayerCharacter/Blueprints/VR_Character/VR_PlayerController'
[2016.05.31-19.40.47:372][374]LoadErrors: Info Failed to load /Game/PlayerCharacter/Blueprints/VR_Character/VR_PlayerController.VR_PlayerController_C Referenced by Default__VR_GameMode_C
[2016.05.31-19.40.47:373][374]LogLinker:Warning: Can't find file for asset '/Game/PlayerCharacter/Blueprints/VR_Character/VR_PlayerController' while loading NULL.
[2016.05.31-19.40.47:384][374]LogWorld: Game class is 'VR_GameMode_C'
[2016.05.31-19.40.47:388][374]LogWorld: Bringing World /Game/Maps/UEDPIE_0_VR_Basic.VR_Basic up for play (max tick rate 0) at 2016.05.31-14.40.47
[2016.05.31-19.40.47:389][374]LogWorld: Bringing up level for play took: 0.002301
[2016.05.31-19.40.47:389][374]LogSpawn:Warning: SpawnActor failed because no class was specified
[2016.05.31-19.40.47:389][374]LogGameMode: Couldn't spawn player controller of class NULL
[2016.05.31-19.40.47:389][374]LogSpawn:Warning: Login failed: Failed to spawn player controller
[2016.05.31-19.40.52:385][374]LogBlueprintUserMessages: Early EndPlayMap Detection: Level '/Game/Maps/VR_Basic.VR_Basic:PersistentLevel' has LevelScriptBlueprint '/Game/Maps/VR_Basic.VR_Basic:PersistentLevel.VR_Basic' with GeneratedClass '/Game/Maps/VR_Basic.VR_Basic_C' with ClassGeneratedBy '/Game/Maps/VR_Basic.VR_Basic:PersistentLevel.VR_Basic'
[2016.05.31-19.40.52:496][374]LogBlueprintUserMessages: Late EndPlayMap Detection: Level '/Game/Maps/VR_Basic.VR_Basic:PersistentLevel' has LevelScriptBlueprint '/Game/Maps/VR_Basic.VR_Basic:PersistentLevel.VR_Basic' with GeneratedClass '/Game/Maps/VR_Basic.VR_Basic_C' with ClassGeneratedBy '/Game/Maps/VR_Basic.VR_Basic:PersistentLevel.VR_Basic'
[2016.05.31-19.40.59:837][ 44]LogSlate:Warning: Prevented a slow task dialog from being summoned while a context menu was open
[2016.05.31-19.41.03:983][359]LogBlueprintUserMessages: Early PlayInEditor Detection: Level '/Game/Maps/VR_Basic.VR_Basic:PersistentLevel' has LevelScriptBlueprint '/Game/Maps/VR_Basic.VR_Basic:PersistentLevel.VR_Basic' with GeneratedClass '/Game/Maps/VR_Basic.VR_Basic_C' with ClassGeneratedBy '/Game/Maps/VR_Basic.VR_Basic:PersistentLevel.VR_Basic'
[2016.05.31-19.41.03:983][359]BlueprintLog: New page: Pre-Play auto-recompile
[2016.05.31-19.41.03:984][359]LogPlayLevel: [PlayLevel] Compiling VR_GameMode before play...
[2016.05.31-19.41.03:993][359]LogActorComponent: UnregisterComponent: (/Engine/Transient.MovementComponent0) Not registered. Aborting.
[2016.05.31-19.41.04:051][359]LogPlayLevel: PlayLevel: Blueprint regeneration took 68 ms (1 blueprints)
[2016.05.31-19.41.04:078][359]PIE: New page: PIE session: VR_Basic (May 31, 2016, 8:41:04 AM)
[2016.05.31-19.41.04:078][359]LogPlayLevel: Creating play world package: /Game/Maps/UEDPIE_0_VR_Basic
[2016.05.31-19.41.04:083][359]LogPlayLevel: PIE: StaticDuplicateObject took: (0.004704s)
[2016.05.31-19.41.04:085][359]LogAIModule: Creating AISystem for world VR_Basic
[2016.05.31-19.41.04:086][359]LogPlayLevel: PIE: World Init took: (0.002372s)
[2016.05.31-19.41.04:086][359]LogPlayLevel: PIE: Created PIE world by copying editor world from /Game/Maps/VR_Basic.VR_Basic to /Game/Maps/UEDPIE_0_VR_Basic.VR_Basic (0.007562s)
[2016.05.31-19.41.04:137][359]LogInit: XAudio2 using 'Speakers (9- Logitech G930 Gaming Headset)' : 2 channels at 44.1 kHz using 16 bits per sample (channel mask 0x3)
[2016.05.31-19.41.04:155][359]LogInit: FAudioDevice initialized.
[2016.05.31-19.41.04:261][359]LogWorld: Game class is 'VR_GameMode_C'
[2016.05.31-19.41.04:265][359]LogWorld: Bringing World /Game/Maps/UEDPIE_0_VR_Basic.VR_Basic up for play (max tick rate 0) at 2016.05.31-14.41.04
[2016.05.31-19.41.04:265][359]LogWorld: Bringing up level for play took: 0.002754
[2016.05.31-19.41.04:270][359]LogContentBrowser: Native class hierarchy updated for 'MovieSceneCapture' in 0.0006 seconds. Added 9 classes and 0 folders.
[2016.05.31-19.41.04:272][359]Cmd: FULL SCREEN
[2016.05.31-19.41.04:272][359]Command not recognized: FULL SCREEN
[2016.05.31-19.41.04:272][359]Cmd: Stereo On
[2016.05.31-19.41.04:308][359]LogRenderer: Reallocating scene render targets to support 3024x1680 (Frame:3643).
[2016.05.31-19.41.04:309][359]PIE: Info Play in editor start time for /Game/Maps/UEDPIE_0_VR_Basic 1.282
[2016.05.31-19.41.04:309][359]LogBlueprintUserMessages: Late PlayInEditor Detection: Level '/Game/Maps/VR_Basic.VR_Basic:PersistentLevel' has LevelScriptBlueprint '/Game/Maps/VR_Basic.VR_Basic:PersistentLevel.VR_Basic' with GeneratedClass '/Game/Maps/VR_Basic.VR_Basic_C' with ClassGeneratedBy '/Game/Maps/VR_Basic.VR_Basic:PersistentLevel.VR_Basic'
[2016.05.31-19.41.04:332][361]LogRenderTargetPool:Warning: r.RenderTargetPoolMin exceeded 664/400 MB (ok in editor, bad on fixed memory platform)
[2016.05.31-19.41.05:826][426]LogBlueprintUserMessages: [VR_PlayerCharacter_C_10] Pressed
[2016.05.31-19.41.06:116][439]LogBlueprintUserMessages: [VR_PlayerCharacter_C_10] Pressed
[2016.05.31-19.41.06:340][449]LogBlueprintUserMessages: [VR_PlayerCharacter_C_10] Pressed
[2016.05.31-19.41.06:540][458]LogBlueprintUserMessages: [VR_PlayerCharacter_C_10] Pressed
[2016.05.31-19.41.06:763][468]LogBlueprintUserMessages: [VR_PlayerCharacter_C_10] Pressed
[2016.05.31-19.41.06:965][477]LogBlueprintUserMessages: [VR_PlayerCharacter_C_10] Pressed
[2016.05.31-19.41.07:189][487]LogBlueprintUserMessages: Early EndPlayMap Detection: Level '/Game/Maps/VR_Basic.VR_Basic:PersistentLevel' has LevelScriptBlueprint '/Game/Maps/VR_Basic.VR_Basic:PersistentLevel.VR_Basic' with GeneratedClass '/Game/Maps/VR_Basic.VR_Basic_C' with ClassGeneratedBy '/Game/Maps/VR_Basic.VR_Basic:PersistentLevel.VR_Basic'
[2016.05.31-19.41.07:341][487]LogBlueprintUserMessages: Late EndPlayMap Detection: Level '/Game/Maps/VR_Basic.VR_Basic:PersistentLevel' has LevelScriptBlueprint '/Game/Maps/VR_Basic.VR_Basic:PersistentLevel.VR_Basic' with GeneratedClass '/Game/Maps/VR_Basic.VR_Basic_C' with ClassGeneratedBy '/Game/Maps/VR_Basic.VR_Basic:PersistentLevel.VR_Basic'
[2016.05.31-19.41.11:383][930]LogRenderTargetPool:Warning: r.RenderTargetPoolMin exceeded 780/400 MB (ok in editor, bad on fixed memory platform)
[2016.05.31-19.41.16:048][345]LogRenderTargetPool:Warning: r.RenderTargetPoolMin exceeded 417/400 MB (ok in editor, bad on fixed memory platform)
[2016.05.31-19.41.18:370][497]LogRenderTargetPool:Warning: r.RenderTargetPoolMin exceeded 780/400 MB (ok in editor, bad on fixed memory platform)
[2016.05.31-19.41.22:997][712]LogRenderTargetPool:Warning: r.RenderTargetPoolMin exceeded 780/400 MB (ok in editor, bad on fixed memory platform)
[2016.05.31-19.41.31:070][148]LogSavePackage: Save=38.67ms
[2016.05.31-19.41.31:070][148]LogSavePackage: Moving '../../../../../../Users/My/Desktop/HTCViveTemplate-UE4-master/Saved/VR_PlayerCharacterE9601BB1418FEEFF384F2BA876C317B2.tmp' to '../../../../../../Users/My/Desktop/HTCViveTemplate-UE4-master/Content/PlayerCharacter/Blueprints/VR_Character/VR_PlayerCharacter.uasset'
[2016.05.31-19.41.31:075][148]LogSavePackage: Total save time: 46.12ms
[2016.05.31-19.41.31:075][148]LogSavePackage:Display: Finished SavePackage ../../../../../../Users/My/Desktop/HTCViveTemplate-UE4-master/Content/PlayerCharacter/Blueprints/VR_Character/VR_PlayerCharacter.uasset
[2016.05.31-19.41.31:097][149]LogRenderTargetPool:Warning: r.RenderTargetPoolMin exceeded 800/400 MB (ok in editor, bad on fixed memory platform)
[2016.05.31-19.41.32:923][272]LogRenderTargetPool:Warning: r.RenderTargetPoolMin exceeded 780/400 MB (ok in editor, bad on fixed memory platform)
[2016.05.31-19.41.35:448][541]LogUProjectInfo: Found projects:
[2016.05.31-19.41.35:469][542]LogRenderTargetPool:Warning: r.RenderTargetPoolMin exceeded 780/400 MB (ok in editor, bad on fixed memory platform)
[2016.05.31-19.41.36:390][628]LogRenderTargetPool:Warning: r.RenderTargetPoolMin exceeded 780/400 MB (ok in editor, bad on fixed memory platform)
[2016.05.31-19.41.37:423][741]Cmd: CLOSE_SLATE_MAINFRAME
[2016.05.31-19.41.37:423][741]LogActorComponent: UnregisterComponent: (/Engine/Transient.MovementComponent0) Not registered. Aborting.
[2016.05.31-19.41.37:447][741]LogRenderTargetPool:Warning: r.RenderTargetPoolMin exceeded 780/400 MB (ok in editor, bad on fixed memory platform)
[2016.05.31-19.41.39:875][741]LogSavePackage: Save=20.54ms
[2016.05.31-19.41.39:875][741]LogSavePackage: Moving '../../../../../../Users/My/Desktop/HTCViveTemplate-UE4-master/Saved/VR_GameMode23B87338480697A58118C8B67A5EB993.tmp' to '../../../../../../Users/My/Desktop/HTCViveTemplate-UE4-master/Content/PlayerCharacter/Blueprints/VR_GameMode.uasset'
[2016.05.31-19.41.39:878][741]LogSavePackage: Total save time: 25.93ms
[2016.05.31-19.41.39:878][741]LogSavePackage:Display: Finished SavePackage ../../../../../../Users/My/Desktop/HTCViveTemplate-UE4-master/Content/PlayerCharacter/Blueprints/VR_GameMode.uasset
[2016.05.31-19.41.40:209][742]Cmd: QUIT_EDITOR
[2016.05.31-19.41.40:352][742]LogExit: Preparing to exit.
[2016.05.31-19.41.41:520][742]LogExit: Editor shut down
[2016.05.31-19.41.41:521][742]LogExit: Transaction tracking system shut down
[2016.05.31-19.41.41:765][742]LogObj: Freed 0b from 0 cluster array pools.
[2016.05.31-19.41.41:765][742]LogExit: Object subsystem successfully closed.
[2016.05.31-19.41.41:790][742]LogD3D11RHI: Shutdown
[2016.05.31-19.41.41:790][742]LogD3D11RHI: CleanupD3DDevice
[2016.05.31-19.41.41:794][742]LogD3D11RHI: ~FD3D11DynamicRHI
[2016.05.31-19.41.42:025][742]LogDerivedDataCache: Shutdown
[2016.05.31-19.41.42:026][742]LogModuleManager: Shutting down and abandoning module MovieSceneCapture (205)
[2016.05.31-19.41.42:026][742]LogModuleManager: Shutting down and abandoning module BlueprintGraph (204)
[2016.05.31-19.41.42:026][742]LogModuleManager: Shutting down and abandoning module HierarchicalLODOutliner (203)
[2016.05.31-19.41.42:026][742]LogModuleManager: Shutting down and abandoning module CrashTracker (202)
[2016.05.31-19.41.42:026][742]LogModuleManager: Shutting down and abandoning module SceneOutliner (201)
[2016.05.31-19.41.42:026][742]LogModuleManager: Shutting down and abandoning module SuperSearch (200)
[2016.05.31-19.41.42:026][742]LogModuleManager: Shutting down and abandoning module WidgetCarousel (199)
[2016.05.31-19.41.42:026][742]LogModuleManager: Shutting down and abandoning module AddContentDialog (198)
[2016.05.31-19.41.42:028][742]LogModuleManager: Shutting down and abandoning module GameplayTags (197)
[2016.05.31-19.41.42:028][742]LogModuleManager: Shutting down and abandoning module EditorWidgets (196)
[2016.05.31-19.41.42:028][742]LogModuleManager: Shutting down and abandoning module CollectionManager (195)
[2016.05.31-19.41.42:028][742]LogModuleManager: Shutting down and abandoning module StatsViewer (194)
[2016.05.31-19.41.42:028][742]LogModuleManager: Shutting down and abandoning module FoliageEdit (193)
[2016.05.31-19.41.42:028][742]LogModuleManager: Shutting down and abandoning module LandscapeEditor (192)
[2016.05.31-19.41.42:028][742]LogModuleManager: Shutting down and abandoning module ActorPickerMode (191)
[2016.05.31-19.41.42:028][742]LogModuleManager: Shutting down and abandoning module GeometryMode (190)
[2016.05.31-19.41.42:028][742]LogModuleManager: Shutting down and abandoning module TextureAlignMode (189)
[2016.05.31-19.41.42:028][742]LogModuleManager: Shutting down and abandoning module BspMode (188)
[2016.05.31-19.41.42:029][742]LogModuleManager: Shutting down and abandoning module PlacementMode (187)
[2016.05.31-19.41.42:029][742]LogModuleManager: Shutting down and abandoning module AutomationWorker (186)
[2016.05.31-19.41.42:029][742]LogModuleManager: Shutting down and abandoning module CharacterAI (185)
[2016.05.31-19.41.42:029][742]LogModuleManager: Shutting down and abandoning module SmartSnapping (184)
[2016.05.31-19.41.42:029][742]LogModuleManager: Shutting down and abandoning module ViewportSnapping (183)
[2016.05.31-19.41.42:029][742]LogModuleManager: Shutting down and abandoning module LogVisualizer (182)
[2016.05.31-19.41.42:029][742]LogModuleManager: Shutting down and abandoning module GameProjectGeneration (181)
[2016.05.31-19.41.42:029][742]LogModuleManager: Shutting down and abandoning module IntroTutorials (180)
[2016.05.31-19.41.42:029][742]LogModuleManager: Shutting down and abandoning module EditorLiveStreaming (179)
[2016.05.31-19.41.42:029][742]LogModuleManager: Shutting down and abandoning module IOSPlatformEditor (178)
[2016.05.31-19.41.42:029][742]LogModuleManager: Shutting down and abandoning module HTML5PlatformEditor (177)
[2016.05.31-19.41.42:029][742]LogModuleManager: Shutting down and abandoning module AndroidDeviceDetection (176)
[2016.05.31-19.41.42:586][742]LogModuleManager: Shutting down and abandoning module AndroidPlatformEditor (175)
[2016.05.31-19.41.42:586][742]LogModuleManager: Shutting down and abandoning module IOSRuntimeSettings (174)
[2016.05.31-19.41.42:586][742]LogModuleManager: Shutting down and abandoning module AndroidRuntimeSettings (173)
[2016.05.31-19.41.42:587][742]LogModuleManager: Shutting down and abandoning module MergeActors (172)
[2016.05.31-19.41.42:587][742]LogModuleManager: Shutting down and abandoning module SizeMap (171)
[2016.05.31-19.41.42:587][742]LogModuleManager: Shutting down and abandoning module TreeMap (170)
[2016.05.31-19.41.42:587][742]LogModuleManager: Shutting down and abandoning module ReferenceViewer (169)
[2016.05.31-19.41.42:587][742]LogModuleManager: Shutting down and abandoning module LocalizationService (168)
[2016.05.31-19.41.42:587][742]LogModuleManager: Shutting down and abandoning module LocalizationDashboard (167)
[2016.05.31-19.41.42:587][742]LogModuleManager: Shutting down and abandoning module HardwareTargeting (166)
[2016.05.31-19.41.42:587][742]LogModuleManager: Shutting down and abandoning module DeviceProfileEditor (165)
[2016.05.31-19.41.42:587][742]LogModuleManager: Shutting down and abandoning module UndoHistory (164)
[2016.05.31-19.41.42:587][742]LogModuleManager: Shutting down and abandoning module UserFeedback (163)
[2016.05.31-19.41.42:587][742]LogModuleManager: Shutting down and abandoning module XmlParser (162)
[2016.05.31-19.41.42:587][742]LogModuleManager: Shutting down and abandoning module Blutility (161)
[2016.05.31-19.41.42:587][742]LogModuleManager: Shutting down and abandoning module ProjectTargetPlatformEditor (160)
[2016.05.31-19.41.42:587][742]LogModuleManager: Shutting down and abandoning module ProjectSettingsViewer (159)
[2016.05.31-19.41.42:587][742]LogModuleManager: Shutting down and abandoning module InputBindingEditor (158)
[2016.05.31-19.41.42:588][742]LogModuleManager: Shutting down and abandoning module EditorSettingsViewer (157)
[2016.05.31-19.41.42:588][742]LogModuleManager: Shutting down and abandoning module SettingsEditor (156)
[2016.05.31-19.41.42:588][742]LogModuleManager: Shutting down and abandoning module ProjectLauncher (155)
[2016.05.31-19.41.42:588][742]LogModuleManager: Shutting down and abandoning module SessionFrontend (154)
[2016.05.31-19.41.42:588][742]LogModuleManager: Shutting down and abandoning module ProfilerClient (153)
[2016.05.31-19.41.42:588][742]LogModuleManager: Shutting down and abandoning module TargetDeviceServices (152)
[2016.05.31-19.41.42:588][742]LogModuleManager: Shutting down and abandoning module DeviceManager (151)
[2016.05.31-19.41.42:618][742]LogModuleManager: Shutting down and abandoning module AutomationController (150)
[2016.05.31-19.41.42:618][742]LogModuleManager: Shutting down and abandoning module AutomationWindow (149)
[2016.05.31-19.41.42:618][742]LogModuleManager: Shutting down and abandoning module Layers (148)
[2016.05.31-19.41.42:618][742]LogModuleManager: Shutting down and abandoning module ComponentVisualizers (147)
[2016.05.31-19.41.42:618][742]LogModuleManager: Shutting down and abandoning module DetailCustomizations (146)
[2016.05.31-19.41.42:618][742]LogModuleManager: Shutting down and abandoning module PackagesDialog (145)
[2016.05.31-19.41.42:618][742]LogModuleManager: Shutting down and abandoning module Persona (144)
[2016.05.31-19.41.42:618][742]LogModuleManager: Shutting down and abandoning module Kismet (143)
[2016.05.31-19.41.42:618][742]LogModuleManager: Shutting down and abandoning module GraphEditor (142)
[2016.05.31-19.41.42:618][742]LogModuleManager: Shutting down and abandoning module ClassViewer (141)
[2016.05.31-19.41.42:620][742]LogModuleManager: Shutting down and abandoning module Toolbox (140)
[2016.05.31-19.41.42:620][742]LogModuleManager: Shutting down and abandoning module ModuleUI (139)
[2016.05.31-19.41.42:620][742]LogModuleManager: Shutting down and abandoning module MovieSceneTools (138)
[2016.05.31-19.41.42:620][742]LogModuleManager: Shutting down and abandoning module OutputLog (137)
[2016.05.31-19.41.42:620][742]LogModuleManager: Shutting down and abandoning module GammaUI (136)
[2016.05.31-19.41.42:620][742]LogModuleManager: Shutting down and abandoning module Documentation (135)
[2016.05.31-19.41.42:620][742]LogModuleManager: Shutting down and abandoning module StreamingPauseRendering (134)
[2016.05.31-19.41.42:620][742]LogModuleManager: Shutting down and abandoning module AnalyticsET (133)
[2016.05.31-19.41.42:620][742]LogModuleManager: Shutting down and abandoning module Analytics (132)
[2016.05.31-19.41.42:620][742]LogModuleManager: Shutting down and abandoning module PortalServices (131)
[2016.05.31-19.41.42:620][742]LogModuleManager: Shutting down and abandoning module PortalRpc (130)
[2016.05.31-19.41.42:620][742]LogModuleManager: Shutting down and abandoning module MessagingRpc (129)
[2016.05.31-19.41.42:620][742]LogModuleManager: Shutting down and abandoning module AITestSuite (128)
[2016.05.31-19.41.42:620][742]LogModuleManager: Shutting down and abandoning module GameplayDebugger (127)
[2016.05.31-19.41.42:620][742]LogModuleManager: Shutting down and abandoning module AIModule (126)
[2016.05.31-19.41.42:620][742]LogModuleManager: Shutting down and abandoning module ProfilerService (125)
[2016.05.31-19.41.42:737][742]LogModuleManager: Shutting down and abandoning module TaskGraph (124)
[2016.05.31-19.41.42:737][742]LogModuleManager: Shutting down and abandoning module SlateRemote (123)
[2016.05.31-19.41.42:738][742]LogModuleManager: Shutting down and abandoning module SteamVRController (122)
[2016.05.31-19.41.42:738][742]LogModuleManager: Shutting down and abandoning module SteamVR (121)
[2016.05.31-19.41.42:738][742]LogModuleManager: Shutting down and abandoning module ProceduralMeshComponent (120)
[2016.05.31-19.41.42:738][742]LogModuleManager: Shutting down and abandoning module OculusLibrary (119)
[2016.05.31-19.41.42:738][742]LogModuleManager: Shutting down and abandoning module OculusInput (118)
[2016.05.31-19.41.42:738][742]LogModuleManager: Shutting down and abandoning module CustomMeshComponent (117)
[2016.05.31-19.41.42:738][742]LogModuleManager: Shutting down and abandoning module CableComponent (116)
[2016.05.31-19.41.42:738][742]LogModuleManager: Shutting down and abandoning module ArchVisCharacter (115)
[2016.05.31-19.41.42:738][742]LogModuleManager: Shutting down and abandoning module MediaPlayerEditor (114)
[2016.05.31-19.41.42:738][742]LogModuleManager: Shutting down and abandoning module HTML5Networking (113)
[2016.05.31-19.41.42:738][742]LogModuleManager: Shutting down and abandoning module SpeedTreeImporter (112)
[2016.05.31-19.41.42:738][742]LogModuleManager: Shutting down and abandoning module PluginBrowser (111)
[2016.05.31-19.41.42:738][742]LogModuleManager: Shutting down and abandoning module EpicSurvey (110)
[2016.05.31-19.41.42:738][742]LogModuleManager: Shutting down and abandoning module DesktopPlatform (109)
[2016.05.31-19.41.42:738][742]LogModuleManager: Shutting down and abandoning module VisualStudioSourceCodeAccess (108)
[2016.05.31-19.41.42:738][742]LogModuleManager: Shutting down and abandoning module SubversionSourceControl (107)
[2016.05.31-19.41.42:738][742]LogModuleManager: Shutting down and abandoning module PerforceSourceControl (106)
[2016.05.31-19.41.42:738][742]LogModuleManager: Shutting down and abandoning module SourceControl (105)
[2016.05.31-19.41.42:738][742]LogModuleManager: Shutting down and abandoning module GitSourceControl (104)
[2016.05.31-19.41.42:738][742]LogModuleManager: Shutting down and abandoning module LightPropagationVolumeEditor (103)
[2016.05.31-19.41.42:738][742]LogModuleManager: Shutting down and abandoning module PaperTiledImporter (102)
[2016.05.31-19.41.42:738][742]LogModuleManager: Shutting down and abandoning module PaperSpriteSheetImporter (101)
[2016.05.31-19.41.42:738][742]LogModuleManager: Shutting down and abandoning module MeshPaint (100)
[2016.05.31-19.41.42:738][742]LogModuleManager: Shutting down and abandoning module HotReload (99)
[2016.05.31-19.41.42:739][742]LogModuleManager: Shutting down and abandoning module MainFrame (98)
[2016.05.31-19.41.42:739][742]LogModuleManager: Shutting down and abandoning module LevelEditor (97)
[2016.05.31-19.41.42:740][742]LogModuleManager: Shutting down and abandoning module DirectoryWatcher (96)
[2016.05.31-19.41.42:741][742]LogModuleManager: Shutting down and abandoning module AssetRegistry (95)
[2016.05.31-19.41.42:893][742]LogModuleManager: Shutting down and abandoning module ContentBrowser (94)
[2016.05.31-19.41.42:894][742]LogModuleManager: Shutting down and abandoning module Paper2DEditor (93)
[2016.05.31-19.41.42:894][742]LogModuleManager: Shutting down and abandoning module UdpMessaging (92)
[2016.05.31-19.41.42:995][742]LogModuleManager: Shutting down and abandoning module LightPropagationVolumeRuntime (91)
[2016.05.31-19.41.42:995][742]LogModuleManager: Shutting down and abandoning module Paper2D (90)
[2016.05.31-19.41.42:995][742]LogModuleManager: Shutting down and abandoning module WindowsMoviePlayer (89)
[2016.05.31-19.41.42:995][742]LogModuleManager: Shutting down and abandoning module Media (88)
[2016.05.31-19.41.42:995][742]LogModuleManager: Shutting down and abandoning module WmfMedia (87)
[2016.05.31-19.41.42:995][742]LogModuleManager: Shutting down and abandoning module MediaAssets (86)
[2016.05.31-19.41.42:995][742]LogModuleManager: Shutting down and abandoning module GameLiveStreaming (85)
[2016.05.31-19.41.42:995][742]LogModuleManager: Shutting down and abandoning module GameplayTagsEditor (84)
[2016.05.31-19.41.42:995][742]LogModuleManager: Shutting down and abandoning module OnlineBlueprintSupport (83)
[2016.05.31-19.41.42:995][742]LogModuleManager: Shutting down and abandoning module GameplayTasksEditor (82)
[2016.05.31-19.41.42:995][742]LogModuleManager: Shutting down and abandoning module PropertyEditor (81)
[2016.05.31-19.41.42:995][742]LogModuleManager: Shutting down and abandoning module BehaviorTreeEditor (80)
[2016.05.31-19.41.42:995][742]LogModuleManager: Shutting down and abandoning module FunctionalTesting (79)
[2016.05.31-19.41.42:995][742]LogModuleManager: Shutting down and abandoning module CollisionAnalyzer (78)
[2016.05.31-19.41.42:995][742]LogModuleManager: Shutting down and abandoning module WorkspaceMenuStructure (77)
[2016.05.31-19.41.42:995][742]LogModuleManager: Shutting down and abandoning module MessageLog (76)
[2016.05.31-19.41.42:995][742]LogModuleManager: Shutting down and abandoning module Sequencer (75)
[2016.05.31-19.41.42:996][742]LogModuleManager: Shutting down and abandoning module AssetTools (74)
[2016.05.31-19.41.42:996][742]LogModuleManager: Shutting down and abandoning module UMGEditor (73)
[2016.05.31-19.41.42:996][742]LogModuleManager: Shutting down and abandoning module UMG (72)
[2016.05.31-19.41.42:996][742]LogModuleManager: Shutting down and abandoning module SlateReflector (71)
[2016.05.31-19.41.42:996][742]LogModuleManager: Shutting down and abandoning module Slate (70)
[2016.05.31-19.41.42:996][742]LogModuleManager: Shutting down and abandoning module EditorStyle (69)
[2016.05.31-19.41.42:999][742]LogModuleManager: Shutting down and abandoning module SessionServices (68)
[2016.05.31-19.41.42:999][742]LogModuleManager: Shutting down and abandoning module SourceCodeAccess (67)
[2016.05.31-19.41.42:999][742]LogModuleManager: Shutting down and abandoning module HeadMountedDisplay (66)
[2016.05.31-19.41.42:999][742]LogModuleManager: Shutting down and abandoning module XAudio2 (65)
[2016.05.31-19.41.42:999][742]LogModuleManager: Shutting down and abandoning module Networking (63)
[2016.05.31-19.41.42:999][742]LogModuleManager: Shutting down and abandoning module Core (62)
[2016.05.31-19.41.42:999][742]LogModuleManager: Shutting down and abandoning module KismetCompiler (61)
[2016.05.31-19.41.42:999][742]LogModuleManager: Shutting down and abandoning module PhysXFormats (60)
[2016.05.31-19.41.42:999][742]LogModuleManager: Shutting down and abandoning module MeshUtilities (59)
[2016.05.31-19.41.42:999][742]LogModuleManager: Shutting down and abandoning module CookingStats (58)
[2016.05.31-19.41.42:999][742]LogModuleManager: Shutting down and abandoning module DerivedDataCache (57)
[2016.05.31-19.41.42:999][742]LogDerivedDataCache: Shutdown
[2016.05.31-19.41.42:999][742]LogModuleManager: Shutting down and abandoning module ShaderFormatOpenGL (56)
[2016.05.31-19.41.42:999][742]LogModuleManager: Shutting down and abandoning module ShaderFormatD3D (55)
[2016.05.31-19.41.42:999][742]LogModuleManager: Shutting down and abandoning module MetalShaderFormat (54)
[2016.05.31-19.41.42:999][742]LogModuleManager: Shutting down and abandoning module TextureFormatUncompressed (53)
[2016.05.31-19.41.42:999][742]LogModuleManager: Shutting down and abandoning module TextureFormatPVR (52)
[2016.05.31-19.41.42:999][742]LogModuleManager: Shutting down and abandoning module TextureFormatIntelISPCTexComp (51)
[2016.05.31-19.41.42:999][742]LogModuleManager: Shutting down and abandoning module TextureFormatDXT (50)
[2016.05.31-19.41.42:999][742]LogModuleManager: Shutting down and abandoning module ImageWrapper (49)
[2016.05.31-19.41.42:999][742]LogModuleManager: Shutting down and abandoning module TextureFormatASTC (48)
[2016.05.31-19.41.42:999][742]LogModuleManager: Shutting down and abandoning module TextureFormatAndroid (47)
[2016.05.31-19.41.42:999][742]LogModuleManager: Shutting down and abandoning module AudioFormatOpus (46)
[2016.05.31-19.41.42:999][742]LogModuleManager: Shutting down and abandoning module AudioFormatOgg (45)
[2016.05.31-19.41.42:999][742]LogModuleManager: Shutting down and abandoning module AudioFormatADPCM (44)
[2016.05.31-19.41.42:999][742]LogModuleManager: Shutting down and abandoning module LinuxTargetPlatform (43)
[2016.05.31-19.41.42:999][742]LogModuleManager: Shutting down and abandoning module LinuxServerTargetPlatform (42)
[2016.05.31-19.41.42:999][742]LogModuleManager: Shutting down and abandoning module LinuxNoEditorTargetPlatform (41)
[2016.05.31-19.41.42:999][742]LogModuleManager: Shutting down and abandoning module TVOSTargetPlatform (40)
[2016.05.31-19.41.42:999][742]LogModuleManager: Shutting down and abandoning module Messaging (39)
[2016.05.31-19.41.42:999][742]LogModuleManager: Shutting down and abandoning module IOSTargetPlatform (38)
[2016.05.31-19.41.42:999][742]LogModuleManager: Shutting down and abandoning module HTML5TargetPlatform (37)
[2016.05.31-19.41.42:999][742]LogModuleManager: Shutting down and abandoning module Android_PVRTCTargetPlatform (36)
[2016.05.31-19.41.42:999][742]LogModuleManager: Shutting down and abandoning module Android_MultiTargetPlatform (35)
[2016.05.31-19.41.42:999][742]LogModuleManager: Shutting down and abandoning module Android_ETC2TargetPlatform (34)
[2016.05.31-19.41.42:999][742]LogModuleManager: Shutting down and abandoning module Android_ETC1TargetPlatform (33)
[2016.05.31-19.41.43:000][742]LogModuleManager: Shutting down and abandoning module Android_DXTTargetPlatform (32)
[2016.05.31-19.41.43:000][742]LogModuleManager: Shutting down and abandoning module Android_ATCTargetPlatform (31)
[2016.05.31-19.41.43:000][742]LogModuleManager: Shutting down and abandoning module Android_ASTCTargetPlatform (30)
[2016.05.31-19.41.43:000][742]LogModuleManager: Shutting down and abandoning module AndroidTargetPlatform (29)
[2016.05.31-19.41.43:000][742]LogModuleManager: Shutting down and abandoning module WindowsTargetPlatform (28)
[2016.05.31-19.41.43:000][742]LogModuleManager: Shutting down and abandoning module WindowsServerTargetPlatform (27)
[2016.05.31-19.41.43:000][742]LogModuleManager: Shutting down and abandoning module WindowsNoEditorTargetPlatform (26)
[2016.05.31-19.41.43:000][742]LogModuleManager: Shutting down and abandoning module WindowsClientTargetPlatform (25)
[2016.05.31-19.41.43:000][742]LogModuleManager: Shutting down and abandoning module AllDesktopTargetPlatform (24)
[2016.05.31-19.41.43:000][742]LogModuleManager: Shutting down and abandoning module TargetPlatform (23)
[2016.05.31-19.41.43:000][742]LogModuleManager: Shutting down and abandoning module InputCore (22)
[2016.05.31-19.41.43:000][742]LogModuleManager: Shutting down and abandoning module Settings (21)
[2016.05.31-19.41.43:000][742]LogModuleManager: Shutting down and abandoning module OnlineSubsystem (19)
[2016.05.31-19.41.43:000][742]LogModuleManager: Shutting down and abandoning module HTTP (18)
[2016.05.31-19.41.44:000][742]LogModuleManager: Shutting down and abandoning module XMPP (17)
[2016.05.31-19.41.44:000][742]LogModuleManager: Shutting down and abandoning module OculusRift (16)
[2016.05.31-19.41.44:000][742]LogModuleManager: Shutting down and abandoning module ExampleDeviceProfileSelector (15)
[2016.05.31-19.41.44:000][742]LogModuleManager: Shutting down and abandoning module TextureCompressor (14)
[2016.05.31-19.41.44:000][742]LogModuleManager: Shutting down and abandoning module ShaderCore (13)
[2016.05.31-19.41.44:000][742]LogModuleManager: Shutting down and abandoning module Landscape (12)
[2016.05.31-19.41.44:000][742]LogModuleManager: Shutting down and abandoning module SlateRHIRenderer (11)
[2016.05.31-19.41.44:002][742]LogModuleManager: Shutting down and abandoning module OpenGLDrv (10)
[2016.05.31-19.41.44:002][742]LogModuleManager: Shutting down and abandoning module D3D11RHI (9)
[2016.05.31-19.41.44:002][742]LogModuleManager: Shutting down and abandoning module AnimGraphRuntime (8)
[2016.05.31-19.41.44:003][742]LogModuleManager: Shutting down and abandoning module Renderer (7)
[2016.05.31-19.41.44:003][742]LogModuleManager: Shutting down and abandoning module Engine (6)
[2016.05.31-19.41.44:003][742]LogModuleManager: Shutting down and abandoning module CoreUObject (5)
[2016.05.31-19.41.44:003][742]LogModuleManager: Shutting down and abandoning module NetworkFile (4)
[2016.05.31-19.41.44:003][742]LogModuleManager: Shutting down and abandoning module StreamingFile (3)
[2016.05.31-19.41.44:003][742]LogModuleManager: Shutting down and abandoning module SandboxFile (2)
[2016.05.31-19.41.44:003][742]LogModuleManager: Shutting down and abandoning module PakFile (1)
[2016.05.31-19.41.44:004][742]LogExit: Exiting.
[2016.05.31-19.41.44:006][742]Log file closed, 05/31/16 14:41:44
