Log file open, 06/07/16 15:32:10
LogInit:Display: Running engine for game: VR_City
LogPlatformFile: Not using cached read wrapper
LogInit:Display: RandInit(325064667) SRandInit(325064669).
LogTaskGraph: Started task graph with 4 named threads and 6 total threads.
LogStats: Stats thread started at 0.068351
LogInit: Version: 4.11.2-2946394+++UE4+Release-4.11
LogInit: API Version: 2927265
LogInit: Compiled (64-bit): Apr 18 2016 02:18:46
LogInit: Compiled with Visual C++: 19.00.23026.00
LogInit: Build Configuration: Development
LogInit: Branch Name: ++UE4+Release-4.11
LogInit: Command line:  
LogInit: Base directory: C:/Program Files (x86)/Epic Games/4.11/Engine/Binaries/Win64/
LogInit: Installed Engine Build: 1
LogInit: Using libcurl 7.41.0
LogInit:  - built for x86_64-pc-win32
LogInit:  - supports SSL with WinSSL
LogInit:  - other features:
LogInit:      CURL_VERSION_SSL
LogInit:      CURL_VERSION_IPV6
LogInit:      CURL_VERSION_ASYNCHDNS
LogInit:      CURL_VERSION_LARGEFILE
LogInit:      CURL_VERSION_IDN
LogInit:  CurlRequestOptions (configurable via config and command line):
LogInit:  - bVerifyPeer = true  - Libcurl will verify peer certificate
LogInit:  - bUseHttpProxy = false  - Libcurl will NOT use HTTP proxy
LogInit:  - bDontReuseConnections = false  - Libcurl will reuse connections
LogInit:  - CertBundlePath = nullptr  - Libcurl will use whatever was configured at build time.
LogInit: Presizing for max 16777216 objects, including 0 objects not considered by GC, pre-allocating 0 bytes for permanent pool.
LogInit: Object subsystem initialized
[2016.06.07-20.32.10:822][  0]LogInit: Selected Device Profile: [Windows]
[2016.06.07-20.32.10:822][  0]LogInit: Applying CVar settings loaded from the selected device profile: [Windows]
[2016.06.07-20.32.10:861][  0]LogInit: Computer: MY-PC
[2016.06.07-20.32.10:861][  0]LogInit: User: My
[2016.06.07-20.32.10:861][  0]LogInit: CPU Page size=65536, Cores=3
[2016.06.07-20.32.10:861][  0]LogInit: High frequency timer resolution =3.703828 MHz
[2016.06.07-20.32.10:862][  0]LogMemory: Memory total: Physical=7.9GB (8GB approx)
[2016.06.07-20.32.10:862][  0]LogMemory: Platform Memory Stats for Windows
[2016.06.07-20.32.10:862][  0]LogMemory: Process Physical Memory: 313.62 MB used, 313.62 MB peak
[2016.06.07-20.32.10:862][  0]LogMemory: Process Virtual Memory: 317.37 MB used, 317.37 MB peak
[2016.06.07-20.32.10:862][  0]LogMemory: Physical Memory: 5493.57 MB used, 8094.93 MB total
[2016.06.07-20.32.10:862][  0]LogMemory: Virtual Memory: 622.76 MB used, 8388608.00 MB total
[2016.06.07-20.32.10:909][  0]LogTextLocalizationManager: No specific translations for ('en-US') exist, so ('en') translations will be used.
[2016.06.07-20.32.11:443][  0]LogD3D11RHI: D3D11 adapters:
[2016.06.07-20.32.11:471][  0]LogD3D11RHI:    0. 'NVIDIA GeForce GTX 970' (Feature Level 11_0)
[2016.06.07-20.32.11:471][  0]LogD3D11RHI:       4007MB of dedicated video memory, 0MB of dedicated system memory, and 3791MB of shared system memory, 1 output[s]
[2016.06.07-20.32.11:471][  0]LogD3D11RHI: Chosen D3D11 Adapter: 0
[2016.06.07-20.32.11:479][  0]LogD3D11RHI: Creating new Direct3DDevice
[2016.06.07-20.32.11:479][  0]LogD3D11RHI:     Adapter Name: NVIDIA GeForce GTX 970
[2016.06.07-20.32.11:479][  0]LogD3D11RHI:   Driver Version: 10.18.13.6175 (internal 10.18.13.6175)
[2016.06.07-20.32.11:479][  0]LogD3D11RHI:      Driver Date: 1-22-2016
[2016.06.07-20.32.11:479][  0]LogRHI: Texture pool is 1361 MB (70% of 1945 MB)
[2016.06.07-20.32.11:491][  0]LogD3D11RHI: Async texture creation enabled
[2016.06.07-20.32.12:019][  0]LogShaderCompilers: Guid format shader working directory is 0 characters bigger than the processId version (../../../../../../Users/My/Desktop/VR_City/Intermediate/Shaders/WorkingDirectory/11008/).
[2016.06.07-20.32.12:019][  0]LogShaderCompilers: Cleaned the shader compiler working directory 'C:/Users/My/AppData/Local/Temp/UnrealShaderWorkingDir/FABEA5544FAF410470D6549F1765BBE2/'.
[2016.06.07-20.32.12:019][  0]LogShaderCompilers:Display: Using Local Shader Compiler.
[2016.06.07-20.32.13:659][  0]LogTemp:Display: Loaded TP AllDesktopTargetPlatform
[2016.06.07-20.32.13:666][  0]LogTemp:Display: Loaded TP WindowsClientTargetPlatform
[2016.06.07-20.32.13:671][  0]LogTemp:Display: Loaded TP WindowsNoEditorTargetPlatform
[2016.06.07-20.32.13:678][  0]LogTemp:Display: Loaded TP WindowsServerTargetPlatform
[2016.06.07-20.32.13:684][  0]LogTemp:Display: Loaded TP WindowsTargetPlatform
[2016.06.07-20.32.13:688][  0]LogTemp:Display: Loaded TP AndroidTargetPlatform
[2016.06.07-20.32.13:692][  0]LogTemp:Display: Loaded TP Android_ASTCTargetPlatform
[2016.06.07-20.32.13:696][  0]LogTemp:Display: Loaded TP Android_ATCTargetPlatform
[2016.06.07-20.32.13:701][  0]LogTemp:Display: Loaded TP Android_DXTTargetPlatform
[2016.06.07-20.32.13:705][  0]LogTemp:Display: Loaded TP Android_ETC1TargetPlatform
[2016.06.07-20.32.13:710][  0]LogTemp:Display: Loaded TP Android_ETC2TargetPlatform
[2016.06.07-20.32.13:719][  0]LogTemp:Display: Loaded TP Android_MultiTargetPlatform
[2016.06.07-20.32.13:719][  0]LogTemp:Display: Loaded TP Android_PVRTCTargetPlatform
[2016.06.07-20.32.13:720][  0]LogTemp:Display: Loaded TP HTML5TargetPlatform
[2016.06.07-20.32.13:737][  0]LogTemp:Display: Loaded TP IOSTargetPlatform
[2016.06.07-20.32.13:741][  0]LogTemp:Display: Loaded TP TVOSTargetPlatform
[2016.06.07-20.32.13:745][  0]LogTemp:Display: Loaded TP LinuxNoEditorTargetPlatform
[2016.06.07-20.32.13:750][  0]LogTemp:Display: Loaded TP LinuxServerTargetPlatform
[2016.06.07-20.32.13:755][  0]LogTemp:Display: Loaded TP LinuxTargetPlatform
[2016.06.07-20.32.13:755][  0]LogTargetPlatformManager:Display: Building Assets For Windows
[2016.06.07-20.32.13:836][  0]LogDerivedDataCache:Display: Max Cache Size: 512 MB
[2016.06.07-20.32.13:981][  0]LogDerivedDataCache: Loaded boot cache 0.14s 72MB C:/Users/My/AppData/Local/UnrealEngine/4.11/DerivedDataCache/Boot.ddc.
[2016.06.07-20.32.13:981][  0]LogDerivedDataCache:Display: Loaded Boot cache: C:/Users/My/AppData/Local/UnrealEngine/4.11/DerivedDataCache/Boot.ddc
[2016.06.07-20.32.13:981][  0]LogDerivedDataCache: FDerivedDataBackendGraph:  Pak pak cache file ../../../../../../Users/My/Desktop/VR_City/DerivedDataCache/DDC.ddp not found, will not use a pak cache.
[2016.06.07-20.32.13:981][  0]LogDerivedDataCache: Unable to find inner node Pak for hierarchical cache Hierarchy.
[2016.06.07-20.32.13:981][  0]LogDerivedDataCache: FDerivedDataBackendGraph:  CompressedPak pak cache file ../../../../../../Users/My/Desktop/VR_City/DerivedDataCache/Compressed.ddp not found, will not use a pak cache.
[2016.06.07-20.32.13:981][  0]LogDerivedDataCache: Unable to find inner node CompressedPak for hierarchical cache Hierarchy.
[2016.06.07-20.32.14:006][  0]LogDerivedDataCache:Display: Pak cache opened for reading ../../../Engine/DerivedDataCache/Compressed.ddp.
[2016.06.07-20.32.14:017][  0]LogDerivedDataCache: Using Local data cache path C:/Users/My/AppData/Local/UnrealEngine/Common/DerivedDataCache: Writable
[2016.06.07-20.32.14:436][  0]LogInit: Selected Device Profile: [Windows]
[2016.06.07-20.32.14:437][  0]LogContentStreaming: Texture pool size is 0.00 MB
[2016.06.07-20.32.14:472][  0]LogMaterial: Uniform references updated for custom material expression Custom.
[2016.06.07-20.32.14:961][  0]LogMeshUtilities: No automatic mesh reduction module available
[2016.06.07-20.32.14:962][  0]LogMeshUtilities: No automatic mesh merging module available
[2016.06.07-20.32.14:962][  0]LogMeshUtilities: No distributed automatic mesh merging module available
[2016.06.07-20.32.15:754][  0]LogUObjectArray: 27679 objects as part of root set at end of initial load.
[2016.06.07-20.32.15:754][  0]LogUObjectAllocator: 5591600 out of 0 bytes used by permanent object pool.
[2016.06.07-20.32.15:754][  0]LogUObjectArray: CloseDisregardForGC: 0/0 objects in disregard for GC pool
[2016.06.07-20.32.15:762][  0]LogInit: WinSock: version 1.1 (2.2), MaxSocks=32767, MaxUdp=65467
[2016.06.07-20.32.15:871][  0]LogSlate: SlateFontCache - WITH_FREETYPE: 1, WITH_HARFBUZZ: 1
[2016.06.07-20.32.15:871][  0]LogSlate: SlateFontCache - WITH_FREETYPE: 1, WITH_HARFBUZZ: 1
[2016.06.07-20.32.15:993][  0]LogStreaming:Warning: Failed to read file '../../../Engine/Content/Editor/Slate/Common/Selection_16x.png' error.
[2016.06.07-20.32.15:993][  0]LogSlate: Could not find file for Slate resource: ../../../Engine/Content/Editor/Slate/Common/Selection_16x.png
[2016.06.07-20.32.15:993][  0]LogStreaming:Warning: Failed to read file '../../../Engine/Content/Editor/Slate/Common/Selection_16x.png' error.
[2016.06.07-20.32.15:993][  0]LogSlate: Could not find file for Slate resource: ../../../Engine/Content/Editor/Slate/Common/Selection_16x.png
[2016.06.07-20.32.15:993][  0]LogStreaming:Warning: Failed to read file '../../../Engine/Content/Editor/Slate/Common/Selection_16x.png' error.
[2016.06.07-20.32.15:993][  0]LogSlate: Could not find file for Slate resource: ../../../Engine/Content/Editor/Slate/Common/Selection_16x.png
[2016.06.07-20.32.16:854][  0]LogUdpMessaging: Initializing bridge on interface 0.0.0.0:0 to multicast group 230.0.0.1:6666.
[2016.06.07-20.32.16:957][  0]LogAssetRegistry: FAssetRegistry took 0.0201 seconds to start up
[2016.06.07-20.32.18:743][  0]SourceControl: Info Source control is disabled
[2016.06.07-20.32.19:161][  0]SourceControl: Info Source control is disabled
[2016.06.07-20.32.19:171][  0]SourceControl: Info Source control is disabled
[2016.06.07-20.32.19:183][  0]SourceControl: Info Source control is disabled
[2016.06.07-20.32.19:579][  0]LogEngine: Initializing Engine...
[2016.06.07-20.32.19:621][  0]LogHMD: SteamVR initialized.  Driver: lighthouse  Display: LHR-9B2D22F0
[2016.06.07-20.32.21:800][  0]LogAIModule: Creating AISystem for world NewWorld
[2016.06.07-20.32.21:828][  0]LogInit: XAudio2 using 'Speakers (9- Logitech G930 Gaming Headset)' : 2 channels at 44.1 kHz using 16 bits per sample (channel mask 0x3)
[2016.06.07-20.32.21:858][  0]LogInit: FAudioDevice initialized.
[2016.06.07-20.32.22:083][  0]LogDerivedDataCache: Saved boot cache 0.23s 72MB C:/Users/My/AppData/Local/UnrealEngine/4.11/DerivedDataCache/Boot.ddc.
[2016.06.07-20.32.22:132][  0]LogInit: Texture streaming: Enabled
[2016.06.07-20.32.22:191][  0]LogInit: Transaction tracking system initialized
[2016.06.07-20.32.22:216][  0]BlueprintLog: New page: Editor Load
[2016.06.07-20.32.22:383][  0]LocalizationService: Info Localization service is disabled
[2016.06.07-20.32.22:468][  0]LogConsoleResponse:Display: 
[2016.06.07-20.32.23:543][  0]LogCook:Display: Max memory allowance for cook 8192mb
[2016.06.07-20.32.23:543][  0]LogCook:Display: Mobile HDR setting 1
[2016.06.07-20.32.23:543][  0]LogCook:Display: Done creating registry. It took  0.00s.
[2016.06.07-20.32.23:597][  0]LogFileCache: Scanning file cache for directory 'C:/Users/My/Desktop/VR_City/Content/' took 0.01s
[2016.06.07-20.32.23:597][  0]SourceControl: Info Source control is disabled
[2016.06.07-20.32.23:597][  0]Cmd: MAP LOAD FILE="../../../../../../Users/My/Desktop/VR_City/Content/Maps/VR_Basic.umap" TEMPLATE=0 SHOWPROGRESS=1 FEATURELEVEL=3
[2016.06.07-20.32.23:722][  0]LightingResults: New page: Lighting Build
[2016.06.07-20.32.23:725][  0]MapCheck: New page: Map Check
[2016.06.07-20.32.23:725][  0]LightingResults: New page: Lighting Build
[2016.06.07-20.32.24:419][  0]LogAIModule: Creating AISystem for world VR_Basic
[2016.06.07-20.32.24:425][  0]LogEditorServer: Finished looking for orphan Actors (0.000 secs)
[2016.06.07-20.32.24:542][  0]Cmd: MAP CHECKDEP NOCLEARLOG
[2016.06.07-20.32.24:603][  0]MapCheck: Info Map check complete: 0 Error(s), 0 Warning(s), took 60.672ms to complete.
[2016.06.07-20.32.24:603][  0]LogFileHelpers: Loading map 'VR_Basic' took 1.006
[2016.06.07-20.32.25:839][  0]LogCollectionManager: Loaded 0 collections in 0.002406 seconds
[2016.06.07-20.32.28:200][  0]LogFileCache: Scanning file cache for directory 'C:/Users/My/Desktop/VR_City/Saved/Collections/' took 0.01s
[2016.06.07-20.32.28:200][  0]LogFileCache: Scanning file cache for directory 'C:/Users/My/Desktop/VR_City/Content/Developers/My/Collections/' took 0.01s
[2016.06.07-20.32.28:200][  0]LogFileCache: Scanning file cache for directory 'C:/Users/My/Desktop/VR_City/Content/Collections/' took 0.01s
[2016.06.07-20.32.28:200][  0]LogCollectionManager: Rebuilt the GUID cache for 0 collections in 0.000003 seconds
[2016.06.07-20.32.28:323][  0]LogContentBrowser: Native class hierarchy populated in 0.0815 seconds. Added 1978 classes and 340 folders.
[2016.06.07-20.32.28:984][  0]LogStats: UGameplayTagsManager::ConstructGameplayTagTree: Construct from data asset -  0.000 s
[2016.06.07-20.32.28:984][  0]LogStats: UGameplayTagsManager::ConstructGameplayTagTree: GameplayTagTreeChangedEvent.Broadcast -  0.000 s
[2016.06.07-20.32.28:985][  0]LogContentBrowser: Native class hierarchy updated for 'GameplayTags' in 0.0005 seconds. Added 12 classes and 0 folders.
[2016.06.07-20.32.29:185][  0]LogContentBrowser: Native class hierarchy updated for 'WidgetCarousel' in 0.0004 seconds. Added 0 classes and 0 folders.
[2016.06.07-20.32.29:792][  0]LogContentBrowser: Native class hierarchy updated for 'SuperSearch' in 0.0004 seconds. Added 1 classes and 2 folders.
[2016.06.07-20.32.32:259][  0]LogContentBrowser: Native class hierarchy updated for 'AddContentDialog' in 0.0005 seconds. Added 0 classes and 0 folders.
[2016.06.07-20.32.35:022][  0]LogContentBrowser: Native class hierarchy updated for 'SceneOutliner' in 0.0005 seconds. Added 1 classes and 2 folders.
[2016.06.07-20.32.35:784][  0]LogCrashTracker: Crashtracker disabled due to settings.
[2016.06.07-20.32.36:541][  0]LogUObjectGlobals:Warning: Failed to find object 'Class None.'
[2016.06.07-20.32.36:630][  0]LogContentBrowser: Native class hierarchy updated for 'HierarchicalLODOutliner' in 0.0005 seconds. Added 1 classes and 2 folders.
[2016.06.07-20.32.36:631][  0]LogLoad: Full Startup: 27.14 seconds (BP compile: 0.05 seconds)
[2016.06.07-20.32.36:631][  0]LogExternalProfiler: Found external profiler: VSPerf
[2016.06.07-20.32.36:631][  0]LogExternalProfiler: Using external profiler: VSPerf
[2016.06.07-20.32.36:970][  0]LogOcInput: OculusInput pre-init called
[2016.06.07-20.32.38:027][  0]LogContentStreaming: Texture pool size now 1000 MB
[2016.06.07-20.32.40:129][  0]LogRenderer: Reallocating scene render targets to support 1580x1140 (Frame:2).
[2016.06.07-20.32.40:637][  1]LogAssetRegistry: Asset discovery search completed in 23.7003 seconds
[2016.06.07-20.32.40:637][  1]LogCollectionManager: Rebuilt the object cache for 0 collections in 0.000001 seconds (found 0 objects)
[2016.06.07-20.32.40:637][  1]LogCollectionManager: Fixed up redirectors for 0 collections in 0.000029 seconds (updated 0 objects)
[2016.06.07-20.48.59:935][937]Cmd: QUIT_EDITOR
[2016.06.07-20.49.00:565][937]LogExit: Preparing to exit.
[2016.06.07-20.49.01:644][937]LogExit: Editor shut down
[2016.06.07-20.49.01:645][937]LogExit: Transaction tracking system shut down
[2016.06.07-20.49.04:056][937]LogObj: Freed 0b from 0 cluster array pools.
[2016.06.07-20.49.04:057][937]LogExit: Object subsystem successfully closed.
[2016.06.07-20.49.04:395][937]LogD3D11RHI: Shutdown
[2016.06.07-20.49.04:395][937]LogD3D11RHI: CleanupD3DDevice
[2016.06.07-20.49.04:607][937]LogD3D11RHI: ~FD3D11DynamicRHI
[2016.06.07-20.49.04:715][937]LogDerivedDataCache: Shutdown
[2016.06.07-20.49.05:862][937]LogModuleManager: Shutting down and abandoning module HierarchicalLODOutliner (203)
[2016.06.07-20.49.05:880][937]LogModuleManager: Shutting down and abandoning module CrashTracker (202)
[2016.06.07-20.49.05:880][937]LogModuleManager: Shutting down and abandoning module SceneOutliner (201)
[2016.06.07-20.49.05:904][937]LogModuleManager: Shutting down and abandoning module SuperSearch (200)
[2016.06.07-20.49.05:904][937]LogModuleManager: Shutting down and abandoning module WidgetCarousel (199)
[2016.06.07-20.49.05:904][937]LogModuleManager: Shutting down and abandoning module AddContentDialog (198)
[2016.06.07-20.49.05:949][937]LogModuleManager: Shutting down and abandoning module GameplayTags (197)
[2016.06.07-20.49.05:950][937]LogModuleManager: Shutting down and abandoning module EditorWidgets (196)
[2016.06.07-20.49.05:950][937]LogModuleManager: Shutting down and abandoning module CollectionManager (195)
[2016.06.07-20.49.05:976][937]LogModuleManager: Shutting down and abandoning module StatsViewer (194)
[2016.06.07-20.49.06:000][937]LogModuleManager: Shutting down and abandoning module FoliageEdit (193)
[2016.06.07-20.49.06:001][937]LogModuleManager: Shutting down and abandoning module LandscapeEditor (192)
[2016.06.07-20.49.06:050][937]LogModuleManager: Shutting down and abandoning module ActorPickerMode (191)
[2016.06.07-20.49.06:050][937]LogModuleManager: Shutting down and abandoning module GeometryMode (190)
[2016.06.07-20.49.06:050][937]LogModuleManager: Shutting down and abandoning module TextureAlignMode (189)
[2016.06.07-20.49.06:050][937]LogModuleManager: Shutting down and abandoning module BspMode (188)
[2016.06.07-20.49.06:050][937]LogModuleManager: Shutting down and abandoning module PlacementMode (187)
[2016.06.07-20.49.06:050][937]LogModuleManager: Shutting down and abandoning module AutomationWorker (186)
[2016.06.07-20.49.06:050][937]LogModuleManager: Shutting down and abandoning module CharacterAI (185)
[2016.06.07-20.49.06:050][937]LogModuleManager: Shutting down and abandoning module SmartSnapping (184)
[2016.06.07-20.49.06:050][937]LogModuleManager: Shutting down and abandoning module ViewportSnapping (183)
[2016.06.07-20.49.06:050][937]LogModuleManager: Shutting down and abandoning module LogVisualizer (182)
[2016.06.07-20.49.06:100][937]LogModuleManager: Shutting down and abandoning module GameProjectGeneration (181)
[2016.06.07-20.49.06:127][937]LogModuleManager: Shutting down and abandoning module IntroTutorials (180)
[2016.06.07-20.49.06:145][937]LogModuleManager: Shutting down and abandoning module EditorLiveStreaming (179)
[2016.06.07-20.49.06:145][937]LogModuleManager: Shutting down and abandoning module IOSPlatformEditor (178)
[2016.06.07-20.49.06:165][937]LogModuleManager: Shutting down and abandoning module HTML5PlatformEditor (177)
[2016.06.07-20.49.06:165][937]LogModuleManager: Shutting down and abandoning module AndroidDeviceDetection (176)
[2016.06.07-20.49.06:541][937]LogModuleManager: Shutting down and abandoning module AndroidPlatformEditor (175)
[2016.06.07-20.49.06:541][937]LogModuleManager: Shutting down and abandoning module IOSRuntimeSettings (174)
[2016.06.07-20.49.06:541][937]LogModuleManager: Shutting down and abandoning module AndroidRuntimeSettings (173)
[2016.06.07-20.49.06:541][937]LogModuleManager: Shutting down and abandoning module MergeActors (172)
[2016.06.07-20.49.06:568][937]LogModuleManager: Shutting down and abandoning module SizeMap (171)
[2016.06.07-20.49.06:577][937]LogModuleManager: Shutting down and abandoning module TreeMap (170)
[2016.06.07-20.49.06:600][937]LogModuleManager: Shutting down and abandoning module ReferenceViewer (169)
[2016.06.07-20.49.06:600][937]LogModuleManager: Shutting down and abandoning module LocalizationService (168)
[2016.06.07-20.49.06:616][937]LogModuleManager: Shutting down and abandoning module LocalizationDashboard (167)
[2016.06.07-20.49.06:627][937]LogModuleManager: Shutting down and abandoning module HardwareTargeting (166)
[2016.06.07-20.49.06:627][937]LogModuleManager: Shutting down and abandoning module DeviceProfileEditor (165)
[2016.06.07-20.49.06:633][937]LogModuleManager: Shutting down and abandoning module UndoHistory (164)
[2016.06.07-20.49.06:657][937]LogModuleManager: Shutting down and abandoning module UserFeedback (163)
[2016.06.07-20.49.06:657][937]LogModuleManager: Shutting down and abandoning module XmlParser (162)
[2016.06.07-20.49.06:671][937]LogModuleManager: Shutting down and abandoning module Blutility (161)
[2016.06.07-20.49.06:688][937]LogModuleManager: Shutting down and abandoning module ProjectTargetPlatformEditor (160)
[2016.06.07-20.49.06:688][937]LogModuleManager: Shutting down and abandoning module ProjectSettingsViewer (159)
[2016.06.07-20.49.06:688][937]LogModuleManager: Shutting down and abandoning module InputBindingEditor (158)
[2016.06.07-20.49.06:739][937]LogModuleManager: Shutting down and abandoning module EditorSettingsViewer (157)
[2016.06.07-20.49.06:739][937]LogModuleManager: Shutting down and abandoning module SettingsEditor (156)
[2016.06.07-20.49.06:779][937]LogModuleManager: Shutting down and abandoning module ProjectLauncher (155)
[2016.06.07-20.49.06:801][937]LogModuleManager: Shutting down and abandoning module SessionFrontend (154)
[2016.06.07-20.49.06:805][937]LogModuleManager: Shutting down and abandoning module ProfilerClient (153)
[2016.06.07-20.49.06:833][937]LogModuleManager: Shutting down and abandoning module TargetDeviceServices (152)
[2016.06.07-20.49.06:833][937]LogModuleManager: Shutting down and abandoning module DeviceManager (151)
[2016.06.07-20.49.06:886][937]LogModuleManager: Shutting down and abandoning module AutomationController (150)
[2016.06.07-20.49.06:914][937]LogModuleManager: Shutting down and abandoning module AutomationWindow (149)
[2016.06.07-20.49.06:924][937]LogModuleManager: Shutting down and abandoning module Layers (148)
[2016.06.07-20.49.06:953][937]LogModuleManager: Shutting down and abandoning module ComponentVisualizers (147)
[2016.06.07-20.49.06:953][937]LogModuleManager: Shutting down and abandoning module DetailCustomizations (146)
[2016.06.07-20.49.06:953][937]LogModuleManager: Shutting down and abandoning module PackagesDialog (145)
[2016.06.07-20.49.06:953][937]LogModuleManager: Shutting down and abandoning module Persona (144)
[2016.06.07-20.49.07:015][937]LogModuleManager: Shutting down and abandoning module Kismet (143)
[2016.06.07-20.49.07:037][937]LogModuleManager: Shutting down and abandoning module GraphEditor (142)
[2016.06.07-20.49.07:087][937]LogModuleManager: Shutting down and abandoning module ClassViewer (141)
[2016.06.07-20.49.07:110][937]LogModuleManager: Shutting down and abandoning module Toolbox (140)
[2016.06.07-20.49.07:125][937]LogModuleManager: Shutting down and abandoning module ModuleUI (139)
[2016.06.07-20.49.07:154][937]LogModuleManager: Shutting down and abandoning module MovieSceneTools (138)
[2016.06.07-20.49.07:165][937]LogModuleManager: Shutting down and abandoning module OutputLog (137)
[2016.06.07-20.49.07:165][937]LogModuleManager: Shutting down and abandoning module GammaUI (136)
[2016.06.07-20.49.07:202][937]LogModuleManager: Shutting down and abandoning module Documentation (135)
[2016.06.07-20.49.07:202][937]LogModuleManager: Shutting down and abandoning module StreamingPauseRendering (134)
[2016.06.07-20.49.07:202][937]LogModuleManager: Shutting down and abandoning module AnalyticsET (133)
[2016.06.07-20.49.07:202][937]LogModuleManager: Shutting down and abandoning module Analytics (132)
[2016.06.07-20.49.07:202][937]LogModuleManager: Shutting down and abandoning module PortalServices (131)
[2016.06.07-20.49.07:202][937]LogModuleManager: Shutting down and abandoning module PortalRpc (130)
[2016.06.07-20.49.07:202][937]LogModuleManager: Shutting down and abandoning module MessagingRpc (129)
[2016.06.07-20.49.07:202][937]LogModuleManager: Shutting down and abandoning module AITestSuite (128)
[2016.06.07-20.49.07:222][937]LogModuleManager: Shutting down and abandoning module GameplayDebugger (127)
[2016.06.07-20.49.07:232][937]LogModuleManager: Shutting down and abandoning module AIModule (126)
[2016.06.07-20.49.07:232][937]LogModuleManager: Shutting down and abandoning module ProfilerService (125)
[2016.06.07-20.49.07:378][937]LogModuleManager: Shutting down and abandoning module TaskGraph (124)
[2016.06.07-20.49.07:399][937]LogModuleManager: Shutting down and abandoning module SlateRemote (123)
[2016.06.07-20.49.07:400][937]LogModuleManager: Shutting down and abandoning module SteamVRController (122)
[2016.06.07-20.49.07:400][937]LogModuleManager: Shutting down and abandoning module SteamVR (121)
[2016.06.07-20.49.07:400][937]LogModuleManager: Shutting down and abandoning module ProceduralMeshComponent (120)
[2016.06.07-20.49.07:400][937]LogModuleManager: Shutting down and abandoning module OculusLibrary (119)
[2016.06.07-20.49.07:400][937]LogModuleManager: Shutting down and abandoning module OculusInput (118)
[2016.06.07-20.49.07:400][937]LogModuleManager: Shutting down and abandoning module CustomMeshComponent (117)
[2016.06.07-20.49.07:400][937]LogModuleManager: Shutting down and abandoning module CableComponent (116)
[2016.06.07-20.49.07:400][937]LogModuleManager: Shutting down and abandoning module ArchVisCharacter (115)
[2016.06.07-20.49.07:400][937]LogModuleManager: Shutting down and abandoning module MediaPlayerEditor (114)
[2016.06.07-20.49.07:425][937]LogModuleManager: Shutting down and abandoning module HTML5Networking (113)
[2016.06.07-20.49.07:425][937]LogModuleManager: Shutting down and abandoning module SpeedTreeImporter (112)
[2016.06.07-20.49.07:425][937]LogModuleManager: Shutting down and abandoning module PluginBrowser (111)
[2016.06.07-20.49.07:446][937]LogModuleManager: Shutting down and abandoning module EpicSurvey (110)
[2016.06.07-20.49.07:460][937]LogModuleManager: Shutting down and abandoning module DesktopPlatform (109)
[2016.06.07-20.49.07:495][937]LogModuleManager: Shutting down and abandoning module VisualStudioSourceCodeAccess (108)
[2016.06.07-20.49.07:515][937]LogModuleManager: Shutting down and abandoning module SubversionSourceControl (107)
[2016.06.07-20.49.07:522][937]LogModuleManager: Shutting down and abandoning module PerforceSourceControl (106)
[2016.06.07-20.49.07:546][937]LogModuleManager: Shutting down and abandoning module SourceControl (105)
[2016.06.07-20.49.07:561][937]LogModuleManager: Shutting down and abandoning module GitSourceControl (104)
[2016.06.07-20.49.07:562][937]LogModuleManager: Shutting down and abandoning module LightPropagationVolumeEditor (103)
[2016.06.07-20.49.07:562][937]LogModuleManager: Shutting down and abandoning module PaperTiledImporter (102)
[2016.06.07-20.49.07:580][937]LogModuleManager: Shutting down and abandoning module PaperSpriteSheetImporter (101)
[2016.06.07-20.49.07:580][937]LogModuleManager: Shutting down and abandoning module MeshPaint (100)
[2016.06.07-20.49.07:595][937]LogModuleManager: Shutting down and abandoning module HotReload (99)
[2016.06.07-20.49.07:596][937]LogModuleManager: Shutting down and abandoning module MainFrame (98)
[2016.06.07-20.49.07:596][937]LogModuleManager: Shutting down and abandoning module LevelEditor (97)
[2016.06.07-20.49.07:597][937]LogModuleManager: Shutting down and abandoning module DirectoryWatcher (96)
[2016.06.07-20.49.07:599][937]LogModuleManager: Shutting down and abandoning module AssetRegistry (95)
[2016.06.07-20.49.07:793][937]LogModuleManager: Shutting down and abandoning module ContentBrowser (94)
[2016.06.07-20.49.07:795][937]LogModuleManager: Shutting down and abandoning module Paper2DEditor (93)
[2016.06.07-20.49.07:832][937]LogModuleManager: Shutting down and abandoning module UdpMessaging (92)
[2016.06.07-20.49.07:932][937]LogModuleManager: Shutting down and abandoning module LightPropagationVolumeRuntime (91)
[2016.06.07-20.49.07:932][937]LogModuleManager: Shutting down and abandoning module Paper2D (90)
[2016.06.07-20.49.07:958][937]LogModuleManager: Shutting down and abandoning module WindowsMoviePlayer (89)
[2016.06.07-20.49.07:972][937]LogModuleManager: Shutting down and abandoning module Media (88)
[2016.06.07-20.49.07:972][937]LogModuleManager: Shutting down and abandoning module WmfMedia (87)
[2016.06.07-20.49.08:021][937]LogModuleManager: Shutting down and abandoning module MediaAssets (86)
[2016.06.07-20.49.08:021][937]LogModuleManager: Shutting down and abandoning module GameLiveStreaming (85)
[2016.06.07-20.49.08:021][937]LogModuleManager: Shutting down and abandoning module GameplayTagsEditor (84)
[2016.06.07-20.49.08:021][937]LogModuleManager: Shutting down and abandoning module OnlineBlueprintSupport (83)
[2016.06.07-20.49.08:021][937]LogModuleManager: Shutting down and abandoning module GameplayTasksEditor (82)
[2016.06.07-20.49.08:021][937]LogModuleManager: Shutting down and abandoning module PropertyEditor (81)
[2016.06.07-20.49.08:021][937]LogModuleManager: Shutting down and abandoning module BehaviorTreeEditor (80)
[2016.06.07-20.49.08:043][937]LogModuleManager: Shutting down and abandoning module FunctionalTesting (79)
[2016.06.07-20.49.08:043][937]LogModuleManager: Shutting down and abandoning module CollisionAnalyzer (78)
[2016.06.07-20.49.08:065][937]LogModuleManager: Shutting down and abandoning module WorkspaceMenuStructure (77)
[2016.06.07-20.49.08:065][937]LogModuleManager: Shutting down and abandoning module MessageLog (76)
[2016.06.07-20.49.08:065][937]LogModuleManager: Shutting down and abandoning module Sequencer (75)
[2016.06.07-20.49.08:087][937]LogModuleManager: Shutting down and abandoning module AssetTools (74)
[2016.06.07-20.49.08:109][937]LogModuleManager: Shutting down and abandoning module UMGEditor (73)
[2016.06.07-20.49.08:140][937]LogModuleManager: Shutting down and abandoning module UMG (72)
[2016.06.07-20.49.08:162][937]LogModuleManager: Shutting down and abandoning module SlateReflector (71)
[2016.06.07-20.49.08:190][937]LogModuleManager: Shutting down and abandoning module Slate (70)
[2016.06.07-20.49.08:190][937]LogModuleManager: Shutting down and abandoning module EditorStyle (69)
[2016.06.07-20.49.08:215][937]LogModuleManager: Shutting down and abandoning module SessionServices (68)
[2016.06.07-20.49.08:216][937]LogModuleManager: Shutting down and abandoning module SourceCodeAccess (67)
[2016.06.07-20.49.08:216][937]LogModuleManager: Shutting down and abandoning module HeadMountedDisplay (66)
[2016.06.07-20.49.08:216][937]LogModuleManager: Shutting down and abandoning module XAudio2 (65)
[2016.06.07-20.49.08:216][937]LogModuleManager: Shutting down and abandoning module Networking (63)
[2016.06.07-20.49.08:216][937]LogModuleManager: Shutting down and abandoning module Core (62)
[2016.06.07-20.49.08:216][937]LogModuleManager: Shutting down and abandoning module KismetCompiler (61)
[2016.06.07-20.49.08:225][937]LogModuleManager: Shutting down and abandoning module PhysXFormats (60)
[2016.06.07-20.49.08:225][937]LogModuleManager: Shutting down and abandoning module MeshUtilities (59)
[2016.06.07-20.49.08:226][937]LogModuleManager: Shutting down and abandoning module CookingStats (58)
[2016.06.07-20.49.08:226][937]LogModuleManager: Shutting down and abandoning module DerivedDataCache (57)
[2016.06.07-20.49.08:226][937]LogDerivedDataCache: Shutdown
[2016.06.07-20.49.08:226][937]LogModuleManager: Shutting down and abandoning module ShaderFormatOpenGL (56)
[2016.06.07-20.49.08:253][937]LogModuleManager: Shutting down and abandoning module ShaderFormatD3D (55)
[2016.06.07-20.49.08:289][937]LogModuleManager: Shutting down and abandoning module MetalShaderFormat (54)
[2016.06.07-20.49.08:322][937]LogModuleManager: Shutting down and abandoning module TextureFormatUncompressed (53)
[2016.06.07-20.49.08:322][937]LogModuleManager: Shutting down and abandoning module TextureFormatPVR (52)
[2016.06.07-20.49.08:340][937]LogModuleManager: Shutting down and abandoning module TextureFormatIntelISPCTexComp (51)
[2016.06.07-20.49.08:349][937]LogModuleManager: Shutting down and abandoning module TextureFormatDXT (50)
[2016.06.07-20.49.08:357][937]LogModuleManager: Shutting down and abandoning module ImageWrapper (49)
[2016.06.07-20.49.08:357][937]LogModuleManager: Shutting down and abandoning module TextureFormatASTC (48)
[2016.06.07-20.49.08:357][937]LogModuleManager: Shutting down and abandoning module TextureFormatAndroid (47)
[2016.06.07-20.49.08:357][937]LogModuleManager: Shutting down and abandoning module AudioFormatOpus (46)
[2016.06.07-20.49.08:371][937]LogModuleManager: Shutting down and abandoning module AudioFormatOgg (45)
[2016.06.07-20.49.08:384][937]LogModuleManager: Shutting down and abandoning module AudioFormatADPCM (44)
[2016.06.07-20.49.08:390][937]LogModuleManager: Shutting down and abandoning module LinuxTargetPlatform (43)
[2016.06.07-20.49.08:390][937]LogModuleManager: Shutting down and abandoning module LinuxServerTargetPlatform (42)
[2016.06.07-20.49.08:405][937]LogModuleManager: Shutting down and abandoning module LinuxNoEditorTargetPlatform (41)
[2016.06.07-20.49.08:411][937]LogModuleManager: Shutting down and abandoning module TVOSTargetPlatform (40)
[2016.06.07-20.49.08:411][937]LogModuleManager: Shutting down and abandoning module Messaging (39)
[2016.06.07-20.49.08:411][937]LogModuleManager: Shutting down and abandoning module IOSTargetPlatform (38)
[2016.06.07-20.49.08:411][937]LogModuleManager: Shutting down and abandoning module HTML5TargetPlatform (37)
[2016.06.07-20.49.08:411][937]LogModuleManager: Shutting down and abandoning module Android_PVRTCTargetPlatform (36)
[2016.06.07-20.49.08:411][937]LogModuleManager: Shutting down and abandoning module Android_MultiTargetPlatform (35)
[2016.06.07-20.49.08:417][937]LogModuleManager: Shutting down and abandoning module Android_ETC2TargetPlatform (34)
[2016.06.07-20.49.08:417][937]LogModuleManager: Shutting down and abandoning module Android_ETC1TargetPlatform (33)
[2016.06.07-20.49.08:417][937]LogModuleManager: Shutting down and abandoning module Android_DXTTargetPlatform (32)
[2016.06.07-20.49.08:417][937]LogModuleManager: Shutting down and abandoning module Android_ATCTargetPlatform (31)
[2016.06.07-20.49.08:417][937]LogModuleManager: Shutting down and abandoning module Android_ASTCTargetPlatform (30)
[2016.06.07-20.49.08:417][937]LogModuleManager: Shutting down and abandoning module AndroidTargetPlatform (29)
[2016.06.07-20.49.08:417][937]LogModuleManager: Shutting down and abandoning module WindowsTargetPlatform (28)
[2016.06.07-20.49.08:417][937]LogModuleManager: Shutting down and abandoning module WindowsServerTargetPlatform (27)
[2016.06.07-20.49.08:441][937]LogModuleManager: Shutting down and abandoning module WindowsNoEditorTargetPlatform (26)
[2016.06.07-20.49.08:453][937]LogModuleManager: Shutting down and abandoning module WindowsClientTargetPlatform (25)
[2016.06.07-20.49.08:479][937]LogModuleManager: Shutting down and abandoning module AllDesktopTargetPlatform (24)
[2016.06.07-20.49.08:479][937]LogModuleManager: Shutting down and abandoning module TargetPlatform (23)
[2016.06.07-20.49.08:479][937]LogModuleManager: Shutting down and abandoning module InputCore (22)
[2016.06.07-20.49.08:479][937]LogModuleManager: Shutting down and abandoning module Settings (21)
[2016.06.07-20.49.08:479][937]LogModuleManager: Shutting down and abandoning module OnlineSubsystem (19)
[2016.06.07-20.49.08:479][937]LogModuleManager: Shutting down and abandoning module HTTP (18)
[2016.06.07-20.49.09:479][937]LogModuleManager: Shutting down and abandoning module XMPP (17)
[2016.06.07-20.49.09:489][937]LogModuleManager: Shutting down and abandoning module OculusRift (16)
[2016.06.07-20.49.09:500][937]LogModuleManager: Shutting down and abandoning module ExampleDeviceProfileSelector (15)
[2016.06.07-20.49.09:500][937]LogModuleManager: Shutting down and abandoning module TextureCompressor (14)
[2016.06.07-20.49.09:537][937]LogModuleManager: Shutting down and abandoning module ShaderCore (13)
[2016.06.07-20.49.09:537][937]LogModuleManager: Shutting down and abandoning module Landscape (12)
[2016.06.07-20.49.09:537][937]LogModuleManager: Shutting down and abandoning module SlateRHIRenderer (11)
[2016.06.07-20.49.09:553][937]LogModuleManager: Shutting down and abandoning module OpenGLDrv (10)
[2016.06.07-20.49.09:576][937]LogModuleManager: Shutting down and abandoning module D3D11RHI (9)
[2016.06.07-20.49.09:576][937]LogModuleManager: Shutting down and abandoning module AnimGraphRuntime (8)
[2016.06.07-20.49.09:594][937]LogModuleManager: Shutting down and abandoning module Renderer (7)
[2016.06.07-20.49.09:594][937]LogModuleManager: Shutting down and abandoning module Engine (6)
[2016.06.07-20.49.09:594][937]LogModuleManager: Shutting down and abandoning module CoreUObject (5)
[2016.06.07-20.49.09:594][937]LogModuleManager: Shutting down and abandoning module NetworkFile (4)
[2016.06.07-20.49.09:628][937]LogModuleManager: Shutting down and abandoning module StreamingFile (3)
[2016.06.07-20.49.09:643][937]LogModuleManager: Shutting down and abandoning module SandboxFile (2)
[2016.06.07-20.49.09:674][937]LogModuleManager: Shutting down and abandoning module PakFile (1)
[2016.06.07-20.49.09:766][937]LogExit: Exiting.
[2016.06.07-20.49.09:809][937]Log file closed, 06/07/16 15:49:09
