Log file open, 06/07/16 16:52:00
LogInit:Display: Running engine for game: VR_City
LogPlatformFile: Not using cached read wrapper
LogInit:Display: RandInit(885894249) SRandInit(885894252).
LogTaskGraph: Started task graph with 4 named threads and 6 total threads.
LogStats: Stats thread started at 0.070558
LogInit: Version: 4.11.2-2946394+++UE4+Release-4.11
LogInit: API Version: 2927265
LogInit: Compiled (64-bit): Apr 18 2016 02:18:46
LogInit: Compiled with Visual C++: 19.00.23026.00
LogInit: Build Configuration: Development
LogInit: Branch Name: ++UE4+Release-4.11
LogInit: Command line: -EpicPortal 
LogInit: Base directory: C:/Program Files (x86)/Epic Games/4.11/Engine/Binaries/Win64/
LogInit: Installed Engine Build: 1
LogInit: Using libcurl 7.41.0
LogInit:  - built for x86_64-pc-win32
LogInit:  - supports SSL with WinSSL
LogInit:  - other features:
LogInit:      CURL_VERSION_SSL
LogInit:      CURL_VERSION_IPV6
LogInit:      CURL_VERSION_ASYNCHDNS
LogInit:      CURL_VERSION_LARGEFILE
LogInit:      CURL_VERSION_IDN
LogInit:  CurlRequestOptions (configurable via config and command line):
LogInit:  - bVerifyPeer = true  - Libcurl will verify peer certificate
LogInit:  - bUseHttpProxy = false  - Libcurl will NOT use HTTP proxy
LogInit:  - bDontReuseConnections = false  - Libcurl will reuse connections
LogInit:  - CertBundlePath = nullptr  - Libcurl will use whatever was configured at build time.
LogInit: Presizing for max 16777216 objects, including 0 objects not considered by GC, pre-allocating 0 bytes for permanent pool.
LogInit: Object subsystem initialized
[2016.06.07-21.52.00:702][  0]LogInit: Selected Device Profile: [Windows]
[2016.06.07-21.52.00:702][  0]LogInit: Applying CVar settings loaded from the selected device profile: [Windows]
[2016.06.07-21.52.00:735][  0]LogInit: Computer: MY-PC
[2016.06.07-21.52.00:735][  0]LogInit: User: My
[2016.06.07-21.52.00:735][  0]LogInit: CPU Page size=65536, Cores=3
[2016.06.07-21.52.00:735][  0]LogInit: High frequency timer resolution =3.703828 MHz
[2016.06.07-21.52.00:735][  0]LogMemory: Memory total: Physical=7.9GB (8GB approx)
[2016.06.07-21.52.00:735][  0]LogMemory: Platform Memory Stats for Windows
[2016.06.07-21.52.00:735][  0]LogMemory: Process Physical Memory: 313.53 MB used, 313.53 MB peak
[2016.06.07-21.52.00:735][  0]LogMemory: Process Virtual Memory: 317.27 MB used, 317.27 MB peak
[2016.06.07-21.52.00:735][  0]LogMemory: Physical Memory: 5999.27 MB used, 8094.93 MB total
[2016.06.07-21.52.00:735][  0]LogMemory: Virtual Memory: 622.76 MB used, 8388608.00 MB total
[2016.06.07-21.52.00:786][  0]LogTextLocalizationManager: No specific translations for ('en-US') exist, so ('en') translations will be used.
[2016.06.07-21.52.01:319][  0]LogD3D11RHI: D3D11 adapters:
[2016.06.07-21.52.01:377][  0]LogD3D11RHI:    0. 'NVIDIA GeForce GTX 970' (Feature Level 11_0)
[2016.06.07-21.52.01:377][  0]LogD3D11RHI:       4007MB of dedicated video memory, 0MB of dedicated system memory, and 3791MB of shared system memory, 1 output[s]
[2016.06.07-21.52.01:377][  0]LogD3D11RHI: Chosen D3D11 Adapter: 0
[2016.06.07-21.52.01:387][  0]LogD3D11RHI: Creating new Direct3DDevice
[2016.06.07-21.52.01:387][  0]LogD3D11RHI:     Adapter Name: NVIDIA GeForce GTX 970
[2016.06.07-21.52.01:387][  0]LogD3D11RHI:   Driver Version: 10.18.13.6175 (internal 10.18.13.6175)
[2016.06.07-21.52.01:387][  0]LogD3D11RHI:      Driver Date: 1-22-2016
[2016.06.07-21.52.01:387][  0]LogRHI: Texture pool is 1361 MB (70% of 1945 MB)
[2016.06.07-21.52.01:401][  0]LogD3D11RHI: Async texture creation enabled
[2016.06.07-21.52.01:888][  0]LogShaderCompilers: Guid format shader working directory is 1 characters bigger than the processId version (../../../../../../Users/My/Desktop/VR_City/Intermediate/Shaders/WorkingDirectory/9880/).
[2016.06.07-21.52.01:888][  0]LogShaderCompilers: Cleaned the shader compiler working directory 'C:/Users/My/AppData/Local/Temp/UnrealShaderWorkingDir/31A091C0424331EF17676B918ACE36DD/'.
[2016.06.07-21.52.01:888][  0]LogShaderCompilers:Display: Using Local Shader Compiler.
[2016.06.07-21.52.03:388][  0]LogTemp:Display: Loaded TP AllDesktopTargetPlatform
[2016.06.07-21.52.03:401][  0]LogTemp:Display: Loaded TP WindowsClientTargetPlatform
[2016.06.07-21.52.03:413][  0]LogTemp:Display: Loaded TP WindowsNoEditorTargetPlatform
[2016.06.07-21.52.03:424][  0]LogTemp:Display: Loaded TP WindowsServerTargetPlatform
[2016.06.07-21.52.03:434][  0]LogTemp:Display: Loaded TP WindowsTargetPlatform
[2016.06.07-21.52.03:440][  0]LogTemp:Display: Loaded TP AndroidTargetPlatform
[2016.06.07-21.52.03:446][  0]LogTemp:Display: Loaded TP Android_ASTCTargetPlatform
[2016.06.07-21.52.03:452][  0]LogTemp:Display: Loaded TP Android_ATCTargetPlatform
[2016.06.07-21.52.03:457][  0]LogTemp:Display: Loaded TP Android_DXTTargetPlatform
[2016.06.07-21.52.03:462][  0]LogTemp:Display: Loaded TP Android_ETC1TargetPlatform
[2016.06.07-21.52.03:468][  0]LogTemp:Display: Loaded TP Android_ETC2TargetPlatform
[2016.06.07-21.52.03:479][  0]LogTemp:Display: Loaded TP Android_MultiTargetPlatform
[2016.06.07-21.52.03:479][  0]LogTemp:Display: Loaded TP Android_PVRTCTargetPlatform
[2016.06.07-21.52.03:480][  0]LogTemp:Display: Loaded TP HTML5TargetPlatform
[2016.06.07-21.52.03:502][  0]LogTemp:Display: Loaded TP IOSTargetPlatform
[2016.06.07-21.52.03:507][  0]LogTemp:Display: Loaded TP TVOSTargetPlatform
[2016.06.07-21.52.03:514][  0]LogTemp:Display: Loaded TP LinuxNoEditorTargetPlatform
[2016.06.07-21.52.03:520][  0]LogTemp:Display: Loaded TP LinuxServerTargetPlatform
[2016.06.07-21.52.03:527][  0]LogTemp:Display: Loaded TP LinuxTargetPlatform
[2016.06.07-21.52.03:527][  0]LogTargetPlatformManager:Display: Building Assets For Windows
[2016.06.07-21.52.03:681][  0]LogDerivedDataCache:Display: Max Cache Size: 512 MB
[2016.06.07-21.52.03:852][  0]LogDerivedDataCache: Loaded boot cache 0.17s 72MB C:/Users/My/AppData/Local/UnrealEngine/4.11/DerivedDataCache/Boot.ddc.
[2016.06.07-21.52.03:852][  0]LogDerivedDataCache:Display: Loaded Boot cache: C:/Users/My/AppData/Local/UnrealEngine/4.11/DerivedDataCache/Boot.ddc
[2016.06.07-21.52.03:852][  0]LogDerivedDataCache: FDerivedDataBackendGraph:  Pak pak cache file ../../../../../../Users/My/Desktop/VR_City/DerivedDataCache/DDC.ddp not found, will not use a pak cache.
[2016.06.07-21.52.03:852][  0]LogDerivedDataCache: Unable to find inner node Pak for hierarchical cache Hierarchy.
[2016.06.07-21.52.03:852][  0]LogDerivedDataCache: FDerivedDataBackendGraph:  CompressedPak pak cache file ../../../../../../Users/My/Desktop/VR_City/DerivedDataCache/Compressed.ddp not found, will not use a pak cache.
[2016.06.07-21.52.03:852][  0]LogDerivedDataCache: Unable to find inner node CompressedPak for hierarchical cache Hierarchy.
[2016.06.07-21.52.03:872][  0]LogDerivedDataCache:Display: Pak cache opened for reading ../../../Engine/DerivedDataCache/Compressed.ddp.
[2016.06.07-21.52.03:884][  0]LogDerivedDataCache: Using Local data cache path C:/Users/My/AppData/Local/UnrealEngine/Common/DerivedDataCache: Writable
[2016.06.07-21.52.04:129][  0]LogInit: Selected Device Profile: [Windows]
[2016.06.07-21.52.04:130][  0]LogContentStreaming: Texture pool size is 0.00 MB
[2016.06.07-21.52.04:170][  0]LogMaterial: Uniform references updated for custom material expression Custom.
[2016.06.07-21.52.04:350][  0]LogMeshUtilities: No automatic mesh reduction module available
[2016.06.07-21.52.04:350][  0]LogMeshUtilities: No automatic mesh merging module available
[2016.06.07-21.52.04:350][  0]LogMeshUtilities: No distributed automatic mesh merging module available
[2016.06.07-21.52.04:711][  0]LogUObjectArray: 27679 objects as part of root set at end of initial load.
[2016.06.07-21.52.04:711][  0]LogUObjectAllocator: 5591592 out of 0 bytes used by permanent object pool.
[2016.06.07-21.52.04:711][  0]LogUObjectArray: CloseDisregardForGC: 0/0 objects in disregard for GC pool
[2016.06.07-21.52.04:719][  0]LogInit: WinSock: version 1.1 (2.2), MaxSocks=32767, MaxUdp=65467
[2016.06.07-21.52.04:826][  0]LogSlate: SlateFontCache - WITH_FREETYPE: 1, WITH_HARFBUZZ: 1
[2016.06.07-21.52.04:826][  0]LogSlate: SlateFontCache - WITH_FREETYPE: 1, WITH_HARFBUZZ: 1
[2016.06.07-21.52.04:959][  0]LogStreaming:Warning: Failed to read file '../../../Engine/Content/Editor/Slate/Common/Selection_16x.png' error.
[2016.06.07-21.52.04:959][  0]LogSlate: Could not find file for Slate resource: ../../../Engine/Content/Editor/Slate/Common/Selection_16x.png
[2016.06.07-21.52.04:959][  0]LogStreaming:Warning: Failed to read file '../../../Engine/Content/Editor/Slate/Common/Selection_16x.png' error.
[2016.06.07-21.52.04:959][  0]LogSlate: Could not find file for Slate resource: ../../../Engine/Content/Editor/Slate/Common/Selection_16x.png
[2016.06.07-21.52.04:959][  0]LogStreaming:Warning: Failed to read file '../../../Engine/Content/Editor/Slate/Common/Selection_16x.png' error.
[2016.06.07-21.52.04:959][  0]LogSlate: Could not find file for Slate resource: ../../../Engine/Content/Editor/Slate/Common/Selection_16x.png
[2016.06.07-21.52.05:659][  0]LogUdpMessaging: Initializing bridge on interface 0.0.0.0:0 to multicast group 230.0.0.1:6666.
[2016.06.07-21.52.05:767][  0]LogAssetRegistry: FAssetRegistry took 0.0233 seconds to start up
[2016.06.07-21.52.06:005][  0]SourceControl: Info Source control is disabled
[2016.06.07-21.52.06:117][  0]SourceControl: Info Source control is disabled
[2016.06.07-21.52.06:127][  0]SourceControl: Info Source control is disabled
[2016.06.07-21.52.06:138][  0]SourceControl: Info Source control is disabled
[2016.06.07-21.52.06:371][  0]LogEngine: Initializing Engine...
[2016.06.07-21.52.06:373][  0]LogHMD: SteamVR initialized.  Driver: lighthouse  Display: LHR-9B2D22F0
[2016.06.07-21.52.06:582][  0]LogAIModule: Creating AISystem for world NewWorld
[2016.06.07-21.52.06:607][  0]LogInit: XAudio2 using 'Speakers (9- Logitech G930 Gaming Headset)' : 2 channels at 44.1 kHz using 16 bits per sample (channel mask 0x3)
[2016.06.07-21.52.06:628][  0]LogInit: FAudioDevice initialized.
[2016.06.07-21.52.06:709][  0]LogDerivedDataCache: Saved boot cache 0.08s 72MB C:/Users/My/AppData/Local/UnrealEngine/4.11/DerivedDataCache/Boot.ddc.
[2016.06.07-21.52.06:734][  0]LogInit: Texture streaming: Enabled
[2016.06.07-21.52.06:763][  0]LogInit: Transaction tracking system initialized
[2016.06.07-21.52.06:788][  0]BlueprintLog: New page: Editor Load
[2016.06.07-21.52.06:869][  0]LocalizationService: Info Localization service is disabled
[2016.06.07-21.52.06:949][  0]LogConsoleResponse:Display: 
[2016.06.07-21.52.07:543][  0]LogCook:Display: Max memory allowance for cook 8192mb
[2016.06.07-21.52.07:543][  0]LogCook:Display: Mobile HDR setting 1
[2016.06.07-21.52.07:543][  0]LogCook:Display: Done creating registry. It took  0.00s.
[2016.06.07-21.52.07:594][  0]LogFileCache: Scanning file cache for directory 'C:/Users/My/Desktop/VR_City/Content/' took 0.01s
[2016.06.07-21.52.07:594][  0]SourceControl: Info Source control is disabled
[2016.06.07-21.52.07:594][  0]Cmd: MAP LOAD FILE="../../../../../../Users/My/Desktop/VR_City/Content/Maps/VR_Basic.umap" TEMPLATE=0 SHOWPROGRESS=1 FEATURELEVEL=3
[2016.06.07-21.52.07:595][  0]LightingResults: New page: Lighting Build
[2016.06.07-21.52.07:598][  0]MapCheck: New page: Map Check
[2016.06.07-21.52.07:598][  0]LightingResults: New page: Lighting Build
[2016.06.07-21.52.08:100][  0]LogAIModule: Creating AISystem for world VR_Basic
[2016.06.07-21.52.08:105][  0]LogEditorServer: Finished looking for orphan Actors (0.000 secs)
[2016.06.07-21.52.08:106][  0]Cmd: MAP CHECKDEP NOCLEARLOG
[2016.06.07-21.52.08:154][  0]MapCheck: Info Map check complete: 0 Error(s), 0 Warning(s), took 47.685ms to complete.
[2016.06.07-21.52.08:154][  0]LogFileHelpers: Loading map 'VR_Basic' took 0.559
[2016.06.07-21.52.08:340][  0]LogCollectionManager: Loaded 0 collections in 0.002389 seconds
[2016.06.07-21.52.08:382][  0]LogFileCache: Scanning file cache for directory 'C:/Users/My/Desktop/VR_City/Saved/Collections/' took 0.01s
[2016.06.07-21.52.08:382][  0]LogFileCache: Scanning file cache for directory 'C:/Users/My/Desktop/VR_City/Content/Developers/My/Collections/' took 0.01s
[2016.06.07-21.52.08:382][  0]LogFileCache: Scanning file cache for directory 'C:/Users/My/Desktop/VR_City/Content/Collections/' took 0.01s
[2016.06.07-21.52.08:382][  0]LogCollectionManager: Rebuilt the GUID cache for 0 collections in 0.000003 seconds
[2016.06.07-21.52.08:395][  0]LogContentBrowser: Native class hierarchy populated in 0.0127 seconds. Added 1978 classes and 340 folders.
[2016.06.07-21.52.08:399][  0]LogStats: UGameplayTagsManager::ConstructGameplayTagTree: Construct from data asset -  0.000 s
[2016.06.07-21.52.08:399][  0]LogStats: UGameplayTagsManager::ConstructGameplayTagTree: GameplayTagTreeChangedEvent.Broadcast -  0.000 s
[2016.06.07-21.52.08:400][  0]LogContentBrowser: Native class hierarchy updated for 'GameplayTags' in 0.0006 seconds. Added 12 classes and 0 folders.
[2016.06.07-21.52.08:405][  0]LogContentBrowser: Native class hierarchy updated for 'WidgetCarousel' in 0.0004 seconds. Added 0 classes and 0 folders.
[2016.06.07-21.52.08:527][  0]LogContentBrowser: Native class hierarchy updated for 'SuperSearch' in 0.0004 seconds. Added 1 classes and 2 folders.
[2016.06.07-21.52.09:283][  0]LogContentBrowser: Native class hierarchy updated for 'AddContentDialog' in 0.0005 seconds. Added 0 classes and 0 folders.
[2016.06.07-21.52.09:588][  0]LogContentBrowser: Native class hierarchy updated for 'SceneOutliner' in 0.0006 seconds. Added 1 classes and 2 folders.
[2016.06.07-21.52.09:848][  0]LogCrashTracker: Crashtracker disabled due to settings.
[2016.06.07-21.52.09:859][  0]LogUObjectGlobals:Warning: Failed to find object 'Class None.'
[2016.06.07-21.52.09:884][  0]LogContentBrowser: Native class hierarchy updated for 'HierarchicalLODOutliner' in 0.0004 seconds. Added 1 classes and 2 folders.
[2016.06.07-21.52.09:885][  0]LogLoad: Full Startup: 10.57 seconds (BP compile: 0.05 seconds)
[2016.06.07-21.52.09:885][  0]LogExternalProfiler: Found external profiler: VSPerf
[2016.06.07-21.52.09:885][  0]LogExternalProfiler: Using external profiler: VSPerf
[2016.06.07-21.52.10:225][  0]LogOcInput: OculusInput pre-init called
[2016.06.07-21.52.10:326][  0]LogContentStreaming: Texture pool size now 1000 MB
[2016.06.07-21.52.10:653][  0]LogRenderer: Reallocating scene render targets to support 1580x1140 (Frame:2).
[2016.06.07-21.52.10:763][  1]LogAssetRegistry: Asset discovery search completed in 5.0202 seconds
[2016.06.07-21.52.10:763][  1]LogCollectionManager: Rebuilt the object cache for 0 collections in 0.000001 seconds (found 0 objects)
[2016.06.07-21.52.10:763][  1]LogCollectionManager: Fixed up redirectors for 0 collections in 0.000031 seconds (updated 0 objects)
[2016.06.07-22.30.59:074][256]LogContentBrowser: Native class hierarchy updated for 'BlueprintGraph' in 0.0011 seconds. Added 108 classes and 0 folders.
[2016.06.07-22.33.06:329][690]LogActorComponent: UnregisterComponent: (/Engine/Transient.MovementComponent0) Not registered. Aborting.
[2016.06.07-22.33.06:560][690]LogFileHelpers: Editor autosave (incl. sublevels) for '/Game/Maps/VR_Basic' took 0.245
[2016.06.07-22.33.06:582][690]OBJ SavePackage: Generating thumbnails for [1] asset(s) in package [/Game/PlayerCharacter/Blueprints/VR_Character/VR_PlayerCharacter] ([1] browsable assets)...
[2016.06.07-22.33.06:626][690]OBJ SavePackage:     Rendered thumbnail for [Blueprint /Game/PlayerCharacter/Blueprints/VR_Character/VR_PlayerCharacter.VR_PlayerCharacter]
[2016.06.07-22.33.06:626][690]OBJ SavePackage: Finished generating thumbnails for package [/Game/PlayerCharacter/Blueprints/VR_Character/VR_PlayerCharacter]
[2016.06.07-22.33.06:924][690]LogSavePackage: Save=259.36ms
[2016.06.07-22.33.06:925][690]LogSavePackage: Moving '../../../../../../Users/My/Desktop/VR_City/Saved/VR_PlayerCharacter_Auto1EF937162428A9788C2E4EAA25D91851D.tmp' to '../../../../../../Users/My/Desktop/VR_City/Saved/Autosaves/Game/PlayerCharacter/Blueprints/VR_Character/VR_PlayerCharacter_Auto1.uasset'
[2016.06.07-22.33.06:928][690]LogSavePackage: Total save time: 284.31ms
[2016.06.07-22.33.06:928][690]LogSavePackage:Display: Finished SavePackage ../../../../../../Users/My/Desktop/VR_City/Saved/Autosaves/Game/PlayerCharacter/Blueprints/VR_Character/VR_PlayerCharacter_Auto1.uasset
[2016.06.07-22.33.06:928][690]LogFileHelpers: Auto-saving content packages took 0.367
[2016.06.07-23.13.52:557][131]LogBlueprintUserMessages: Early PlayInEditor Detection: Level '/Game/Maps/VR_Basic.VR_Basic:PersistentLevel' has LevelScriptBlueprint '/Game/Maps/VR_Basic.VR_Basic:PersistentLevel.VR_Basic' with GeneratedClass '/Game/Maps/VR_Basic.VR_Basic_C' with ClassGeneratedBy '/Game/Maps/VR_Basic.VR_Basic:PersistentLevel.VR_Basic'
[2016.06.07-23.13.52:557][131]BlueprintLog: New page: Pre-Play auto-recompile
[2016.06.07-23.13.52:612][131]LogActorComponent: UnregisterComponent: (/Engine/Transient.MovementComponent0) Not registered. Aborting.
[2016.06.07-23.13.52:618][131]LogPlayLevel: [PlayLevel] Compiling VR_PlayerCharacter before play...
[2016.06.07-23.13.52:904][131]LogPlayLevel: PlayLevel: Blueprint regeneration took 347 ms (1 blueprints)
[2016.06.07-23.13.53:200][131]PIE: New page: PIE session: VR_Basic (Jun 7, 2016, 12:13:52 PM)
[2016.06.07-23.13.53:220][131]LogPlayLevel: Creating play world package: /Game/Maps/UEDPIE_0_VR_Basic
[2016.06.07-23.13.53:316][131]LogPlayLevel: PIE: StaticDuplicateObject took: (0.095823s)
[2016.06.07-23.13.53:320][131]LogAIModule: Creating AISystem for world VR_Basic
[2016.06.07-23.13.53:320][131]LogPlayLevel: PIE: World Init took: (0.003714s)
[2016.06.07-23.13.53:321][131]LogPlayLevel: PIE: Created PIE world by copying editor world from /Game/Maps/VR_Basic.VR_Basic to /Game/Maps/UEDPIE_0_VR_Basic.VR_Basic (0.100989s)
[2016.06.07-23.13.53:407][131]LogInit: XAudio2 using 'Speakers (9- Logitech G930 Gaming Headset)' : 2 channels at 44.1 kHz using 16 bits per sample (channel mask 0x3)
[2016.06.07-23.13.53:432][131]LogInit: FAudioDevice initialized.
[2016.06.07-23.13.53:758][131]LogWorld: Game class is 'VR_GameMode_C'
[2016.06.07-23.13.53:893][131]LogWorld: Bringing World /Game/Maps/UEDPIE_0_VR_Basic.VR_Basic up for play (max tick rate 0) at 2016.06.07-18.13.53
[2016.06.07-23.13.53:935][131]LogWorld: Bringing up level for play took: 0.044598
[2016.06.07-23.13.54:161][131]LogContentBrowser: Native class hierarchy updated for 'MovieSceneCapture' in 0.0006 seconds. Added 9 classes and 0 folders.
[2016.06.07-23.13.54:293][131]Cmd: FULL SCREEN
[2016.06.07-23.13.54:480][131]Command not recognized: FULL SCREEN
[2016.06.07-23.13.54:480][131]Cmd: Stereo On
[2016.06.07-23.13.54:703][131]LogRenderer: Reallocating scene render targets to support 3024x1680 (Frame:1084).
[2016.06.07-23.13.54:703][131]PIE: Info Play in editor start time for /Game/Maps/UEDPIE_0_VR_Basic 2.164
[2016.06.07-23.13.54:711][131]LogBlueprintUserMessages: Late PlayInEditor Detection: Level '/Game/Maps/VR_Basic.VR_Basic:PersistentLevel' has LevelScriptBlueprint '/Game/Maps/VR_Basic.VR_Basic:PersistentLevel.VR_Basic' with GeneratedClass '/Game/Maps/VR_Basic.VR_Basic_C' with ClassGeneratedBy '/Game/Maps/VR_Basic.VR_Basic:PersistentLevel.VR_Basic'
[2016.06.07-23.13.54:969][132]LogRenderTargetPool:Warning: r.RenderTargetPoolMin exceeded 645/400 MB (ok in editor, bad on fixed memory platform)
[2016.06.07-23.14.04:848][644]LogBlueprintUserMessages: Early EndPlayMap Detection: Level '/Game/Maps/VR_Basic.VR_Basic:PersistentLevel' has LevelScriptBlueprint '/Game/Maps/VR_Basic.VR_Basic:PersistentLevel.VR_Basic' with GeneratedClass '/Game/Maps/VR_Basic.VR_Basic_C' with ClassGeneratedBy '/Game/Maps/VR_Basic.VR_Basic:PersistentLevel.VR_Basic'
[2016.06.07-23.14.05:362][644]LogBlueprintUserMessages: Late EndPlayMap Detection: Level '/Game/Maps/VR_Basic.VR_Basic:PersistentLevel' has LevelScriptBlueprint '/Game/Maps/VR_Basic.VR_Basic:PersistentLevel.VR_Basic' with GeneratedClass '/Game/Maps/VR_Basic.VR_Basic_C' with ClassGeneratedBy '/Game/Maps/VR_Basic.VR_Basic:PersistentLevel.VR_Basic'
[2016.06.07-23.14.05:373][644]LogActorComponent: UnregisterComponent: (/Engine/Transient.MovementComponent0) Not registered. Aborting.
[2016.06.07-23.14.06:135][646]LogRenderTargetPool:Warning: r.RenderTargetPoolMin exceeded 808/400 MB (ok in editor, bad on fixed memory platform)
[2016.06.07-23.14.08:046][707]LogRenderTargetPool:Warning: r.RenderTargetPoolMin exceeded 417/400 MB (ok in editor, bad on fixed memory platform)
[2016.06.07-23.14.15:421][730]LogRenderTargetPool:Warning: r.RenderTargetPoolMin exceeded 780/400 MB (ok in editor, bad on fixed memory platform)
[2016.06.07-23.14.16:437][766]LogSavePackage: Save=69.73ms
[2016.06.07-23.14.16:437][766]LogSavePackage: Moving '../../../../../../Users/My/Desktop/VR_City/Saved/VR_PlayerCharacterA277C6944FE602E67B8D328D44473090.tmp' to '../../../../../../Users/My/Desktop/VR_City/Content/PlayerCharacter/Blueprints/VR_Character/VR_PlayerCharacter.uasset'
[2016.06.07-23.14.16:441][766]LogSavePackage: Total save time: 81.81ms
[2016.06.07-23.14.16:441][766]LogSavePackage:Display: Finished SavePackage ../../../../../../Users/My/Desktop/VR_City/Content/PlayerCharacter/Blueprints/VR_Character/VR_PlayerCharacter.uasset
[2016.06.07-23.14.16:459][767]LogRenderTargetPool:Warning: r.RenderTargetPoolMin exceeded 417/400 MB (ok in editor, bad on fixed memory platform)
[2016.06.07-23.14.18:558][858]LogActorComponent: UnregisterComponent: (/Engine/Transient.MovementComponent0) Not registered. Aborting.
[2016.06.07-23.14.19:660][859]Cmd: QUIT_EDITOR
[2016.06.07-23.14.21:220][859]LogExit: Preparing to exit.
[2016.06.07-23.14.22:795][859]LogExit: Editor shut down
[2016.06.07-23.14.22:795][859]LogExit: Transaction tracking system shut down
[2016.06.07-23.14.25:126][859]LogObj: Freed 0b from 0 cluster array pools.
[2016.06.07-23.14.25:126][859]LogExit: Object subsystem successfully closed.
[2016.06.07-23.14.26:654][859]LogD3D11RHI: Shutdown
[2016.06.07-23.14.26:654][859]LogD3D11RHI: CleanupD3DDevice
[2016.06.07-23.14.26:723][859]LogD3D11RHI: ~FD3D11DynamicRHI
[2016.06.07-23.14.27:166][859]LogDerivedDataCache: Shutdown
[2016.06.07-23.14.37:120][859]LogModuleManager: Shutting down and abandoning module MovieSceneCapture (205)
[2016.06.07-23.14.37:120][859]LogModuleManager: Shutting down and abandoning module BlueprintGraph (204)
[2016.06.07-23.14.37:120][859]LogModuleManager: Shutting down and abandoning module HierarchicalLODOutliner (203)
[2016.06.07-23.14.37:163][859]LogModuleManager: Shutting down and abandoning module CrashTracker (202)
[2016.06.07-23.14.37:163][859]LogModuleManager: Shutting down and abandoning module SceneOutliner (201)
[2016.06.07-23.14.37:212][859]LogModuleManager: Shutting down and abandoning module SuperSearch (200)
[2016.06.07-23.14.37:212][859]LogModuleManager: Shutting down and abandoning module WidgetCarousel (199)
[2016.06.07-23.14.37:212][859]LogModuleManager: Shutting down and abandoning module AddContentDialog (198)
[2016.06.07-23.14.37:641][859]LogModuleManager: Shutting down and abandoning module GameplayTags (197)
[2016.06.07-23.14.37:641][859]LogModuleManager: Shutting down and abandoning module EditorWidgets (196)
[2016.06.07-23.14.37:641][859]LogModuleManager: Shutting down and abandoning module CollectionManager (195)
[2016.06.07-23.14.38:145][859]LogModuleManager: Shutting down and abandoning module StatsViewer (194)
[2016.06.07-23.14.38:651][859]LogModuleManager: Shutting down and abandoning module FoliageEdit (193)
[2016.06.07-23.14.38:726][859]LogModuleManager: Shutting down and abandoning module LandscapeEditor (192)
[2016.06.07-23.14.38:878][859]LogModuleManager: Shutting down and abandoning module ActorPickerMode (191)
[2016.06.07-23.14.38:878][859]LogModuleManager: Shutting down and abandoning module GeometryMode (190)
[2016.06.07-23.14.38:878][859]LogModuleManager: Shutting down and abandoning module TextureAlignMode (189)
[2016.06.07-23.14.38:878][859]LogModuleManager: Shutting down and abandoning module BspMode (188)
[2016.06.07-23.14.38:878][859]LogModuleManager: Shutting down and abandoning module PlacementMode (187)
[2016.06.07-23.14.38:878][859]LogModuleManager: Shutting down and abandoning module AutomationWorker (186)
[2016.06.07-23.14.38:878][859]LogModuleManager: Shutting down and abandoning module CharacterAI (185)
[2016.06.07-23.14.38:878][859]LogModuleManager: Shutting down and abandoning module SmartSnapping (184)
[2016.06.07-23.14.38:878][859]LogModuleManager: Shutting down and abandoning module ViewportSnapping (183)
[2016.06.07-23.14.38:878][859]LogModuleManager: Shutting down and abandoning module LogVisualizer (182)
[2016.06.07-23.14.39:059][859]LogModuleManager: Shutting down and abandoning module GameProjectGeneration (181)
[2016.06.07-23.14.39:188][859]LogModuleManager: Shutting down and abandoning module IntroTutorials (180)
[2016.06.07-23.14.40:123][859]LogModuleManager: Shutting down and abandoning module EditorLiveStreaming (179)
[2016.06.07-23.14.40:123][859]LogModuleManager: Shutting down and abandoning module IOSPlatformEditor (178)
[2016.06.07-23.14.40:274][859]LogModuleManager: Shutting down and abandoning module HTML5PlatformEditor (177)
[2016.06.07-23.14.40:274][859]LogModuleManager: Shutting down and abandoning module AndroidDeviceDetection (176)
[2016.06.07-23.14.40:325][859]LogModuleManager: Shutting down and abandoning module AndroidPlatformEditor (175)
[2016.06.07-23.14.40:325][859]LogModuleManager: Shutting down and abandoning module IOSRuntimeSettings (174)
[2016.06.07-23.14.40:325][859]LogModuleManager: Shutting down and abandoning module AndroidRuntimeSettings (173)
[2016.06.07-23.14.40:325][859]LogModuleManager: Shutting down and abandoning module MergeActors (172)
[2016.06.07-23.14.40:435][859]LogModuleManager: Shutting down and abandoning module SizeMap (171)
[2016.06.07-23.14.40:452][859]LogModuleManager: Shutting down and abandoning module TreeMap (170)
[2016.06.07-23.14.40:576][859]LogModuleManager: Shutting down and abandoning module ReferenceViewer (169)
[2016.06.07-23.14.40:618][859]LogModuleManager: Shutting down and abandoning module LocalizationService (168)
[2016.06.07-23.14.40:633][859]LogModuleManager: Shutting down and abandoning module LocalizationDashboard (167)
[2016.06.07-23.14.40:653][859]LogModuleManager: Shutting down and abandoning module HardwareTargeting (166)
[2016.06.07-23.14.40:653][859]LogModuleManager: Shutting down and abandoning module DeviceProfileEditor (165)
[2016.06.07-23.14.40:699][859]LogModuleManager: Shutting down and abandoning module UndoHistory (164)
[2016.06.07-23.14.40:799][859]LogModuleManager: Shutting down and abandoning module UserFeedback (163)
[2016.06.07-23.14.40:799][859]LogModuleManager: Shutting down and abandoning module XmlParser (162)
[2016.06.07-23.14.40:838][859]LogModuleManager: Shutting down and abandoning module Blutility (161)
[2016.06.07-23.14.40:889][859]LogModuleManager: Shutting down and abandoning module ProjectTargetPlatformEditor (160)
[2016.06.07-23.14.40:889][859]LogModuleManager: Shutting down and abandoning module ProjectSettingsViewer (159)
[2016.06.07-23.14.40:889][859]LogModuleManager: Shutting down and abandoning module InputBindingEditor (158)
[2016.06.07-23.14.41:114][859]LogModuleManager: Shutting down and abandoning module EditorSettingsViewer (157)
[2016.06.07-23.14.41:114][859]LogModuleManager: Shutting down and abandoning module SettingsEditor (156)
[2016.06.07-23.14.41:827][859]LogModuleManager: Shutting down and abandoning module ProjectLauncher (155)
[2016.06.07-23.14.42:092][859]LogModuleManager: Shutting down and abandoning module SessionFrontend (154)
[2016.06.07-23.14.42:154][859]LogModuleManager: Shutting down and abandoning module ProfilerClient (153)
[2016.06.07-23.14.42:192][859]LogModuleManager: Shutting down and abandoning module TargetDeviceServices (152)
[2016.06.07-23.14.42:234][859]LogModuleManager: Shutting down and abandoning module DeviceManager (151)
[2016.06.07-23.14.42:686][859]LogModuleManager: Shutting down and abandoning module AutomationController (150)
[2016.06.07-23.14.42:848][859]LogModuleManager: Shutting down and abandoning module AutomationWindow (149)
[2016.06.07-23.14.43:220][859]LogModuleManager: Shutting down and abandoning module Layers (148)
[2016.06.07-23.14.43:527][859]LogModuleManager: Shutting down and abandoning module ComponentVisualizers (147)
[2016.06.07-23.14.43:527][859]LogModuleManager: Shutting down and abandoning module DetailCustomizations (146)
[2016.06.07-23.14.43:588][859]LogModuleManager: Shutting down and abandoning module PackagesDialog (145)
[2016.06.07-23.14.43:588][859]LogModuleManager: Shutting down and abandoning module Persona (144)
[2016.06.07-23.14.43:937][859]LogModuleManager: Shutting down and abandoning module Kismet (143)
[2016.06.07-23.14.43:962][859]LogModuleManager: Shutting down and abandoning module GraphEditor (142)
[2016.06.07-23.14.43:963][859]LogModuleManager: Shutting down and abandoning module ClassViewer (141)
[2016.06.07-23.14.44:052][859]LogModuleManager: Shutting down and abandoning module Toolbox (140)
[2016.06.07-23.14.44:150][859]LogModuleManager: Shutting down and abandoning module ModuleUI (139)
[2016.06.07-23.14.44:221][859]LogModuleManager: Shutting down and abandoning module MovieSceneTools (138)
[2016.06.07-23.14.44:298][859]LogModuleManager: Shutting down and abandoning module OutputLog (137)
[2016.06.07-23.14.44:298][859]LogModuleManager: Shutting down and abandoning module GammaUI (136)
[2016.06.07-23.14.44:411][859]LogModuleManager: Shutting down and abandoning module Documentation (135)
[2016.06.07-23.14.44:411][859]LogModuleManager: Shutting down and abandoning module StreamingPauseRendering (134)
[2016.06.07-23.14.44:411][859]LogModuleManager: Shutting down and abandoning module AnalyticsET (133)
[2016.06.07-23.14.44:411][859]LogModuleManager: Shutting down and abandoning module Analytics (132)
[2016.06.07-23.14.44:411][859]LogModuleManager: Shutting down and abandoning module PortalServices (131)
[2016.06.07-23.14.44:411][859]LogModuleManager: Shutting down and abandoning module PortalRpc (130)
[2016.06.07-23.14.44:411][859]LogModuleManager: Shutting down and abandoning module MessagingRpc (129)
[2016.06.07-23.14.44:411][859]LogModuleManager: Shutting down and abandoning module AITestSuite (128)
[2016.06.07-23.14.44:514][859]LogModuleManager: Shutting down and abandoning module GameplayDebugger (127)
[2016.06.07-23.14.44:514][859]LogModuleManager: Shutting down and abandoning module AIModule (126)
[2016.06.07-23.14.44:514][859]LogModuleManager: Shutting down and abandoning module ProfilerService (125)
[2016.06.07-23.14.44:798][859]LogModuleManager: Shutting down and abandoning module TaskGraph (124)
[2016.06.07-23.14.45:115][859]LogModuleManager: Shutting down and abandoning module SlateRemote (123)
[2016.06.07-23.14.45:115][859]LogModuleManager: Shutting down and abandoning module SteamVRController (122)
[2016.06.07-23.14.45:115][859]LogModuleManager: Shutting down and abandoning module SteamVR (121)
[2016.06.07-23.14.45:115][859]LogModuleManager: Shutting down and abandoning module ProceduralMeshComponent (120)
[2016.06.07-23.14.45:115][859]LogModuleManager: Shutting down and abandoning module OculusLibrary (119)
[2016.06.07-23.14.45:115][859]LogModuleManager: Shutting down and abandoning module OculusInput (118)
[2016.06.07-23.14.45:115][859]LogModuleManager: Shutting down and abandoning module CustomMeshComponent (117)
[2016.06.07-23.14.45:115][859]LogModuleManager: Shutting down and abandoning module CableComponent (116)
[2016.06.07-23.14.45:115][859]LogModuleManager: Shutting down and abandoning module ArchVisCharacter (115)
[2016.06.07-23.14.45:115][859]LogModuleManager: Shutting down and abandoning module MediaPlayerEditor (114)
[2016.06.07-23.14.45:704][859]LogModuleManager: Shutting down and abandoning module HTML5Networking (113)
[2016.06.07-23.14.45:704][859]LogModuleManager: Shutting down and abandoning module SpeedTreeImporter (112)
[2016.06.07-23.14.45:704][859]LogModuleManager: Shutting down and abandoning module PluginBrowser (111)
[2016.06.07-23.14.46:152][859]LogModuleManager: Shutting down and abandoning module EpicSurvey (110)
[2016.06.07-23.14.46:176][859]LogModuleManager: Shutting down and abandoning module DesktopPlatform (109)
[2016.06.07-23.14.46:362][859]LogModuleManager: Shutting down and abandoning module VisualStudioSourceCodeAccess (108)
[2016.06.07-23.14.46:464][859]LogModuleManager: Shutting down and abandoning module SubversionSourceControl (107)
[2016.06.07-23.14.46:570][859]LogModuleManager: Shutting down and abandoning module PerforceSourceControl (106)
[2016.06.07-23.14.46:687][859]LogModuleManager: Shutting down and abandoning module SourceControl (105)
[2016.06.07-23.14.47:769][859]LogModuleManager: Shutting down and abandoning module GitSourceControl (104)
[2016.06.07-23.14.49:051][859]LogModuleManager: Shutting down and abandoning module LightPropagationVolumeEditor (103)
[2016.06.07-23.14.49:051][859]LogModuleManager: Shutting down and abandoning module PaperTiledImporter (102)
[2016.06.07-23.14.49:071][859]LogModuleManager: Shutting down and abandoning module PaperSpriteSheetImporter (101)
[2016.06.07-23.14.49:071][859]LogModuleManager: Shutting down and abandoning module MeshPaint (100)
[2016.06.07-23.14.49:186][859]LogModuleManager: Shutting down and abandoning module HotReload (99)
[2016.06.07-23.14.49:264][859]LogModuleManager: Shutting down and abandoning module MainFrame (98)
[2016.06.07-23.14.49:264][859]LogModuleManager: Shutting down and abandoning module LevelEditor (97)
[2016.06.07-23.14.49:569][859]LogModuleManager: Shutting down and abandoning module DirectoryWatcher (96)
[2016.06.07-23.14.49:571][859]LogModuleManager: Shutting down and abandoning module AssetRegistry (95)
[2016.06.07-23.14.50:334][859]LogModuleManager: Shutting down and abandoning module ContentBrowser (94)
[2016.06.07-23.14.50:335][859]LogModuleManager: Shutting down and abandoning module Paper2DEditor (93)
[2016.06.07-23.14.50:397][859]LogModuleManager: Shutting down and abandoning module UdpMessaging (92)
[2016.06.07-23.14.50:497][859]LogModuleManager: Shutting down and abandoning module LightPropagationVolumeRuntime (91)
[2016.06.07-23.14.50:497][859]LogModuleManager: Shutting down and abandoning module Paper2D (90)
[2016.06.07-23.14.51:058][859]LogModuleManager: Shutting down and abandoning module WindowsMoviePlayer (89)
[2016.06.07-23.14.51:338][859]LogModuleManager: Shutting down and abandoning module Media (88)
[2016.06.07-23.14.51:338][859]LogModuleManager: Shutting down and abandoning module WmfMedia (87)
[2016.06.07-23.14.52:037][859]LogModuleManager: Shutting down and abandoning module MediaAssets (86)
[2016.06.07-23.14.52:037][859]LogModuleManager: Shutting down and abandoning module GameLiveStreaming (85)
[2016.06.07-23.14.52:037][859]LogModuleManager: Shutting down and abandoning module GameplayTagsEditor (84)
[2016.06.07-23.14.52:037][859]LogModuleManager: Shutting down and abandoning module OnlineBlueprintSupport (83)
[2016.06.07-23.14.52:037][859]LogModuleManager: Shutting down and abandoning module GameplayTasksEditor (82)
[2016.06.07-23.14.52:037][859]LogModuleManager: Shutting down and abandoning module PropertyEditor (81)
[2016.06.07-23.14.52:037][859]LogModuleManager: Shutting down and abandoning module BehaviorTreeEditor (80)
[2016.06.07-23.14.52:232][859]LogModuleManager: Shutting down and abandoning module FunctionalTesting (79)
[2016.06.07-23.14.52:232][859]LogModuleManager: Shutting down and abandoning module CollisionAnalyzer (78)
[2016.06.07-23.14.55:157][859]LogModuleManager: Shutting down and abandoning module WorkspaceMenuStructure (77)
[2016.06.07-23.14.55:157][859]LogModuleManager: Shutting down and abandoning module MessageLog (76)
[2016.06.07-23.14.55:157][859]LogModuleManager: Shutting down and abandoning module Sequencer (75)
[2016.06.07-23.14.55:495][859]LogModuleManager: Shutting down and abandoning module AssetTools (74)
[2016.06.07-23.14.56:683][859]LogModuleManager: Shutting down and abandoning module UMGEditor (73)
[2016.06.07-23.14.57:013][859]LogModuleManager: Shutting down and abandoning module UMG (72)
[2016.06.07-23.14.57:162][859]LogModuleManager: Shutting down and abandoning module SlateReflector (71)
[2016.06.07-23.14.57:682][859]LogModuleManager: Shutting down and abandoning module Slate (70)
[2016.06.07-23.14.57:682][859]LogModuleManager: Shutting down and abandoning module EditorStyle (69)
[2016.06.07-23.14.57:686][859]LogModuleManager: Shutting down and abandoning module SessionServices (68)
[2016.06.07-23.14.57:686][859]LogModuleManager: Shutting down and abandoning module SourceCodeAccess (67)
[2016.06.07-23.14.57:686][859]LogModuleManager: Shutting down and abandoning module HeadMountedDisplay (66)
[2016.06.07-23.14.57:686][859]LogModuleManager: Shutting down and abandoning module XAudio2 (65)
[2016.06.07-23.14.57:686][859]LogModuleManager: Shutting down and abandoning module Networking (63)
[2016.06.07-23.14.57:686][859]LogModuleManager: Shutting down and abandoning module Core (62)
[2016.06.07-23.14.57:686][859]LogModuleManager: Shutting down and abandoning module KismetCompiler (61)
[2016.06.07-23.14.57:686][859]LogModuleManager: Shutting down and abandoning module PhysXFormats (60)
[2016.06.07-23.14.57:756][859]LogModuleManager: Shutting down and abandoning module MeshUtilities (59)
[2016.06.07-23.14.58:033][859]LogModuleManager: Shutting down and abandoning module CookingStats (58)
[2016.06.07-23.14.58:033][859]LogModuleManager: Shutting down and abandoning module DerivedDataCache (57)
[2016.06.07-23.14.58:033][859]LogDerivedDataCache: Shutdown
[2016.06.07-23.14.58:033][859]LogModuleManager: Shutting down and abandoning module ShaderFormatOpenGL (56)
[2016.06.07-23.14.58:186][859]LogModuleManager: Shutting down and abandoning module ShaderFormatD3D (55)
[2016.06.07-23.14.58:288][859]LogModuleManager: Shutting down and abandoning module MetalShaderFormat (54)
[2016.06.07-23.14.58:397][859]LogModuleManager: Shutting down and abandoning module TextureFormatUncompressed (53)
[2016.06.07-23.14.58:397][859]LogModuleManager: Shutting down and abandoning module TextureFormatPVR (52)
[2016.06.07-23.14.58:489][859]LogModuleManager: Shutting down and abandoning module TextureFormatIntelISPCTexComp (51)
[2016.06.07-23.14.58:506][859]LogModuleManager: Shutting down and abandoning module TextureFormatDXT (50)
[2016.06.07-23.14.58:523][859]LogModuleManager: Shutting down and abandoning module ImageWrapper (49)
[2016.06.07-23.14.58:523][859]LogModuleManager: Shutting down and abandoning module TextureFormatASTC (48)
[2016.06.07-23.14.58:523][859]LogModuleManager: Shutting down and abandoning module TextureFormatAndroid (47)
[2016.06.07-23.14.58:524][859]LogModuleManager: Shutting down and abandoning module AudioFormatOpus (46)
[2016.06.07-23.14.58:553][859]LogModuleManager: Shutting down and abandoning module AudioFormatOgg (45)
[2016.06.07-23.14.58:659][859]LogModuleManager: Shutting down and abandoning module AudioFormatADPCM (44)
[2016.06.07-23.14.58:681][859]LogModuleManager: Shutting down and abandoning module LinuxTargetPlatform (43)
[2016.06.07-23.14.58:681][859]LogModuleManager: Shutting down and abandoning module LinuxServerTargetPlatform (42)
[2016.06.07-23.14.58:705][859]LogModuleManager: Shutting down and abandoning module LinuxNoEditorTargetPlatform (41)
[2016.06.07-23.14.58:735][859]LogModuleManager: Shutting down and abandoning module TVOSTargetPlatform (40)
[2016.06.07-23.14.58:735][859]LogModuleManager: Shutting down and abandoning module Messaging (39)
[2016.06.07-23.14.58:735][859]LogModuleManager: Shutting down and abandoning module IOSTargetPlatform (38)
[2016.06.07-23.14.58:735][859]LogModuleManager: Shutting down and abandoning module HTML5TargetPlatform (37)
[2016.06.07-23.14.58:735][859]LogModuleManager: Shutting down and abandoning module Android_PVRTCTargetPlatform (36)
[2016.06.07-23.14.58:735][859]LogModuleManager: Shutting down and abandoning module Android_MultiTargetPlatform (35)
[2016.06.07-23.14.58:783][859]LogModuleManager: Shutting down and abandoning module Android_ETC2TargetPlatform (34)
[2016.06.07-23.14.58:783][859]LogModuleManager: Shutting down and abandoning module Android_ETC1TargetPlatform (33)
[2016.06.07-23.14.58:783][859]LogModuleManager: Shutting down and abandoning module Android_DXTTargetPlatform (32)
[2016.06.07-23.14.58:783][859]LogModuleManager: Shutting down and abandoning module Android_ATCTargetPlatform (31)
[2016.06.07-23.14.58:783][859]LogModuleManager: Shutting down and abandoning module Android_ASTCTargetPlatform (30)
[2016.06.07-23.14.58:783][859]LogModuleManager: Shutting down and abandoning module AndroidTargetPlatform (29)
[2016.06.07-23.14.58:783][859]LogModuleManager: Shutting down and abandoning module WindowsTargetPlatform (28)
[2016.06.07-23.14.58:783][859]LogModuleManager: Shutting down and abandoning module WindowsServerTargetPlatform (27)
[2016.06.07-23.14.59:007][859]LogModuleManager: Shutting down and abandoning module WindowsNoEditorTargetPlatform (26)
[2016.06.07-23.14.59:027][859]LogModuleManager: Shutting down and abandoning module WindowsClientTargetPlatform (25)
[2016.06.07-23.14.59:111][859]LogModuleManager: Shutting down and abandoning module AllDesktopTargetPlatform (24)
[2016.06.07-23.14.59:111][859]LogModuleManager: Shutting down and abandoning module TargetPlatform (23)
[2016.06.07-23.14.59:111][859]LogModuleManager: Shutting down and abandoning module InputCore (22)
[2016.06.07-23.14.59:111][859]LogModuleManager: Shutting down and abandoning module Settings (21)
[2016.06.07-23.14.59:111][859]LogModuleManager: Shutting down and abandoning module OnlineSubsystem (19)
[2016.06.07-23.14.59:111][859]LogModuleManager: Shutting down and abandoning module HTTP (18)
[2016.06.07-23.15.02:112][859]LogModuleManager: Shutting down and abandoning module XMPP (17)
[2016.06.07-23.15.04:402][859]LogModuleManager: Shutting down and abandoning module OculusRift (16)
[2016.06.07-23.15.04:465][859]LogModuleManager: Shutting down and abandoning module ExampleDeviceProfileSelector (15)
[2016.06.07-23.15.04:465][859]LogModuleManager: Shutting down and abandoning module TextureCompressor (14)
[2016.06.07-23.15.04:465][859]LogModuleManager: Shutting down and abandoning module ShaderCore (13)
[2016.06.07-23.15.04:465][859]LogModuleManager: Shutting down and abandoning module Landscape (12)
[2016.06.07-23.15.04:465][859]LogModuleManager: Shutting down and abandoning module SlateRHIRenderer (11)
[2016.06.07-23.15.04:644][859]LogModuleManager: Shutting down and abandoning module OpenGLDrv (10)
[2016.06.07-23.15.04:742][859]LogModuleManager: Shutting down and abandoning module D3D11RHI (9)
[2016.06.07-23.15.04:742][859]LogModuleManager: Shutting down and abandoning module AnimGraphRuntime (8)
[2016.06.07-23.15.04:742][859]LogModuleManager: Shutting down and abandoning module Renderer (7)
[2016.06.07-23.15.04:742][859]LogModuleManager: Shutting down and abandoning module Engine (6)
[2016.06.07-23.15.04:742][859]LogModuleManager: Shutting down and abandoning module CoreUObject (5)
[2016.06.07-23.15.04:742][859]LogModuleManager: Shutting down and abandoning module NetworkFile (4)
[2016.06.07-23.15.05:885][859]LogModuleManager: Shutting down and abandoning module StreamingFile (3)
[2016.06.07-23.15.05:885][859]LogModuleManager: Shutting down and abandoning module SandboxFile (2)
[2016.06.07-23.15.06:223][859]LogModuleManager: Shutting down and abandoning module PakFile (1)
[2016.06.07-23.15.06:348][859]LogExit: Exiting.
[2016.06.07-23.15.06:391][859]Log file closed, 06/07/16 18:15:06
