Log file open, 06/29/16 23:01:00
LogInit:Display: Running engine for game: VR_City
LogPlatformFile: Not using cached read wrapper
LogInit:Display: RandInit(1368647874) SRandInit(1368647876).
LogTaskGraph: Started task graph with 4 named threads and 6 total threads.
LogStats: Stats thread started at 0.068354
LogInit: Version: 4.11.2-2946394+++UE4+Release-4.11
LogInit: API Version: 2927265
LogInit: Compiled (64-bit): Apr 18 2016 02:18:46
LogInit: Compiled with Visual C++: 19.00.23026.00
LogInit: Build Configuration: Development
LogInit: Branch Name: ++UE4+Release-4.11
LogInit: Command line: -EpicPortal 
LogInit: Base directory: C:/Program Files (x86)/Epic Games/4.11/Engine/Binaries/Win64/
LogInit: Installed Engine Build: 1
LogInit: Using libcurl 7.41.0
LogInit:  - built for x86_64-pc-win32
LogInit:  - supports SSL with WinSSL
LogInit:  - other features:
LogInit:      CURL_VERSION_SSL
LogInit:      CURL_VERSION_IPV6
LogInit:      CURL_VERSION_ASYNCHDNS
LogInit:      CURL_VERSION_LARGEFILE
LogInit:      CURL_VERSION_IDN
LogInit:  CurlRequestOptions (configurable via config and command line):
LogInit:  - bVerifyPeer = true  - Libcurl will verify peer certificate
LogInit:  - bUseHttpProxy = false  - Libcurl will NOT use HTTP proxy
LogInit:  - bDontReuseConnections = false  - Libcurl will reuse connections
LogInit:  - CertBundlePath = nullptr  - Libcurl will use whatever was configured at build time.
LogInit: Presizing for max 16777216 objects, including 0 objects not considered by GC, pre-allocating 0 bytes for permanent pool.
LogInit: Object subsystem initialized
[2016.06.30-04.01.00:536][  0]LogInit: Selected Device Profile: [Windows]
[2016.06.30-04.01.00:536][  0]LogInit: Applying CVar settings loaded from the selected device profile: [Windows]
[2016.06.30-04.01.00:547][  0]LogInit: Computer: MY-PC
[2016.06.30-04.01.00:547][  0]LogInit: User: My
[2016.06.30-04.01.00:547][  0]LogInit: CPU Page size=65536, Cores=3
[2016.06.30-04.01.00:547][  0]LogInit: High frequency timer resolution =3.703847 MHz
[2016.06.30-04.01.00:547][  0]LogMemory: Memory total: Physical=7.9GB (8GB approx)
[2016.06.30-04.01.00:547][  0]LogMemory: Platform Memory Stats for Windows
[2016.06.30-04.01.00:547][  0]LogMemory: Process Physical Memory: 313.54 MB used, 313.54 MB peak
[2016.06.30-04.01.00:547][  0]LogMemory: Process Virtual Memory: 317.25 MB used, 317.25 MB peak
[2016.06.30-04.01.00:547][  0]LogMemory: Physical Memory: 4788.32 MB used, 8094.93 MB total
[2016.06.30-04.01.00:547][  0]LogMemory: Virtual Memory: 622.11 MB used, 8388608.00 MB total
[2016.06.30-04.01.00:592][  0]LogTextLocalizationManager: No specific translations for ('en-US') exist, so ('en') translations will be used.
[2016.06.30-04.01.01:102][  0]LogD3D11RHI: D3D11 adapters:
[2016.06.30-04.01.01:133][  0]LogD3D11RHI:    0. 'NVIDIA GeForce GTX 970' (Feature Level 11_0)
[2016.06.30-04.01.01:133][  0]LogD3D11RHI:       4007MB of dedicated video memory, 0MB of dedicated system memory, and 3791MB of shared system memory, 1 output[s]
[2016.06.30-04.01.01:133][  0]LogD3D11RHI: Chosen D3D11 Adapter: 0
[2016.06.30-04.01.01:141][  0]LogD3D11RHI: Creating new Direct3DDevice
[2016.06.30-04.01.01:142][  0]LogD3D11RHI:     Adapter Name: NVIDIA GeForce GTX 970
[2016.06.30-04.01.01:142][  0]LogD3D11RHI:   Driver Version: 10.18.13.6175 (internal 10.18.13.6175)
[2016.06.30-04.01.01:142][  0]LogD3D11RHI:      Driver Date: 1-22-2016
[2016.06.30-04.01.01:142][  0]LogRHI: Texture pool is 1361 MB (70% of 1945 MB)
[2016.06.30-04.01.01:157][  0]LogD3D11RHI: Async texture creation enabled
[2016.06.30-04.01.01:627][  0]LogShaderCompilers: Guid format shader working directory is -10 characters bigger than the processId version (../../../../../../Users/My/Desktop/UE4-City-Building/Intermediate/Shaders/WorkingDirectory/10632/).
[2016.06.30-04.01.01:627][  0]LogShaderCompilers: Cleaned the shader compiler working directory 'C:/Users/My/AppData/Local/Temp/UnrealShaderWorkingDir/0FA88F224780151642B7ACB9CFBE359A/'.
[2016.06.30-04.01.01:627][  0]LogShaderCompilers:Display: Using Local Shader Compiler.
[2016.06.30-04.01.02:859][  0]LogTemp:Display: Loaded TP AllDesktopTargetPlatform
[2016.06.30-04.01.02:865][  0]LogTemp:Display: Loaded TP WindowsClientTargetPlatform
[2016.06.30-04.01.02:871][  0]LogTemp:Display: Loaded TP WindowsNoEditorTargetPlatform
[2016.06.30-04.01.02:876][  0]LogTemp:Display: Loaded TP WindowsServerTargetPlatform
[2016.06.30-04.01.02:881][  0]LogTemp:Display: Loaded TP WindowsTargetPlatform
[2016.06.30-04.01.02:886][  0]LogTemp:Display: Loaded TP AndroidTargetPlatform
[2016.06.30-04.01.02:890][  0]LogTemp:Display: Loaded TP Android_ASTCTargetPlatform
[2016.06.30-04.01.02:894][  0]LogTemp:Display: Loaded TP Android_ATCTargetPlatform
[2016.06.30-04.01.02:898][  0]LogTemp:Display: Loaded TP Android_DXTTargetPlatform
[2016.06.30-04.01.02:902][  0]LogTemp:Display: Loaded TP Android_ETC1TargetPlatform
[2016.06.30-04.01.02:906][  0]LogTemp:Display: Loaded TP Android_ETC2TargetPlatform
[2016.06.30-04.01.02:915][  0]LogTemp:Display: Loaded TP Android_MultiTargetPlatform
[2016.06.30-04.01.02:915][  0]LogTemp:Display: Loaded TP Android_PVRTCTargetPlatform
[2016.06.30-04.01.02:916][  0]LogTemp:Display: Loaded TP HTML5TargetPlatform
[2016.06.30-04.01.02:933][  0]LogTemp:Display: Loaded TP IOSTargetPlatform
[2016.06.30-04.01.02:937][  0]LogTemp:Display: Loaded TP TVOSTargetPlatform
[2016.06.30-04.01.02:941][  0]LogTemp:Display: Loaded TP LinuxNoEditorTargetPlatform
[2016.06.30-04.01.02:945][  0]LogTemp:Display: Loaded TP LinuxServerTargetPlatform
[2016.06.30-04.01.02:950][  0]LogTemp:Display: Loaded TP LinuxTargetPlatform
[2016.06.30-04.01.02:950][  0]LogTargetPlatformManager:Display: Building Assets For Windows
[2016.06.30-04.01.03:028][  0]LogDerivedDataCache:Display: Max Cache Size: 512 MB
[2016.06.30-04.01.03:165][  0]LogDerivedDataCache: Loaded boot cache 0.14s 72MB C:/Users/My/AppData/Local/UnrealEngine/4.11/DerivedDataCache/Boot.ddc.
[2016.06.30-04.01.03:165][  0]LogDerivedDataCache:Display: Loaded Boot cache: C:/Users/My/AppData/Local/UnrealEngine/4.11/DerivedDataCache/Boot.ddc
[2016.06.30-04.01.03:165][  0]LogDerivedDataCache: FDerivedDataBackendGraph:  Pak pak cache file ../../../../../../Users/My/Desktop/UE4-City-Building/DerivedDataCache/DDC.ddp not found, will not use a pak cache.
[2016.06.30-04.01.03:165][  0]LogDerivedDataCache: Unable to find inner node Pak for hierarchical cache Hierarchy.
[2016.06.30-04.01.03:165][  0]LogDerivedDataCache: FDerivedDataBackendGraph:  CompressedPak pak cache file ../../../../../../Users/My/Desktop/UE4-City-Building/DerivedDataCache/Compressed.ddp not found, will not use a pak cache.
[2016.06.30-04.01.03:165][  0]LogDerivedDataCache: Unable to find inner node CompressedPak for hierarchical cache Hierarchy.
[2016.06.30-04.01.03:184][  0]LogDerivedDataCache:Display: Pak cache opened for reading ../../../Engine/DerivedDataCache/Compressed.ddp.
[2016.06.30-04.01.03:195][  0]LogDerivedDataCache: Using Local data cache path C:/Users/My/AppData/Local/UnrealEngine/Common/DerivedDataCache: Writable
[2016.06.30-04.01.03:423][  0]LogInit: Selected Device Profile: [Windows]
[2016.06.30-04.01.03:424][  0]LogContentStreaming: Texture pool size is 0.00 MB
[2016.06.30-04.01.03:459][  0]LogMaterial: Uniform references updated for custom material expression Custom.
[2016.06.30-04.01.03:630][  0]LogMeshUtilities: No automatic mesh reduction module available
[2016.06.30-04.01.03:630][  0]LogMeshUtilities: No automatic mesh merging module available
[2016.06.30-04.01.03:630][  0]LogMeshUtilities: No distributed automatic mesh merging module available
[2016.06.30-04.01.03:975][  0]LogUObjectArray: 27679 objects as part of root set at end of initial load.
[2016.06.30-04.01.03:975][  0]LogUObjectAllocator: 5591592 out of 0 bytes used by permanent object pool.
[2016.06.30-04.01.03:975][  0]LogUObjectArray: CloseDisregardForGC: 0/0 objects in disregard for GC pool
[2016.06.30-04.01.03:982][  0]LogInit: WinSock: version 1.1 (2.2), MaxSocks=32767, MaxUdp=65467
[2016.06.30-04.01.04:084][  0]LogSlate: SlateFontCache - WITH_FREETYPE: 1, WITH_HARFBUZZ: 1
[2016.06.30-04.01.04:084][  0]LogSlate: SlateFontCache - WITH_FREETYPE: 1, WITH_HARFBUZZ: 1
[2016.06.30-04.01.04:201][  0]LogStreaming:Warning: Failed to read file '../../../Engine/Content/Editor/Slate/Common/Selection_16x.png' error.
[2016.06.30-04.01.04:201][  0]LogSlate: Could not find file for Slate resource: ../../../Engine/Content/Editor/Slate/Common/Selection_16x.png
[2016.06.30-04.01.04:201][  0]LogStreaming:Warning: Failed to read file '../../../Engine/Content/Editor/Slate/Common/Selection_16x.png' error.
[2016.06.30-04.01.04:201][  0]LogSlate: Could not find file for Slate resource: ../../../Engine/Content/Editor/Slate/Common/Selection_16x.png
[2016.06.30-04.01.04:201][  0]LogStreaming:Warning: Failed to read file '../../../Engine/Content/Editor/Slate/Common/Selection_16x.png' error.
[2016.06.30-04.01.04:201][  0]LogSlate: Could not find file for Slate resource: ../../../Engine/Content/Editor/Slate/Common/Selection_16x.png
[2016.06.30-04.01.04:909][  0]LogUdpMessaging: Initializing bridge on interface 0.0.0.0:0 to multicast group 230.0.0.1:6666.
[2016.06.30-04.01.05:010][  0]LogAssetRegistry: FAssetRegistry took 0.0197 seconds to start up
[2016.06.30-04.01.05:200][  0]SourceControl: Info Source control is disabled
[2016.06.30-04.01.05:301][  0]SourceControl: Info Source control is disabled
[2016.06.30-04.01.05:310][  0]SourceControl: Info Source control is disabled
[2016.06.30-04.01.05:319][  0]SourceControl: Info Source control is disabled
[2016.06.30-04.01.05:441][  0]LogHMD: Failed to initialize OpenVR with code 108
[2016.06.30-04.01.05:520][  0]LogEngine: Initializing Engine...
[2016.06.30-04.01.05:721][  0]LogAIModule: Creating AISystem for world NewWorld
[2016.06.30-04.01.05:734][  0]LogInit: XAudio2 using 'Speakers (9- Logitech G930 Gaming Headset)' : 2 channels at 44.1 kHz using 16 bits per sample (channel mask 0x3)
[2016.06.30-04.01.05:759][  0]LogInit: FAudioDevice initialized.
[2016.06.30-04.01.05:841][  0]LogDerivedDataCache: Saved boot cache 0.08s 72MB C:/Users/My/AppData/Local/UnrealEngine/4.11/DerivedDataCache/Boot.ddc.
[2016.06.30-04.01.05:866][  0]LogInit: Texture streaming: Enabled
[2016.06.30-04.01.05:893][  0]LogInit: Transaction tracking system initialized
[2016.06.30-04.01.05:916][  0]BlueprintLog: New page: Editor Load
[2016.06.30-04.01.05:993][  0]LocalizationService: Info Localization service is disabled
[2016.06.30-04.01.06:070][  0]LogConsoleResponse:Display: 
[2016.06.30-04.01.06:192][  0]LogCook:Display: Max memory allowance for cook 8192mb
[2016.06.30-04.01.06:192][  0]LogCook:Display: Mobile HDR setting 1
[2016.06.30-04.01.06:192][  0]LogCook:Display: Done creating registry. It took  0.00s.
[2016.06.30-04.01.06:251][  0]LogFileCache: Scanning file cache for directory 'C:/Users/My/Desktop/UE4-City-Building/Content/' took 0.01s
[2016.06.30-04.01.06:251][  0]SourceControl: Info Source control is disabled
[2016.06.30-04.01.06:251][  0]Cmd: MAP LOAD FILE="../../../../../../Users/My/Desktop/UE4-City-Building/Content/Maps/VR_Basic.umap" TEMPLATE=0 SHOWPROGRESS=1 FEATURELEVEL=3
[2016.06.30-04.01.06:251][  0]LightingResults: New page: Lighting Build
[2016.06.30-04.01.06:255][  0]MapCheck: New page: Map Check
[2016.06.30-04.01.06:255][  0]LightingResults: New page: Lighting Build
[2016.06.30-04.01.06:604][  0]LogAIModule: Creating AISystem for world VR_Basic
[2016.06.30-04.01.06:609][  0]LogEditorServer: Finished looking for orphan Actors (0.000 secs)
[2016.06.30-04.01.06:609][  0]Cmd: MAP CHECKDEP NOCLEARLOG
[2016.06.30-04.01.06:655][  0]MapCheck: Info Map check complete: 0 Error(s), 0 Warning(s), took 45.345ms to complete.
[2016.06.30-04.01.06:655][  0]LogFileHelpers: Loading map 'VR_Basic' took 0.404
[2016.06.30-04.01.06:733][  0]LogCollectionManager: Loaded 1 collections in 0.002105 seconds
[2016.06.30-04.01.06:772][  0]LogFileCache: Scanning file cache for directory 'C:/Users/My/Desktop/UE4-City-Building/Saved/Collections/' took 0.01s
[2016.06.30-04.01.06:772][  0]LogFileCache: Scanning file cache for directory 'C:/Users/My/Desktop/UE4-City-Building/Content/Developers/My/Collections/' took 0.01s
[2016.06.30-04.01.06:772][  0]LogFileCache: Scanning file cache for directory 'C:/Users/My/Desktop/UE4-City-Building/Content/Collections/' took 0.01s
[2016.06.30-04.01.06:772][  0]LogCollectionManager: Rebuilt the GUID cache for 1 collections in 0.000005 seconds
[2016.06.30-04.01.06:772][  0]LogCollectionManager: Rebuilt the hierarchy cache for 1 collections in 0.000000 seconds
[2016.06.30-04.01.06:783][  0]LogContentBrowser: Native class hierarchy populated in 0.0107 seconds. Added 1978 classes and 340 folders.
[2016.06.30-04.01.06:787][  0]LogStats: UGameplayTagsManager::ConstructGameplayTagTree: Construct from data asset -  0.000 s
[2016.06.30-04.01.06:787][  0]LogStats: UGameplayTagsManager::ConstructGameplayTagTree: GameplayTagTreeChangedEvent.Broadcast -  0.000 s
[2016.06.30-04.01.06:787][  0]LogContentBrowser: Native class hierarchy updated for 'GameplayTags' in 0.0005 seconds. Added 12 classes and 0 folders.
[2016.06.30-04.01.06:792][  0]LogContentBrowser: Native class hierarchy updated for 'WidgetCarousel' in 0.0004 seconds. Added 0 classes and 0 folders.
[2016.06.30-04.01.06:799][  0]LogContentBrowser: Native class hierarchy updated for 'SuperSearch' in 0.0004 seconds. Added 1 classes and 2 folders.
[2016.06.30-04.01.06:848][  0]LogContentBrowser: Native class hierarchy updated for 'AddContentDialog' in 0.0005 seconds. Added 0 classes and 0 folders.
[2016.06.30-04.01.06:927][  0]LogContentBrowser: Native class hierarchy updated for 'SceneOutliner' in 0.0004 seconds. Added 1 classes and 2 folders.
[2016.06.30-04.01.06:965][  0]LogCrashTracker: Crashtracker disabled due to settings.
[2016.06.30-04.01.06:972][  0]LogUObjectGlobals:Warning: Failed to find object 'Class None.'
[2016.06.30-04.01.06:997][  0]LogContentBrowser: Native class hierarchy updated for 'HierarchicalLODOutliner' in 0.0005 seconds. Added 1 classes and 2 folders.
[2016.06.30-04.01.06:997][  0]LogLoad: Full Startup: 7.40 seconds (BP compile: 0.05 seconds)
[2016.06.30-04.01.06:997][  0]LogExternalProfiler: Found external profiler: VSPerf
[2016.06.30-04.01.06:997][  0]LogExternalProfiler: Using external profiler: VSPerf
[2016.06.30-04.01.07:006][  0]LogOcInput: OculusInput pre-init called
[2016.06.30-04.01.07:051][  0]LogContentStreaming: Texture pool size now 1000 MB
[2016.06.30-04.01.07:228][  0]LogRenderer: Reallocating scene render targets to support 1580x1140 (Frame:2).
[2016.06.30-04.01.07:342][  1]LogAssetRegistry: Asset discovery search completed in 2.3524 seconds
[2016.06.30-04.01.07:342][  1]LogCollectionManager: Rebuilt the object cache for 1 collections in 0.000002 seconds (found 0 objects)
[2016.06.30-04.01.07:342][  1]LogCollectionManager: Fixed up redirectors for 1 collections in 0.000028 seconds (updated 0 objects)
[2016.06.30-04.01.19:999][395]LogContentBrowser: Native class hierarchy updated for 'BlueprintGraph' in 0.0010 seconds. Added 108 classes and 0 folders.
[2016.06.30-04.01.56:033][986]LogBlueprintUserMessages: Early PlayInEditor Detection: Level '/Game/Maps/VR_Basic.VR_Basic:PersistentLevel' has LevelScriptBlueprint '/Game/Maps/VR_Basic.VR_Basic:PersistentLevel.VR_Basic' with GeneratedClass '/Game/Maps/VR_Basic.VR_Basic_C' with ClassGeneratedBy '/Game/Maps/VR_Basic.VR_Basic:PersistentLevel.VR_Basic'
[2016.06.30-04.01.56:033][986]LogPlayLevel: PlayLevel: No blueprints needed recompiling
[2016.06.30-04.01.56:034][986]PIE: New page: PIE session: VR_Basic (Jun 29, 2016, 5:01:56 PM)
[2016.06.30-04.01.56:034][986]LogPlayLevel: Creating play world package: /Game/Maps/UEDPIE_0_VR_Basic
[2016.06.30-04.01.56:039][986]LogPlayLevel: PIE: StaticDuplicateObject took: (0.004575s)
[2016.06.30-04.01.56:040][986]LogAIModule: Creating AISystem for world VR_Basic
[2016.06.30-04.01.56:040][986]LogPlayLevel: PIE: World Init took: (0.000999s)
[2016.06.30-04.01.56:040][986]LogPlayLevel: PIE: Created PIE world by copying editor world from /Game/Maps/VR_Basic.VR_Basic to /Game/Maps/UEDPIE_0_VR_Basic.VR_Basic (0.006018s)
[2016.06.30-04.01.56:041][986]LogActorComponent: UnregisterComponent: (/Engine/Transient.MovementComponent0) Not registered. Aborting.
[2016.06.30-04.01.56:103][986]LogInit: XAudio2 using 'Speakers (9- Logitech G930 Gaming Headset)' : 2 channels at 44.1 kHz using 16 bits per sample (channel mask 0x3)
[2016.06.30-04.01.56:120][986]LogInit: FAudioDevice initialized.
[2016.06.30-04.01.56:181][986]LogWorld: Game class is 'VR_GameMode_C'
[2016.06.30-04.01.56:184][986]LogWorld: Bringing World /Game/Maps/UEDPIE_0_VR_Basic.VR_Basic up for play (max tick rate 0) at 2016.06.29-23.01.56
[2016.06.30-04.01.56:185][986]LogWorld: Bringing up level for play took: 0.001917
[2016.06.30-04.01.56:189][986]LogContentBrowser: Native class hierarchy updated for 'MovieSceneCapture' in 0.0005 seconds. Added 9 classes and 0 folders.
[2016.06.30-04.01.56:191][986]Cmd: FULL SCREEN
[2016.06.30-04.01.56:191][986]Command not recognized: FULL SCREEN
[2016.06.30-04.01.56:191][986]Cmd: Stereo On
[2016.06.30-04.01.56:191][986]Command not recognized: Stereo On
[2016.06.30-04.01.56:191][986]PIE: Info Play in editor start time for /Game/Maps/UEDPIE_0_VR_Basic 0.312
[2016.06.30-04.01.56:191][986]LogBlueprintUserMessages: Late PlayInEditor Detection: Level '/Game/Maps/VR_Basic.VR_Basic:PersistentLevel' has LevelScriptBlueprint '/Game/Maps/VR_Basic.VR_Basic:PersistentLevel.VR_Basic' with GeneratedClass '/Game/Maps/VR_Basic.VR_Basic_C' with ClassGeneratedBy '/Game/Maps/VR_Basic.VR_Basic:PersistentLevel.VR_Basic'
[2016.06.30-04.01.59:305][272]LogBlueprintUserMessages: Early EndPlayMap Detection: Level '/Game/Maps/VR_Basic.VR_Basic:PersistentLevel' has LevelScriptBlueprint '/Game/Maps/VR_Basic.VR_Basic:PersistentLevel.VR_Basic' with GeneratedClass '/Game/Maps/VR_Basic.VR_Basic_C' with ClassGeneratedBy '/Game/Maps/VR_Basic.VR_Basic:PersistentLevel.VR_Basic'
[2016.06.30-04.01.59:342][272]LogBlueprintUserMessages: Late EndPlayMap Detection: Level '/Game/Maps/VR_Basic.VR_Basic:PersistentLevel' has LevelScriptBlueprint '/Game/Maps/VR_Basic.VR_Basic:PersistentLevel.VR_Basic' with GeneratedClass '/Game/Maps/VR_Basic.VR_Basic_C' with ClassGeneratedBy '/Game/Maps/VR_Basic.VR_Basic:PersistentLevel.VR_Basic'
[2016.06.30-04.02.27:216][863]LogSlate:Warning: Prevented a slow task dialog from being summoned while a context menu was open
[2016.06.30-04.02.34:669][553]LogBlueprintUserMessages: Early PlayInEditor Detection: Level '/Game/Maps/VR_Basic.VR_Basic:PersistentLevel' has LevelScriptBlueprint '/Game/Maps/VR_Basic.VR_Basic:PersistentLevel.VR_Basic' with GeneratedClass '/Game/Maps/VR_Basic.VR_Basic_C' with ClassGeneratedBy '/Game/Maps/VR_Basic.VR_Basic:PersistentLevel.VR_Basic'
[2016.06.30-04.02.34:670][553]BlueprintLog: New page: Pre-Play auto-recompile
[2016.06.30-04.02.34:670][553]LogPlayLevel: [PlayLevel] Compiling VR_GameMode before play...
[2016.06.30-04.02.34:679][553]LogActorComponent: UnregisterComponent: (/Engine/Transient.MovementComponent0) Not registered. Aborting.
[2016.06.30-04.02.34:737][553]LogPlayLevel: PlayLevel: Blueprint regeneration took 67 ms (1 blueprints)
[2016.06.30-04.02.34:764][553]PIE: New page: PIE session: VR_Basic (Jun 29, 2016, 5:02:34 PM)
[2016.06.30-04.02.34:764][553]LogPlayLevel: Creating play world package: /Game/Maps/UEDPIE_0_VR_Basic
[2016.06.30-04.02.34:769][553]LogPlayLevel: PIE: StaticDuplicateObject took: (0.004290s)
[2016.06.30-04.02.34:769][553]LogAIModule: Creating AISystem for world VR_Basic
[2016.06.30-04.02.34:770][553]LogPlayLevel: PIE: World Init took: (0.000956s)
[2016.06.30-04.02.34:770][553]LogPlayLevel: PIE: Created PIE world by copying editor world from /Game/Maps/VR_Basic.VR_Basic to /Game/Maps/UEDPIE_0_VR_Basic.VR_Basic (0.005709s)
[2016.06.30-04.02.34:810][553]LogInit: XAudio2 using 'Speakers (9- Logitech G930 Gaming Headset)' : 2 channels at 44.1 kHz using 16 bits per sample (channel mask 0x3)
[2016.06.30-04.02.34:818][553]LogAudio:Error: CreateMasteringVoice error: Unhandled error code -2004287465
[2016.06.30-04.02.34:818][553]LogInit:Warning: Failed to create the mastering voice for XAudio2
[2016.06.30-04.02.34:852][553]LogWorld: Game class is 'VR_GameMode_C'
[2016.06.30-04.02.34:855][553]LogWorld: Bringing World /Game/Maps/UEDPIE_0_VR_Basic.VR_Basic up for play (max tick rate 0) at 2016.06.29-23.02.34
[2016.06.30-04.02.34:856][553]LogWorld: Bringing up level for play took: 0.002523
[2016.06.30-04.02.34:857][553]Cmd: FULL SCREEN
[2016.06.30-04.02.34:857][553]Command not recognized: FULL SCREEN
[2016.06.30-04.02.34:858][553]Cmd: Stereo On
[2016.06.30-04.02.34:858][553]Command not recognized: Stereo On
[2016.06.30-04.02.34:858][553]PIE: Info Play in editor start time for /Game/Maps/UEDPIE_0_VR_Basic 0.978
[2016.06.30-04.02.34:858][553]LogBlueprintUserMessages: Late PlayInEditor Detection: Level '/Game/Maps/VR_Basic.VR_Basic:PersistentLevel' has LevelScriptBlueprint '/Game/Maps/VR_Basic.VR_Basic:PersistentLevel.VR_Basic' with GeneratedClass '/Game/Maps/VR_Basic.VR_Basic_C' with ClassGeneratedBy '/Game/Maps/VR_Basic.VR_Basic:PersistentLevel.VR_Basic'
[2016.06.30-04.02.43:720][612]LogBlueprintUserMessages: Early EndPlayMap Detection: Level '/Game/Maps/VR_Basic.VR_Basic:PersistentLevel' has LevelScriptBlueprint '/Game/Maps/VR_Basic.VR_Basic:PersistentLevel.VR_Basic' with GeneratedClass '/Game/Maps/VR_Basic.VR_Basic_C' with ClassGeneratedBy '/Game/Maps/VR_Basic.VR_Basic:PersistentLevel.VR_Basic'
[2016.06.30-04.02.43:752][612]LogBlueprintUserMessages: Late EndPlayMap Detection: Level '/Game/Maps/VR_Basic.VR_Basic:PersistentLevel' has LevelScriptBlueprint '/Game/Maps/VR_Basic.VR_Basic:PersistentLevel.VR_Basic' with GeneratedClass '/Game/Maps/VR_Basic.VR_Basic_C' with ClassGeneratedBy '/Game/Maps/VR_Basic.VR_Basic:PersistentLevel.VR_Basic'
[2016.06.30-04.02.51:160][476]LogActorComponent: UnregisterComponent: (/Engine/Transient.MovementComponent0) Not registered. Aborting.
[2016.06.30-04.02.54:198][645]Cmd: OBJ SAVEPACKAGE PACKAGE="/Game/Maps/VR_Basic" FILE="../../../../../../Users/My/Desktop/UE4-City-Building/Content/Maps/VR_Basic.umap" SILENT=true AUTOSAVING=false KEEPDIRTY=false
[2016.06.30-04.02.54:200][645]LogActorComponent: UnregisterComponent: (/Engine/Transient.MovementComponent0) Not registered. Aborting.
[2016.06.30-04.02.54:364][645]LogSavePackage: Save=116.98ms
[2016.06.30-04.02.54:364][645]LogSavePackage: Moving '../../../../../../Users/My/Desktop/UE4-City-Building/Saved/VR_BasicE8AE668F42155E05892853A0538FE0B9.tmp' to '../../../../../../Users/My/Desktop/UE4-City-Building/Content/Maps/VR_Basic.umap'
[2016.06.30-04.02.54:367][645]LogSavePackage: Total save time: 143.57ms
[2016.06.30-04.02.54:367][645]LogSavePackage:Display: Finished SavePackage ../../../../../../Users/My/Desktop/UE4-City-Building/Content/Maps/VR_Basic.umap
[2016.06.30-04.02.56:282][866]LogActorComponent: UnregisterComponent: (/Engine/Transient.MovementComponent0) Not registered. Aborting.
[2016.06.30-04.02.57:522][866]Cmd: OBJ SAVEPACKAGE PACKAGE="/Game/PlayerCharacter/Blueprints/VR_GameMode" FILE="../../../../../../Users/My/Desktop/UE4-City-Building/Content/PlayerCharacter/Blueprints/VR_GameMode.uasset" SILENT=true
[2016.06.30-04.02.57:551][866]LogSavePackage: Save=19.10ms
[2016.06.30-04.02.57:551][866]LogSavePackage: Moving '../../../../../../Users/My/Desktop/UE4-City-Building/Saved/VR_GameModeE0AD41394FC93CEEBFC18F836FFC2FCB.tmp' to '../../../../../../Users/My/Desktop/UE4-City-Building/Content/PlayerCharacter/Blueprints/VR_GameMode.uasset'
[2016.06.30-04.02.57:557][866]LogSavePackage: Total save time: 33.30ms
[2016.06.30-04.02.57:557][866]LogSavePackage:Display: Finished SavePackage ../../../../../../Users/My/Desktop/UE4-City-Building/Content/PlayerCharacter/Blueprints/VR_GameMode.uasset
[2016.06.30-04.02.57:907][867]Cmd: QUIT_EDITOR
[2016.06.30-04.02.59:048][867]LogExit: Preparing to exit.
[2016.06.30-04.03.00:100][867]LogExit: Editor shut down
[2016.06.30-04.03.00:100][867]LogExit: Transaction tracking system shut down
[2016.06.30-04.03.00:305][867]LogObj: Freed 0b from 0 cluster array pools.
[2016.06.30-04.03.00:306][867]LogExit: Object subsystem successfully closed.
[2016.06.30-04.03.00:322][867]LogD3D11RHI: Shutdown
[2016.06.30-04.03.00:322][867]LogD3D11RHI: CleanupD3DDevice
[2016.06.30-04.03.00:397][867]LogD3D11RHI: ~FD3D11DynamicRHI
[2016.06.30-04.03.00:700][867]LogDerivedDataCache: Shutdown
[2016.06.30-04.03.00:700][867]LogModuleManager: Shutting down and abandoning module MovieSceneCapture (205)
[2016.06.30-04.03.00:700][867]LogModuleManager: Shutting down and abandoning module BlueprintGraph (204)
[2016.06.30-04.03.00:700][867]LogModuleManager: Shutting down and abandoning module HierarchicalLODOutliner (203)
[2016.06.30-04.03.00:700][867]LogModuleManager: Shutting down and abandoning module CrashTracker (202)
[2016.06.30-04.03.00:700][867]LogModuleManager: Shutting down and abandoning module SceneOutliner (201)
[2016.06.30-04.03.00:700][867]LogModuleManager: Shutting down and abandoning module SuperSearch (200)
[2016.06.30-04.03.00:700][867]LogModuleManager: Shutting down and abandoning module WidgetCarousel (199)
[2016.06.30-04.03.00:700][867]LogModuleManager: Shutting down and abandoning module AddContentDialog (198)
[2016.06.30-04.03.00:702][867]LogModuleManager: Shutting down and abandoning module GameplayTags (197)
[2016.06.30-04.03.00:702][867]LogModuleManager: Shutting down and abandoning module EditorWidgets (196)
[2016.06.30-04.03.00:702][867]LogModuleManager: Shutting down and abandoning module CollectionManager (195)
[2016.06.30-04.03.00:702][867]LogModuleManager: Shutting down and abandoning module StatsViewer (194)
[2016.06.30-04.03.00:702][867]LogModuleManager: Shutting down and abandoning module FoliageEdit (193)
[2016.06.30-04.03.00:702][867]LogModuleManager: Shutting down and abandoning module LandscapeEditor (192)
[2016.06.30-04.03.00:702][867]LogModuleManager: Shutting down and abandoning module ActorPickerMode (191)
[2016.06.30-04.03.00:702][867]LogModuleManager: Shutting down and abandoning module GeometryMode (190)
[2016.06.30-04.03.00:702][867]LogModuleManager: Shutting down and abandoning module TextureAlignMode (189)
[2016.06.30-04.03.00:702][867]LogModuleManager: Shutting down and abandoning module BspMode (188)
[2016.06.30-04.03.00:702][867]LogModuleManager: Shutting down and abandoning module PlacementMode (187)
[2016.06.30-04.03.00:702][867]LogModuleManager: Shutting down and abandoning module AutomationWorker (186)
[2016.06.30-04.03.00:702][867]LogModuleManager: Shutting down and abandoning module CharacterAI (185)
[2016.06.30-04.03.00:702][867]LogModuleManager: Shutting down and abandoning module SmartSnapping (184)
[2016.06.30-04.03.00:702][867]LogModuleManager: Shutting down and abandoning module ViewportSnapping (183)
[2016.06.30-04.03.00:702][867]LogModuleManager: Shutting down and abandoning module LogVisualizer (182)
[2016.06.30-04.03.00:703][867]LogModuleManager: Shutting down and abandoning module GameProjectGeneration (181)
[2016.06.30-04.03.00:703][867]LogModuleManager: Shutting down and abandoning module IntroTutorials (180)
[2016.06.30-04.03.00:703][867]LogModuleManager: Shutting down and abandoning module EditorLiveStreaming (179)
[2016.06.30-04.03.00:703][867]LogModuleManager: Shutting down and abandoning module IOSPlatformEditor (178)
[2016.06.30-04.03.00:703][867]LogModuleManager: Shutting down and abandoning module HTML5PlatformEditor (177)
[2016.06.30-04.03.00:703][867]LogModuleManager: Shutting down and abandoning module AndroidDeviceDetection (176)
[2016.06.30-04.03.01:033][867]LogModuleManager: Shutting down and abandoning module AndroidPlatformEditor (175)
[2016.06.30-04.03.01:033][867]LogModuleManager: Shutting down and abandoning module IOSRuntimeSettings (174)
[2016.06.30-04.03.01:033][867]LogModuleManager: Shutting down and abandoning module AndroidRuntimeSettings (173)
[2016.06.30-04.03.01:033][867]LogModuleManager: Shutting down and abandoning module MergeActors (172)
[2016.06.30-04.03.01:033][867]LogModuleManager: Shutting down and abandoning module SizeMap (171)
[2016.06.30-04.03.01:033][867]LogModuleManager: Shutting down and abandoning module TreeMap (170)
[2016.06.30-04.03.01:033][867]LogModuleManager: Shutting down and abandoning module ReferenceViewer (169)
[2016.06.30-04.03.01:033][867]LogModuleManager: Shutting down and abandoning module LocalizationService (168)
[2016.06.30-04.03.01:033][867]LogModuleManager: Shutting down and abandoning module LocalizationDashboard (167)
[2016.06.30-04.03.01:033][867]LogModuleManager: Shutting down and abandoning module HardwareTargeting (166)
[2016.06.30-04.03.01:033][867]LogModuleManager: Shutting down and abandoning module DeviceProfileEditor (165)
[2016.06.30-04.03.01:033][867]LogModuleManager: Shutting down and abandoning module UndoHistory (164)
[2016.06.30-04.03.01:033][867]LogModuleManager: Shutting down and abandoning module UserFeedback (163)
[2016.06.30-04.03.01:033][867]LogModuleManager: Shutting down and abandoning module XmlParser (162)
[2016.06.30-04.03.01:033][867]LogModuleManager: Shutting down and abandoning module Blutility (161)
[2016.06.30-04.03.01:033][867]LogModuleManager: Shutting down and abandoning module ProjectTargetPlatformEditor (160)
[2016.06.30-04.03.01:033][867]LogModuleManager: Shutting down and abandoning module ProjectSettingsViewer (159)
[2016.06.30-04.03.01:033][867]LogModuleManager: Shutting down and abandoning module InputBindingEditor (158)
[2016.06.30-04.03.01:034][867]LogModuleManager: Shutting down and abandoning module EditorSettingsViewer (157)
[2016.06.30-04.03.01:034][867]LogModuleManager: Shutting down and abandoning module SettingsEditor (156)
[2016.06.30-04.03.01:034][867]LogModuleManager: Shutting down and abandoning module ProjectLauncher (155)
[2016.06.30-04.03.01:034][867]LogModuleManager: Shutting down and abandoning module SessionFrontend (154)
[2016.06.30-04.03.01:034][867]LogModuleManager: Shutting down and abandoning module ProfilerClient (153)
[2016.06.30-04.03.01:034][867]LogModuleManager: Shutting down and abandoning module TargetDeviceServices (152)
[2016.06.30-04.03.01:034][867]LogModuleManager: Shutting down and abandoning module DeviceManager (151)
[2016.06.30-04.03.01:064][867]LogModuleManager: Shutting down and abandoning module AutomationController (150)
[2016.06.30-04.03.01:064][867]LogModuleManager: Shutting down and abandoning module AutomationWindow (149)
[2016.06.30-04.03.01:064][867]LogModuleManager: Shutting down and abandoning module Layers (148)
[2016.06.30-04.03.01:064][867]LogModuleManager: Shutting down and abandoning module ComponentVisualizers (147)
[2016.06.30-04.03.01:064][867]LogModuleManager: Shutting down and abandoning module DetailCustomizations (146)
[2016.06.30-04.03.01:064][867]LogModuleManager: Shutting down and abandoning module PackagesDialog (145)
[2016.06.30-04.03.01:064][867]LogModuleManager: Shutting down and abandoning module Persona (144)
[2016.06.30-04.03.01:064][867]LogModuleManager: Shutting down and abandoning module Kismet (143)
[2016.06.30-04.03.01:064][867]LogModuleManager: Shutting down and abandoning module GraphEditor (142)
[2016.06.30-04.03.01:064][867]LogModuleManager: Shutting down and abandoning module ClassViewer (141)
[2016.06.30-04.03.01:065][867]LogModuleManager: Shutting down and abandoning module Toolbox (140)
[2016.06.30-04.03.01:065][867]LogModuleManager: Shutting down and abandoning module ModuleUI (139)
[2016.06.30-04.03.01:065][867]LogModuleManager: Shutting down and abandoning module MovieSceneTools (138)
[2016.06.30-04.03.01:065][867]LogModuleManager: Shutting down and abandoning module OutputLog (137)
[2016.06.30-04.03.01:065][867]LogModuleManager: Shutting down and abandoning module GammaUI (136)
[2016.06.30-04.03.01:065][867]LogModuleManager: Shutting down and abandoning module Documentation (135)
[2016.06.30-04.03.01:066][867]LogModuleManager: Shutting down and abandoning module StreamingPauseRendering (134)
[2016.06.30-04.03.01:066][867]LogModuleManager: Shutting down and abandoning module AnalyticsET (133)
[2016.06.30-04.03.01:066][867]LogModuleManager: Shutting down and abandoning module Analytics (132)
[2016.06.30-04.03.01:066][867]LogModuleManager: Shutting down and abandoning module PortalServices (131)
[2016.06.30-04.03.01:066][867]LogModuleManager: Shutting down and abandoning module PortalRpc (130)
[2016.06.30-04.03.01:066][867]LogModuleManager: Shutting down and abandoning module MessagingRpc (129)
[2016.06.30-04.03.01:066][867]LogModuleManager: Shutting down and abandoning module AITestSuite (128)
[2016.06.30-04.03.01:066][867]LogModuleManager: Shutting down and abandoning module GameplayDebugger (127)
[2016.06.30-04.03.01:066][867]LogModuleManager: Shutting down and abandoning module AIModule (126)
[2016.06.30-04.03.01:066][867]LogModuleManager: Shutting down and abandoning module ProfilerService (125)
[2016.06.30-04.03.01:246][867]LogModuleManager: Shutting down and abandoning module TaskGraph (124)
[2016.06.30-04.03.01:246][867]LogModuleManager: Shutting down and abandoning module SlateRemote (123)
[2016.06.30-04.03.01:246][867]LogModuleManager: Shutting down and abandoning module SteamVRController (122)
[2016.06.30-04.03.01:246][867]LogModuleManager: Shutting down and abandoning module SteamVR (121)
[2016.06.30-04.03.01:246][867]LogModuleManager: Shutting down and abandoning module ProceduralMeshComponent (120)
[2016.06.30-04.03.01:246][867]LogModuleManager: Shutting down and abandoning module OculusLibrary (119)
[2016.06.30-04.03.01:246][867]LogModuleManager: Shutting down and abandoning module OculusInput (118)
[2016.06.30-04.03.01:246][867]LogModuleManager: Shutting down and abandoning module CustomMeshComponent (117)
[2016.06.30-04.03.01:246][867]LogModuleManager: Shutting down and abandoning module CableComponent (116)
[2016.06.30-04.03.01:246][867]LogModuleManager: Shutting down and abandoning module ArchVisCharacter (115)
[2016.06.30-04.03.01:246][867]LogModuleManager: Shutting down and abandoning module MediaPlayerEditor (114)
[2016.06.30-04.03.01:246][867]LogModuleManager: Shutting down and abandoning module HTML5Networking (113)
[2016.06.30-04.03.01:246][867]LogModuleManager: Shutting down and abandoning module SpeedTreeImporter (112)
[2016.06.30-04.03.01:246][867]LogModuleManager: Shutting down and abandoning module PluginBrowser (111)
[2016.06.30-04.03.01:246][867]LogModuleManager: Shutting down and abandoning module EpicSurvey (110)
[2016.06.30-04.03.01:246][867]LogModuleManager: Shutting down and abandoning module DesktopPlatform (109)
[2016.06.30-04.03.01:246][867]LogModuleManager: Shutting down and abandoning module VisualStudioSourceCodeAccess (108)
[2016.06.30-04.03.01:246][867]LogModuleManager: Shutting down and abandoning module SubversionSourceControl (107)
[2016.06.30-04.03.01:246][867]LogModuleManager: Shutting down and abandoning module PerforceSourceControl (106)
[2016.06.30-04.03.01:246][867]LogModuleManager: Shutting down and abandoning module SourceControl (105)
[2016.06.30-04.03.01:247][867]LogModuleManager: Shutting down and abandoning module GitSourceControl (104)
[2016.06.30-04.03.01:247][867]LogModuleManager: Shutting down and abandoning module LightPropagationVolumeEditor (103)
[2016.06.30-04.03.01:247][867]LogModuleManager: Shutting down and abandoning module PaperTiledImporter (102)
[2016.06.30-04.03.01:247][867]LogModuleManager: Shutting down and abandoning module PaperSpriteSheetImporter (101)
[2016.06.30-04.03.01:247][867]LogModuleManager: Shutting down and abandoning module MeshPaint (100)
[2016.06.30-04.03.01:247][867]LogModuleManager: Shutting down and abandoning module HotReload (99)
[2016.06.30-04.03.01:247][867]LogModuleManager: Shutting down and abandoning module MainFrame (98)
[2016.06.30-04.03.01:247][867]LogModuleManager: Shutting down and abandoning module LevelEditor (97)
[2016.06.30-04.03.01:248][867]LogModuleManager: Shutting down and abandoning module DirectoryWatcher (96)
[2016.06.30-04.03.01:249][867]LogModuleManager: Shutting down and abandoning module AssetRegistry (95)
[2016.06.30-04.03.01:423][867]LogModuleManager: Shutting down and abandoning module ContentBrowser (94)
[2016.06.30-04.03.01:424][867]LogModuleManager: Shutting down and abandoning module Paper2DEditor (93)
[2016.06.30-04.03.01:424][867]LogModuleManager: Shutting down and abandoning module UdpMessaging (92)
[2016.06.30-04.03.01:524][867]LogModuleManager: Shutting down and abandoning module LightPropagationVolumeRuntime (91)
[2016.06.30-04.03.01:524][867]LogModuleManager: Shutting down and abandoning module Paper2D (90)
[2016.06.30-04.03.01:524][867]LogModuleManager: Shutting down and abandoning module WindowsMoviePlayer (89)
[2016.06.30-04.03.01:524][867]LogModuleManager: Shutting down and abandoning module Media (88)
[2016.06.30-04.03.01:524][867]LogModuleManager: Shutting down and abandoning module WmfMedia (87)
[2016.06.30-04.03.01:524][867]LogModuleManager: Shutting down and abandoning module MediaAssets (86)
[2016.06.30-04.03.01:524][867]LogModuleManager: Shutting down and abandoning module GameLiveStreaming (85)
[2016.06.30-04.03.01:525][867]LogModuleManager: Shutting down and abandoning module GameplayTagsEditor (84)
[2016.06.30-04.03.01:525][867]LogModuleManager: Shutting down and abandoning module OnlineBlueprintSupport (83)
[2016.06.30-04.03.01:525][867]LogModuleManager: Shutting down and abandoning module GameplayTasksEditor (82)
[2016.06.30-04.03.01:525][867]LogModuleManager: Shutting down and abandoning module PropertyEditor (81)
[2016.06.30-04.03.01:525][867]LogModuleManager: Shutting down and abandoning module BehaviorTreeEditor (80)
[2016.06.30-04.03.01:525][867]LogModuleManager: Shutting down and abandoning module FunctionalTesting (79)
[2016.06.30-04.03.01:525][867]LogModuleManager: Shutting down and abandoning module CollisionAnalyzer (78)
[2016.06.30-04.03.01:525][867]LogModuleManager: Shutting down and abandoning module WorkspaceMenuStructure (77)
[2016.06.30-04.03.01:525][867]LogModuleManager: Shutting down and abandoning module MessageLog (76)
[2016.06.30-04.03.01:525][867]LogModuleManager: Shutting down and abandoning module Sequencer (75)
[2016.06.30-04.03.01:525][867]LogModuleManager: Shutting down and abandoning module AssetTools (74)
[2016.06.30-04.03.01:525][867]LogModuleManager: Shutting down and abandoning module UMGEditor (73)
[2016.06.30-04.03.01:525][867]LogModuleManager: Shutting down and abandoning module UMG (72)
[2016.06.30-04.03.01:525][867]LogModuleManager: Shutting down and abandoning module SlateReflector (71)
[2016.06.30-04.03.01:525][867]LogModuleManager: Shutting down and abandoning module Slate (70)
[2016.06.30-04.03.01:525][867]LogModuleManager: Shutting down and abandoning module EditorStyle (69)
[2016.06.30-04.03.01:528][867]LogModuleManager: Shutting down and abandoning module SessionServices (68)
[2016.06.30-04.03.01:528][867]LogModuleManager: Shutting down and abandoning module SourceCodeAccess (67)
[2016.06.30-04.03.01:528][867]LogModuleManager: Shutting down and abandoning module HeadMountedDisplay (66)
[2016.06.30-04.03.01:528][867]LogModuleManager: Shutting down and abandoning module XAudio2 (65)
[2016.06.30-04.03.01:528][867]LogModuleManager: Shutting down and abandoning module Networking (63)
[2016.06.30-04.03.01:528][867]LogModuleManager: Shutting down and abandoning module Core (62)
[2016.06.30-04.03.01:528][867]LogModuleManager: Shutting down and abandoning module KismetCompiler (61)
[2016.06.30-04.03.01:528][867]LogModuleManager: Shutting down and abandoning module PhysXFormats (60)
[2016.06.30-04.03.01:528][867]LogModuleManager: Shutting down and abandoning module MeshUtilities (59)
[2016.06.30-04.03.01:528][867]LogModuleManager: Shutting down and abandoning module CookingStats (58)
[2016.06.30-04.03.01:528][867]LogModuleManager: Shutting down and abandoning module DerivedDataCache (57)
[2016.06.30-04.03.01:528][867]LogDerivedDataCache: Shutdown
[2016.06.30-04.03.01:528][867]LogModuleManager: Shutting down and abandoning module ShaderFormatOpenGL (56)
[2016.06.30-04.03.01:528][867]LogModuleManager: Shutting down and abandoning module ShaderFormatD3D (55)
[2016.06.30-04.03.01:528][867]LogModuleManager: Shutting down and abandoning module MetalShaderFormat (54)
[2016.06.30-04.03.01:528][867]LogModuleManager: Shutting down and abandoning module TextureFormatUncompressed (53)
[2016.06.30-04.03.01:528][867]LogModuleManager: Shutting down and abandoning module TextureFormatPVR (52)
[2016.06.30-04.03.01:528][867]LogModuleManager: Shutting down and abandoning module TextureFormatIntelISPCTexComp (51)
[2016.06.30-04.03.01:528][867]LogModuleManager: Shutting down and abandoning module TextureFormatDXT (50)
[2016.06.30-04.03.01:528][867]LogModuleManager: Shutting down and abandoning module ImageWrapper (49)
[2016.06.30-04.03.01:528][867]LogModuleManager: Shutting down and abandoning module TextureFormatASTC (48)
[2016.06.30-04.03.01:528][867]LogModuleManager: Shutting down and abandoning module TextureFormatAndroid (47)
[2016.06.30-04.03.01:528][867]LogModuleManager: Shutting down and abandoning module AudioFormatOpus (46)
[2016.06.30-04.03.01:528][867]LogModuleManager: Shutting down and abandoning module AudioFormatOgg (45)
[2016.06.30-04.03.01:528][867]LogModuleManager: Shutting down and abandoning module AudioFormatADPCM (44)
[2016.06.30-04.03.01:528][867]LogModuleManager: Shutting down and abandoning module LinuxTargetPlatform (43)
[2016.06.30-04.03.01:528][867]LogModuleManager: Shutting down and abandoning module LinuxServerTargetPlatform (42)
[2016.06.30-04.03.01:528][867]LogModuleManager: Shutting down and abandoning module LinuxNoEditorTargetPlatform (41)
[2016.06.30-04.03.01:528][867]LogModuleManager: Shutting down and abandoning module TVOSTargetPlatform (40)
[2016.06.30-04.03.01:528][867]LogModuleManager: Shutting down and abandoning module Messaging (39)
[2016.06.30-04.03.01:528][867]LogModuleManager: Shutting down and abandoning module IOSTargetPlatform (38)
[2016.06.30-04.03.01:528][867]LogModuleManager: Shutting down and abandoning module HTML5TargetPlatform (37)
[2016.06.30-04.03.01:528][867]LogModuleManager: Shutting down and abandoning module Android_PVRTCTargetPlatform (36)
[2016.06.30-04.03.01:528][867]LogModuleManager: Shutting down and abandoning module Android_MultiTargetPlatform (35)
[2016.06.30-04.03.01:528][867]LogModuleManager: Shutting down and abandoning module Android_ETC2TargetPlatform (34)
[2016.06.30-04.03.01:528][867]LogModuleManager: Shutting down and abandoning module Android_ETC1TargetPlatform (33)
[2016.06.30-04.03.01:528][867]LogModuleManager: Shutting down and abandoning module Android_DXTTargetPlatform (32)
[2016.06.30-04.03.01:528][867]LogModuleManager: Shutting down and abandoning module Android_ATCTargetPlatform (31)
[2016.06.30-04.03.01:528][867]LogModuleManager: Shutting down and abandoning module Android_ASTCTargetPlatform (30)
[2016.06.30-04.03.01:528][867]LogModuleManager: Shutting down and abandoning module AndroidTargetPlatform (29)
[2016.06.30-04.03.01:528][867]LogModuleManager: Shutting down and abandoning module WindowsTargetPlatform (28)
[2016.06.30-04.03.01:528][867]LogModuleManager: Shutting down and abandoning module WindowsServerTargetPlatform (27)
[2016.06.30-04.03.01:528][867]LogModuleManager: Shutting down and abandoning module WindowsNoEditorTargetPlatform (26)
[2016.06.30-04.03.01:528][867]LogModuleManager: Shutting down and abandoning module WindowsClientTargetPlatform (25)
[2016.06.30-04.03.01:528][867]LogModuleManager: Shutting down and abandoning module AllDesktopTargetPlatform (24)
[2016.06.30-04.03.01:528][867]LogModuleManager: Shutting down and abandoning module TargetPlatform (23)
[2016.06.30-04.03.01:528][867]LogModuleManager: Shutting down and abandoning module InputCore (22)
[2016.06.30-04.03.01:528][867]LogModuleManager: Shutting down and abandoning module Settings (21)
[2016.06.30-04.03.01:528][867]LogModuleManager: Shutting down and abandoning module OnlineSubsystem (19)
[2016.06.30-04.03.01:528][867]LogModuleManager: Shutting down and abandoning module HTTP (18)
[2016.06.30-04.03.02:531][867]LogModuleManager: Shutting down and abandoning module XMPP (17)
[2016.06.30-04.03.02:531][867]LogModuleManager: Shutting down and abandoning module OculusRift (16)
[2016.06.30-04.03.02:531][867]LogModuleManager: Shutting down and abandoning module ExampleDeviceProfileSelector (15)
[2016.06.30-04.03.02:531][867]LogModuleManager: Shutting down and abandoning module TextureCompressor (14)
[2016.06.30-04.03.02:531][867]LogModuleManager: Shutting down and abandoning module ShaderCore (13)
[2016.06.30-04.03.02:531][867]LogModuleManager: Shutting down and abandoning module Landscape (12)
[2016.06.30-04.03.02:531][867]LogModuleManager: Shutting down and abandoning module SlateRHIRenderer (11)
[2016.06.30-04.03.02:533][867]LogModuleManager: Shutting down and abandoning module OpenGLDrv (10)
[2016.06.30-04.03.02:533][867]LogModuleManager: Shutting down and abandoning module D3D11RHI (9)
[2016.06.30-04.03.02:533][867]LogModuleManager: Shutting down and abandoning module AnimGraphRuntime (8)
[2016.06.30-04.03.02:533][867]LogModuleManager: Shutting down and abandoning module Renderer (7)
[2016.06.30-04.03.02:533][867]LogModuleManager: Shutting down and abandoning module Engine (6)
[2016.06.30-04.03.02:533][867]LogModuleManager: Shutting down and abandoning module CoreUObject (5)
[2016.06.30-04.03.02:533][867]LogModuleManager: Shutting down and abandoning module NetworkFile (4)
[2016.06.30-04.03.02:533][867]LogModuleManager: Shutting down and abandoning module StreamingFile (3)
[2016.06.30-04.03.02:533][867]LogModuleManager: Shutting down and abandoning module SandboxFile (2)
[2016.06.30-04.03.02:533][867]LogModuleManager: Shutting down and abandoning module PakFile (1)
[2016.06.30-04.03.02:535][867]LogExit: Exiting.
[2016.06.30-04.03.02:537][867]Log file closed, 06/29/16 23:03:02
