Log file open, 06/29/16 22:50:52
LogInit:Display: Running engine for game: VR_City
LogPlatformFile: Not using cached read wrapper
LogInit:Display: RandInit(-881307954) SRandInit(-881307950).
LogTaskGraph: Started task graph with 4 named threads and 6 total threads.
LogStats: Stats thread started at 0.088598
LogInit: Version: 4.11.2-2946394+++UE4+Release-4.11
LogInit: API Version: 2927265
LogInit: Compiled (64-bit): Apr 18 2016 02:18:46
LogInit: Compiled with Visual C++: 19.00.23026.00
LogInit: Build Configuration: Development
LogInit: Branch Name: ++UE4+Release-4.11
LogInit: Command line:  /Temp/Autosaves/Game/Maps/UEDPCVR_Basic -game -PIEVIACONSOLE -ResX=1280 -ResY=720  -Multiprocess -messaging -SessionName="Play in Standalone Game" -nohmd 
LogInit: Base directory: C:/Program Files (x86)/Epic Games/4.11/Engine/Binaries/Win64/
LogInit: Installed Engine Build: 1
LogInit: Using libcurl 7.41.0
LogInit:  - built for x86_64-pc-win32
LogInit:  - supports SSL with WinSSL
LogInit:  - other features:
LogInit:      CURL_VERSION_SSL
LogInit:      CURL_VERSION_IPV6
LogInit:      CURL_VERSION_ASYNCHDNS
LogInit:      CURL_VERSION_LARGEFILE
LogInit:      CURL_VERSION_IDN
LogInit:  CurlRequestOptions (configurable via config and command line):
LogInit:  - bVerifyPeer = true  - Libcurl will verify peer certificate
LogInit:  - bUseHttpProxy = false  - Libcurl will NOT use HTTP proxy
LogInit:  - bDontReuseConnections = false  - Libcurl will reuse connections
LogInit:  - CertBundlePath = nullptr  - Libcurl will use whatever was configured at build time.
LogInit: Presizing for max 16777216 objects, including 0 objects not considered by GC, pre-allocating 0 bytes for permanent pool.
LogInit: Object subsystem initialized
[2016.06.30-03.50.53:295][  0]LogInit: Selected Device Profile: [Windows]
[2016.06.30-03.50.53:295][  0]LogInit: Applying CVar settings loaded from the selected device profile: [Windows]
[2016.06.30-03.50.53:301][  0]LogInit: Computer: MY-PC
[2016.06.30-03.50.53:301][  0]LogInit: User: My
[2016.06.30-03.50.53:301][  0]LogInit: CPU Page size=65536, Cores=3
[2016.06.30-03.50.53:301][  0]LogInit: High frequency timer resolution =3.703847 MHz
[2016.06.30-03.50.53:301][  0]LogMemory: Memory total: Physical=7.9GB (8GB approx)
[2016.06.30-03.50.53:301][  0]LogMemory: Platform Memory Stats for Windows
[2016.06.30-03.50.53:301][  0]LogMemory: Process Physical Memory: 313.33 MB used, 313.33 MB peak
[2016.06.30-03.50.53:301][  0]LogMemory: Process Virtual Memory: 316.32 MB used, 316.32 MB peak
[2016.06.30-03.50.53:301][  0]LogMemory: Physical Memory: 6227.84 MB used, 8094.93 MB total
[2016.06.30-03.50.53:301][  0]LogMemory: Virtual Memory: 621.17 MB used, 8388608.00 MB total
[2016.06.30-03.50.53:395][  0]LogTextLocalizationManager: No specific translations for ('en-US') exist, so ('en') translations will be used.
[2016.06.30-03.50.54:169][  0]LogD3D11RHI: D3D11 adapters:
[2016.06.30-03.50.54:204][  0]LogD3D11RHI:    0. 'NVIDIA GeForce GTX 970' (Feature Level 11_0)
[2016.06.30-03.50.54:204][  0]LogD3D11RHI:       4007MB of dedicated video memory, 0MB of dedicated system memory, and 3791MB of shared system memory, 1 output[s]
[2016.06.30-03.50.54:204][  0]LogD3D11RHI: Chosen D3D11 Adapter: 0
[2016.06.30-03.50.54:219][  0]LogD3D11RHI: Creating new Direct3DDevice
[2016.06.30-03.50.54:219][  0]LogD3D11RHI:     Adapter Name: NVIDIA GeForce GTX 970
[2016.06.30-03.50.54:219][  0]LogD3D11RHI:   Driver Version: 10.18.13.6175 (internal 10.18.13.6175)
[2016.06.30-03.50.54:219][  0]LogD3D11RHI:      Driver Date: 1-22-2016
[2016.06.30-03.50.54:219][  0]LogRHI: Texture pool is 1361 MB (70% of 1945 MB)
[2016.06.30-03.50.54:237][  0]LogD3D11RHI: Async texture creation enabled
[2016.06.30-03.50.54:890][  0]LogShaderCompilers: Guid format shader working directory is -10 characters bigger than the processId version (../../../../../../Users/My/Desktop/UE4-City-Building/Intermediate/Shaders/WorkingDirectory/11428/).
[2016.06.30-03.50.54:890][  0]LogShaderCompilers: Cleaned the shader compiler working directory 'C:/Users/My/AppData/Local/Temp/UnrealShaderWorkingDir/354467DD441D1AA6FE46308D0DEA1884/'.
[2016.06.30-03.50.54:891][  0]LogShaderCompilers:Display: Using Local Shader Compiler.
[2016.06.30-03.50.56:610][  0]LogTemp:Display: Loaded TP AllDesktopTargetPlatform
[2016.06.30-03.50.56:619][  0]LogTemp:Display: Loaded TP WindowsClientTargetPlatform
[2016.06.30-03.50.56:627][  0]LogTemp:Display: Loaded TP WindowsNoEditorTargetPlatform
[2016.06.30-03.50.56:636][  0]LogTemp:Display: Loaded TP WindowsServerTargetPlatform
[2016.06.30-03.50.56:645][  0]LogTemp:Display: Loaded TP WindowsTargetPlatform
[2016.06.30-03.50.56:654][  0]LogTemp:Display: Loaded TP AndroidTargetPlatform
[2016.06.30-03.50.56:661][  0]LogTemp:Display: Loaded TP Android_ASTCTargetPlatform
[2016.06.30-03.50.56:666][  0]LogTemp:Display: Loaded TP Android_ATCTargetPlatform
[2016.06.30-03.50.56:672][  0]LogTemp:Display: Loaded TP Android_DXTTargetPlatform
[2016.06.30-03.50.56:678][  0]LogTemp:Display: Loaded TP Android_ETC1TargetPlatform
[2016.06.30-03.50.56:685][  0]LogTemp:Display: Loaded TP Android_ETC2TargetPlatform
[2016.06.30-03.50.56:699][  0]LogTemp:Display: Loaded TP Android_MultiTargetPlatform
[2016.06.30-03.50.56:699][  0]LogTemp:Display: Loaded TP Android_PVRTCTargetPlatform
[2016.06.30-03.50.56:700][  0]LogTemp:Display: Loaded TP HTML5TargetPlatform
[2016.06.30-03.50.56:724][  0]LogTemp:Display: Loaded TP IOSTargetPlatform
[2016.06.30-03.50.56:728][  0]LogTemp:Display: Loaded TP TVOSTargetPlatform
[2016.06.30-03.50.56:733][  0]LogTemp:Display: Loaded TP LinuxNoEditorTargetPlatform
[2016.06.30-03.50.56:738][  0]LogTemp:Display: Loaded TP LinuxServerTargetPlatform
[2016.06.30-03.50.56:744][  0]LogTemp:Display: Loaded TP LinuxTargetPlatform
[2016.06.30-03.50.56:744][  0]LogTargetPlatformManager:Display: Building Assets For Windows
[2016.06.30-03.50.56:847][  0]LogDerivedDataCache:Display: Max Cache Size: 512 MB
[2016.06.30-03.50.57:076][  0]LogDerivedDataCache: Loaded boot cache 0.23s 72MB C:/Users/My/AppData/Local/UnrealEngine/4.11/DerivedDataCache/Boot.ddc.
[2016.06.30-03.50.57:076][  0]LogDerivedDataCache:Display: Loaded Boot cache: C:/Users/My/AppData/Local/UnrealEngine/4.11/DerivedDataCache/Boot.ddc
[2016.06.30-03.50.57:077][  0]LogDerivedDataCache: FDerivedDataBackendGraph:  Pak pak cache file ../../../../../../Users/My/Desktop/UE4-City-Building/DerivedDataCache/DDC.ddp not found, will not use a pak cache.
[2016.06.30-03.50.57:077][  0]LogDerivedDataCache: Unable to find inner node Pak for hierarchical cache Hierarchy.
[2016.06.30-03.50.57:077][  0]LogDerivedDataCache: FDerivedDataBackendGraph:  CompressedPak pak cache file ../../../../../../Users/My/Desktop/UE4-City-Building/DerivedDataCache/Compressed.ddp not found, will not use a pak cache.
[2016.06.30-03.50.57:077][  0]LogDerivedDataCache: Unable to find inner node CompressedPak for hierarchical cache Hierarchy.
[2016.06.30-03.50.57:102][  0]LogDerivedDataCache:Display: Pak cache opened for reading ../../../Engine/DerivedDataCache/Compressed.ddp.
[2016.06.30-03.50.57:116][  0]LogDerivedDataCache: Using Local data cache path C:/Users/My/AppData/Local/UnrealEngine/Common/DerivedDataCache: Writable
[2016.06.30-03.50.57:486][  0]LogInit: Selected Device Profile: [Windows]
[2016.06.30-03.50.57:499][  0]LogMaterial: Uniform references updated for custom material expression Custom.
[2016.06.30-03.50.57:501][  0]LogContentStreaming: Texture pool size is 1000.00 MB
[2016.06.30-03.50.57:743][  0]LogMeshUtilities: No automatic mesh reduction module available
[2016.06.30-03.50.57:743][  0]LogMeshUtilities: No automatic mesh merging module available
[2016.06.30-03.50.57:743][  0]LogMeshUtilities: No distributed automatic mesh merging module available
[2016.06.30-03.50.58:380][  0]LogInit: WinSock: version 1.1 (2.2), MaxSocks=32767, MaxUdp=65467
[2016.06.30-03.50.58:558][  0]LogSlate: SlateFontCache - WITH_FREETYPE: 1, WITH_HARFBUZZ: 1
[2016.06.30-03.50.58:558][  0]LogSlate: SlateFontCache - WITH_FREETYPE: 1, WITH_HARFBUZZ: 1
[2016.06.30-03.50.58:914][  0]LogWindowsMoviePlayer: Unable to load movie: ../../../../../../Users/My/Desktop/UE4-City-Building/Content/Movies/Default_Startup.mp4
[2016.06.30-03.50.59:007][  0]LogUdpMessaging: Initializing bridge on interface 0.0.0.0:0 to multicast group 230.0.0.1:6666.
[2016.06.30-03.50.59:085][  0]SourceControl: Info Source control is disabled
[2016.06.30-03.50.59:086][  0]SourceControl: Info Source control is disabled
[2016.06.30-03.50.59:103][  0]SourceControl: Info Source control is disabled
[2016.06.30-03.50.59:292][  0]LogUObjectArray: 29217 objects as part of root set at end of initial load.
[2016.06.30-03.50.59:292][  0]LogUObjectAllocator: 6079816 out of 0 bytes used by permanent object pool.
[2016.06.30-03.50.59:292][  0]LogUObjectArray: CloseDisregardForGC: 0/0 objects in disregard for GC pool
[2016.06.30-03.50.59:383][  0]LogEngine: Initializing Engine...
[2016.06.30-03.50.59:663][  0]LogInit: XAudio2 using 'Speakers (9- Logitech G930 Gaming Headset)' : 2 channels at 44.1 kHz using 16 bits per sample (channel mask 0x3)
[2016.06.30-03.50.59:692][  0]LogInit: FAudioDevice initialized.
[2016.06.30-03.50.59:731][  0]LogInit: Texture streaming: Enabled
[2016.06.30-03.50.59:871][  0]LogNet: Browse: /Temp/Autosaves/Game/Maps/UEDPCVR_Basic?Name=Player
[2016.06.30-03.50.59:889][  0]LogLoad: LoadMap: /Temp/Autosaves/Game/Maps/UEDPCVR_Basic?Name=Player
[2016.06.30-03.50.59:951][  0]LogMemory: Platform Memory Stats for Windows
[2016.06.30-03.50.59:951][  0]LogMemory: Process Physical Memory: 680.53 MB used, 695.76 MB peak
[2016.06.30-03.50.59:951][  0]LogMemory: Process Virtual Memory: 811.74 MB used, 811.74 MB peak
[2016.06.30-03.50.59:951][  0]LogMemory: Physical Memory: 6501.54 MB used, 8094.93 MB total
[2016.06.30-03.50.59:951][  0]LogMemory: Virtual Memory: 1398.57 MB used, 8388608.00 MB total
[2016.06.30-03.50.59:951][  0]LogMemory: 
[2016.06.30-03.50.59:951][  0]Allocator Stats for TBB: (not implemented)
[2016.06.30-03.51.00:316][  0]LogAIModule: Creating AISystem for world VR_Basic
[2016.06.30-03.51.00:328][  0]LogWorld: Game class is 'VR_GameMode_C'
[2016.06.30-03.51.00:333][  0]LogWorld: Bringing World /Temp/Autosaves/Game/Maps/UEDPCVR_Basic.VR_Basic up for play (max tick rate 0) at 2016.06.29-22.51.00
[2016.06.30-03.51.00:334][  0]LogWorld: Bringing up level for play took: 0.004452
[2016.06.30-03.51.00:336][  0]Command not recognized: FULL SCREEN
[2016.06.30-03.51.00:336][  0]Command not recognized: Stereo On
[2016.06.30-03.51.00:336][  0]LogInit:Display: Game Engine Initialized.
[2016.06.30-03.51.00:558][  0]LogLoad: Full Startup: 8.44 seconds (BP compile: 0.08 seconds)
[2016.06.30-03.51.00:558][  0]LogExternalProfiler: Found external profiler: VSPerf
[2016.06.30-03.51.00:558][  0]LogExternalProfiler: Using external profiler: VSPerf
[2016.06.30-03.51.00:569][  0]LogOcInput: OculusInput pre-init called
[2016.06.30-03.51.00:712][  2]LogRenderer: Reallocating scene render targets to support 1280x720 (Frame:2).
[2016.06.30-03.51.05:888][546]LogEngine: All Windows Closed
[2016.06.30-03.51.05:888][546]LogWindows: FPlatformMisc::RequestExit(0)
[2016.06.30-03.51.06:393][547]LogExit: Preparing to exit.
[2016.06.30-03.51.07:161][547]LogExit: Game engine shut down
[2016.06.30-03.51.07:358][547]LogObj: Freed 0b from 0 cluster array pools.
[2016.06.30-03.51.07:359][547]LogExit: Object subsystem successfully closed.
[2016.06.30-03.51.07:379][547]LogD3D11RHI: Shutdown
[2016.06.30-03.51.07:379][547]LogD3D11RHI: CleanupD3DDevice
[2016.06.30-03.51.07:551][547]LogD3D11RHI: ~FD3D11DynamicRHI
[2016.06.30-03.51.07:630][547]LogDerivedDataCache: Shutdown
[2016.06.30-03.51.07:630][547]LogModuleManager: Shutting down and abandoning module AndroidDeviceDetection (123)
[2016.06.30-03.51.08:565][547]LogModuleManager: Shutting down and abandoning module AutomationController (122)
[2016.06.30-03.51.08:565][547]LogModuleManager: Shutting down and abandoning module AutomationWorker (121)
[2016.06.30-03.51.08:565][547]LogModuleManager: Shutting down and abandoning module CharacterAI (120)
[2016.06.30-03.51.08:565][547]LogModuleManager: Shutting down and abandoning module AITestSuite (119)
[2016.06.30-03.51.08:565][547]LogModuleManager: Shutting down and abandoning module GameplayDebugger (118)
[2016.06.30-03.51.08:565][547]LogModuleManager: Shutting down and abandoning module AIModule (117)
[2016.06.30-03.51.08:565][547]LogModuleManager: Shutting down and abandoning module MovieSceneCapture (116)
[2016.06.30-03.51.08:565][547]LogModuleManager: Shutting down and abandoning module StreamingPauseRendering (115)
[2016.06.30-03.51.08:565][547]LogModuleManager: Shutting down and abandoning module PortalServices (114)
[2016.06.30-03.51.08:565][547]LogModuleManager: Shutting down and abandoning module PortalRpc (113)
[2016.06.30-03.51.08:565][547]LogModuleManager: Shutting down and abandoning module MessagingRpc (112)
[2016.06.30-03.51.08:565][547]LogModuleManager: Shutting down and abandoning module ProfilerService (111)
[2016.06.30-03.51.08:574][547]LogModuleManager: Shutting down and abandoning module TaskGraph (110)
[2016.06.30-03.51.08:574][547]LogModuleManager: Shutting down and abandoning module SlateRemote (109)
[2016.06.30-03.51.08:574][547]LogModuleManager: Shutting down and abandoning module SteamVRController (108)
[2016.06.30-03.51.08:574][547]LogModuleManager: Shutting down and abandoning module SteamVR (107)
[2016.06.30-03.51.08:574][547]LogModuleManager: Shutting down and abandoning module ProceduralMeshComponent (106)
[2016.06.30-03.51.08:574][547]LogModuleManager: Shutting down and abandoning module OculusLibrary (105)
[2016.06.30-03.51.08:574][547]LogModuleManager: Shutting down and abandoning module OculusInput (104)
[2016.06.30-03.51.08:574][547]LogModuleManager: Shutting down and abandoning module CustomMeshComponent (103)
[2016.06.30-03.51.08:574][547]LogModuleManager: Shutting down and abandoning module CableComponent (102)
[2016.06.30-03.51.08:574][547]LogModuleManager: Shutting down and abandoning module ArchVisCharacter (101)
[2016.06.30-03.51.08:574][547]LogModuleManager: Shutting down and abandoning module HTML5Networking (100)
[2016.06.30-03.51.08:574][547]LogModuleManager: Shutting down and abandoning module DesktopPlatform (99)
[2016.06.30-03.51.08:574][547]LogModuleManager: Shutting down and abandoning module DirectoryWatcher (98)
[2016.06.30-03.51.08:574][547]LogModuleManager: Shutting down and abandoning module HotReload (97)
[2016.06.30-03.51.08:575][547]LogModuleManager: Shutting down and abandoning module VisualStudioSourceCodeAccess (96)
[2016.06.30-03.51.08:575][547]LogModuleManager: Shutting down and abandoning module SubversionSourceControl (95)
[2016.06.30-03.51.08:575][547]LogModuleManager: Shutting down and abandoning module SourceControl (94)
[2016.06.30-03.51.08:575][547]LogModuleManager: Shutting down and abandoning module PerforceSourceControl (93)
[2016.06.30-03.51.08:575][547]LogModuleManager: Shutting down and abandoning module UdpMessaging (92)
[2016.06.30-03.51.08:675][547]LogModuleManager: Shutting down and abandoning module LightPropagationVolumeRuntime (91)
[2016.06.30-03.51.08:675][547]LogModuleManager: Shutting down and abandoning module Paper2D (90)
[2016.06.30-03.51.08:675][547]LogModuleManager: Shutting down and abandoning module WindowsMoviePlayer (89)
[2016.06.30-03.51.08:675][547]LogModuleManager: Shutting down and abandoning module Media (88)
[2016.06.30-03.51.08:675][547]LogModuleManager: Shutting down and abandoning module WmfMedia (87)
[2016.06.30-03.51.08:676][547]LogModuleManager: Shutting down and abandoning module MediaAssets (86)
[2016.06.30-03.51.08:676][547]LogModuleManager: Shutting down and abandoning module GameLiveStreaming (85)
[2016.06.30-03.51.08:676][547]LogModuleManager: Shutting down and abandoning module GameplayTagsEditor (84)
[2016.06.30-03.51.08:676][547]LogModuleManager: Shutting down and abandoning module OnlineBlueprintSupport (83)
[2016.06.30-03.51.08:676][547]LogModuleManager: Shutting down and abandoning module GameplayTasksEditor (82)
[2016.06.30-03.51.08:676][547]LogModuleManager: Shutting down and abandoning module PropertyEditor (81)
[2016.06.30-03.51.08:676][547]LogModuleManager: Shutting down and abandoning module BehaviorTreeEditor (80)
[2016.06.30-03.51.08:676][547]LogModuleManager: Shutting down and abandoning module FunctionalTesting (79)
[2016.06.30-03.51.08:676][547]LogModuleManager: Shutting down and abandoning module CollisionAnalyzer (78)
[2016.06.30-03.51.08:676][547]LogModuleManager: Shutting down and abandoning module WorkspaceMenuStructure (77)
[2016.06.30-03.51.08:676][547]LogModuleManager: Shutting down and abandoning module MessageLog (76)
[2016.06.30-03.51.08:676][547]LogModuleManager: Shutting down and abandoning module Sequencer (75)
[2016.06.30-03.51.08:676][547]LogModuleManager: Shutting down and abandoning module AssetTools (74)
[2016.06.30-03.51.08:676][547]LogModuleManager: Shutting down and abandoning module UMGEditor (73)
[2016.06.30-03.51.08:676][547]LogModuleManager: Shutting down and abandoning module UMG (72)
[2016.06.30-03.51.08:676][547]LogModuleManager: Shutting down and abandoning module SlateReflector (71)
[2016.06.30-03.51.08:676][547]LogModuleManager: Shutting down and abandoning module Slate (70)
[2016.06.30-03.51.08:676][547]LogModuleManager: Shutting down and abandoning module EditorStyle (69)
[2016.06.30-03.51.08:680][547]LogModuleManager: Shutting down and abandoning module SessionServices (68)
[2016.06.30-03.51.08:680][547]LogModuleManager: Shutting down and abandoning module SourceCodeAccess (67)
[2016.06.30-03.51.08:680][547]LogModuleManager: Shutting down and abandoning module HeadMountedDisplay (66)
[2016.06.30-03.51.08:680][547]LogModuleManager: Shutting down and abandoning module XAudio2 (65)
[2016.06.30-03.51.08:680][547]LogModuleManager: Shutting down and abandoning module Networking (63)
[2016.06.30-03.51.08:680][547]LogModuleManager: Shutting down and abandoning module Core (62)
[2016.06.30-03.51.08:680][547]LogModuleManager: Shutting down and abandoning module KismetCompiler (61)
[2016.06.30-03.51.08:680][547]LogModuleManager: Shutting down and abandoning module PhysXFormats (60)
[2016.06.30-03.51.08:680][547]LogModuleManager: Shutting down and abandoning module MeshUtilities (59)
[2016.06.30-03.51.08:680][547]LogModuleManager: Shutting down and abandoning module CookingStats (58)
[2016.06.30-03.51.08:681][547]LogModuleManager: Shutting down and abandoning module DerivedDataCache (57)
[2016.06.30-03.51.08:681][547]LogDerivedDataCache: Shutdown
[2016.06.30-03.51.08:681][547]LogModuleManager: Shutting down and abandoning module ShaderFormatOpenGL (56)
[2016.06.30-03.51.08:681][547]LogModuleManager: Shutting down and abandoning module ShaderFormatD3D (55)
[2016.06.30-03.51.08:681][547]LogModuleManager: Shutting down and abandoning module MetalShaderFormat (54)
[2016.06.30-03.51.08:681][547]LogModuleManager: Shutting down and abandoning module TextureFormatUncompressed (53)
[2016.06.30-03.51.08:681][547]LogModuleManager: Shutting down and abandoning module TextureFormatPVR (52)
[2016.06.30-03.51.08:681][547]LogModuleManager: Shutting down and abandoning module TextureFormatIntelISPCTexComp (51)
[2016.06.30-03.51.08:681][547]LogModuleManager: Shutting down and abandoning module TextureFormatDXT (50)
[2016.06.30-03.51.08:681][547]LogModuleManager: Shutting down and abandoning module ImageWrapper (49)
[2016.06.30-03.51.08:681][547]LogModuleManager: Shutting down and abandoning module TextureFormatASTC (48)
[2016.06.30-03.51.08:681][547]LogModuleManager: Shutting down and abandoning module TextureFormatAndroid (47)
[2016.06.30-03.51.08:681][547]LogModuleManager: Shutting down and abandoning module AudioFormatOpus (46)
[2016.06.30-03.51.08:681][547]LogModuleManager: Shutting down and abandoning module AudioFormatOgg (45)
[2016.06.30-03.51.08:681][547]LogModuleManager: Shutting down and abandoning module AudioFormatADPCM (44)
[2016.06.30-03.51.08:681][547]LogModuleManager: Shutting down and abandoning module LinuxTargetPlatform (43)
[2016.06.30-03.51.08:681][547]LogModuleManager: Shutting down and abandoning module LinuxServerTargetPlatform (42)
[2016.06.30-03.51.08:681][547]LogModuleManager: Shutting down and abandoning module LinuxNoEditorTargetPlatform (41)
[2016.06.30-03.51.08:681][547]LogModuleManager: Shutting down and abandoning module TVOSTargetPlatform (40)
[2016.06.30-03.51.08:681][547]LogModuleManager: Shutting down and abandoning module Messaging (39)
[2016.06.30-03.51.08:681][547]LogModuleManager: Shutting down and abandoning module IOSTargetPlatform (38)
[2016.06.30-03.51.08:681][547]LogModuleManager: Shutting down and abandoning module HTML5TargetPlatform (37)
[2016.06.30-03.51.08:681][547]LogModuleManager: Shutting down and abandoning module Android_PVRTCTargetPlatform (36)
[2016.06.30-03.51.08:681][547]LogModuleManager: Shutting down and abandoning module Android_MultiTargetPlatform (35)
[2016.06.30-03.51.08:681][547]LogModuleManager: Shutting down and abandoning module Android_ETC2TargetPlatform (34)
[2016.06.30-03.51.08:681][547]LogModuleManager: Shutting down and abandoning module Android_ETC1TargetPlatform (33)
[2016.06.30-03.51.08:681][547]LogModuleManager: Shutting down and abandoning module Android_DXTTargetPlatform (32)
[2016.06.30-03.51.08:681][547]LogModuleManager: Shutting down and abandoning module Android_ATCTargetPlatform (31)
[2016.06.30-03.51.08:681][547]LogModuleManager: Shutting down and abandoning module Android_ASTCTargetPlatform (30)
[2016.06.30-03.51.08:681][547]LogModuleManager: Shutting down and abandoning module AndroidTargetPlatform (29)
[2016.06.30-03.51.08:681][547]LogModuleManager: Shutting down and abandoning module WindowsTargetPlatform (28)
[2016.06.30-03.51.08:681][547]LogModuleManager: Shutting down and abandoning module WindowsServerTargetPlatform (27)
[2016.06.30-03.51.08:681][547]LogModuleManager: Shutting down and abandoning module WindowsNoEditorTargetPlatform (26)
[2016.06.30-03.51.08:681][547]LogModuleManager: Shutting down and abandoning module WindowsClientTargetPlatform (25)
[2016.06.30-03.51.08:681][547]LogModuleManager: Shutting down and abandoning module AllDesktopTargetPlatform (24)
[2016.06.30-03.51.08:681][547]LogModuleManager: Shutting down and abandoning module TargetPlatform (23)
[2016.06.30-03.51.08:681][547]LogModuleManager: Shutting down and abandoning module InputCore (22)
[2016.06.30-03.51.08:681][547]LogModuleManager: Shutting down and abandoning module Settings (21)
[2016.06.30-03.51.08:681][547]LogModuleManager: Shutting down and abandoning module OnlineSubsystem (19)
[2016.06.30-03.51.08:681][547]LogModuleManager: Shutting down and abandoning module HTTP (18)
[2016.06.30-03.51.08:682][547]LogModuleManager: Shutting down and abandoning module XMPP (17)
[2016.06.30-03.51.08:682][547]LogModuleManager: Shutting down and abandoning module OculusRift (16)
[2016.06.30-03.51.08:682][547]LogModuleManager: Shutting down and abandoning module ExampleDeviceProfileSelector (15)
[2016.06.30-03.51.08:682][547]LogModuleManager: Shutting down and abandoning module TextureCompressor (14)
[2016.06.30-03.51.08:682][547]LogModuleManager: Shutting down and abandoning module ShaderCore (13)
[2016.06.30-03.51.08:682][547]LogModuleManager: Shutting down and abandoning module Landscape (12)
[2016.06.30-03.51.08:682][547]LogModuleManager: Shutting down and abandoning module SlateRHIRenderer (11)
[2016.06.30-03.51.08:682][547]LogModuleManager: Shutting down and abandoning module OpenGLDrv (10)
[2016.06.30-03.51.08:682][547]LogModuleManager: Shutting down and abandoning module D3D11RHI (9)
[2016.06.30-03.51.08:682][547]LogModuleManager: Shutting down and abandoning module AnimGraphRuntime (8)
[2016.06.30-03.51.08:682][547]LogModuleManager: Shutting down and abandoning module Renderer (7)
[2016.06.30-03.51.08:682][547]LogModuleManager: Shutting down and abandoning module Engine (6)
[2016.06.30-03.51.08:682][547]LogModuleManager: Shutting down and abandoning module CoreUObject (5)
[2016.06.30-03.51.08:682][547]LogModuleManager: Shutting down and abandoning module NetworkFile (4)
[2016.06.30-03.51.08:682][547]LogModuleManager: Shutting down and abandoning module StreamingFile (3)
[2016.06.30-03.51.08:682][547]LogModuleManager: Shutting down and abandoning module SandboxFile (2)
[2016.06.30-03.51.08:682][547]LogModuleManager: Shutting down and abandoning module PakFile (1)
[2016.06.30-03.51.08:686][547]LogExit: Exiting.
[2016.06.30-03.51.08:688][547]Log file closed, 06/29/16 22:51:08
