Log file open, 08/02/16 17:32:48
LogInit:Display: Running engine for game: VR_City
LogPlatformFile: Not using cached read wrapper
LogInit:Display: RandInit(799149817) SRandInit(799149818).
LogTaskGraph: Started task graph with 4 named threads and 6 total threads.
LogStats: Stats thread started at 0.065742
LogInit: Version: 4.11.2-2946394+++UE4+Release-4.11
LogInit: API Version: 2927265
LogInit: Compiled (64-bit): Apr 18 2016 02:18:46
LogInit: Compiled with Visual C++: 19.00.23026.00
LogInit: Build Configuration: Development
LogInit: Branch Name: ++UE4+Release-4.11
LogInit: Command line: -EpicPortal 
LogInit: Base directory: C:/Program Files (x86)/Epic Games/4.11/Engine/Binaries/Win64/
LogInit: Installed Engine Build: 1
LogInit: Using libcurl 7.41.0
LogInit:  - built for x86_64-pc-win32
LogInit:  - supports SSL with WinSSL
LogInit:  - other features:
LogInit:      CURL_VERSION_SSL
LogInit:      CURL_VERSION_IPV6
LogInit:      CURL_VERSION_ASYNCHDNS
LogInit:      CURL_VERSION_LARGEFILE
LogInit:      CURL_VERSION_IDN
LogInit:  CurlRequestOptions (configurable via config and command line):
LogInit:  - bVerifyPeer = true  - Libcurl will verify peer certificate
LogInit:  - bUseHttpProxy = false  - Libcurl will NOT use HTTP proxy
LogInit:  - bDontReuseConnections = false  - Libcurl will reuse connections
LogInit:  - CertBundlePath = nullptr  - Libcurl will use whatever was configured at build time.
LogOnline:Display: STEAM: Loading Steam SDK 1.32
LogOnline:Warning: STEAM: Steam API disabled!
LogOnline:Display: STEAM: OnlineSubsystemSteam::Shutdown()
LogInit: WinSock: version 1.1 (2.2), MaxSocks=32767, MaxUdp=65467
LogVoice:Warning: Failed to initialize voice interface
LogInit: Presizing for max 16777216 objects, including 0 objects not considered by GC, pre-allocating 0 bytes for permanent pool.
LogInit: Object subsystem initialized
[2016.08.02-22.32.49:099][  0]LogInit: Selected Device Profile: [Windows]
[2016.08.02-22.32.49:099][  0]LogInit: Applying CVar settings loaded from the selected device profile: [Windows]
[2016.08.02-22.32.49:107][  0]LogInit: Computer: MY-PC
[2016.08.02-22.32.49:107][  0]LogInit: User: My
[2016.08.02-22.32.49:107][  0]LogInit: CPU Page size=65536, Cores=3
[2016.08.02-22.32.49:107][  0]LogInit: High frequency timer resolution =3.703847 MHz
[2016.08.02-22.32.49:107][  0]LogMemory: Memory total: Physical=7.9GB (8GB approx)
[2016.08.02-22.32.49:107][  0]LogMemory: Platform Memory Stats for Windows
[2016.08.02-22.32.49:107][  0]LogMemory: Process Physical Memory: 315.29 MB used, 315.29 MB peak
[2016.08.02-22.32.49:107][  0]LogMemory: Process Virtual Memory: 316.43 MB used, 316.43 MB peak
[2016.08.02-22.32.49:107][  0]LogMemory: Physical Memory: 5184.11 MB used, 8094.93 MB total
[2016.08.02-22.32.49:107][  0]LogMemory: Virtual Memory: 630.29 MB used, 8388608.00 MB total
[2016.08.02-22.32.49:149][  0]LogTextLocalizationManager: No specific translations for ('en-US') exist, so ('en') translations will be used.
[2016.08.02-22.32.49:682][  0]LogD3D11RHI: D3D11 adapters:
[2016.08.02-22.32.49:705][  0]LogD3D11RHI:    0. 'NVIDIA GeForce GTX 970' (Feature Level 11_0)
[2016.08.02-22.32.49:705][  0]LogD3D11RHI:       4007MB of dedicated video memory, 0MB of dedicated system memory, and 3791MB of shared system memory, 1 output[s]
[2016.08.02-22.32.49:705][  0]LogD3D11RHI: Chosen D3D11 Adapter: 0
[2016.08.02-22.32.49:714][  0]LogD3D11RHI: Creating new Direct3DDevice
[2016.08.02-22.32.49:714][  0]LogD3D11RHI:     Adapter Name: NVIDIA GeForce GTX 970
[2016.08.02-22.32.49:714][  0]LogD3D11RHI:   Driver Version: 10.18.13.6175 (internal 10.18.13.6175)
[2016.08.02-22.32.49:714][  0]LogD3D11RHI:      Driver Date: 1-22-2016
[2016.08.02-22.32.49:714][  0]LogRHI: Texture pool is 1361 MB (70% of 1945 MB)
[2016.08.02-22.32.49:725][  0]LogD3D11RHI: Async texture creation enabled
[2016.08.02-22.32.50:187][  0]LogShaderCompilers: Guid format shader working directory is -9 characters bigger than the processId version (../../../../../../Users/My/Desktop/UE4-City-Building/Intermediate/Shaders/WorkingDirectory/5496/).
[2016.08.02-22.32.50:187][  0]LogShaderCompilers: Cleaned the shader compiler working directory 'C:/Users/My/AppData/Local/Temp/UnrealShaderWorkingDir/220909D24301994F7358CEA7F7AE274F/'.
[2016.08.02-22.32.50:187][  0]LogShaderCompilers:Display: Using Local Shader Compiler.
[2016.08.02-22.32.51:419][  0]LogTemp:Display: Loaded TP AllDesktopTargetPlatform
[2016.08.02-22.32.51:425][  0]LogTemp:Display: Loaded TP WindowsClientTargetPlatform
[2016.08.02-22.32.51:430][  0]LogTemp:Display: Loaded TP WindowsNoEditorTargetPlatform
[2016.08.02-22.32.51:435][  0]LogTemp:Display: Loaded TP WindowsServerTargetPlatform
[2016.08.02-22.32.51:440][  0]LogTemp:Display: Loaded TP WindowsTargetPlatform
[2016.08.02-22.32.51:443][  0]LogTemp:Display: Loaded TP AndroidTargetPlatform
[2016.08.02-22.32.51:446][  0]LogTemp:Display: Loaded TP Android_ASTCTargetPlatform
[2016.08.02-22.32.51:450][  0]LogTemp:Display: Loaded TP Android_ATCTargetPlatform
[2016.08.02-22.32.51:454][  0]LogTemp:Display: Loaded TP Android_DXTTargetPlatform
[2016.08.02-22.32.51:458][  0]LogTemp:Display: Loaded TP Android_ETC1TargetPlatform
[2016.08.02-22.32.51:461][  0]LogTemp:Display: Loaded TP Android_ETC2TargetPlatform
[2016.08.02-22.32.51:469][  0]LogTemp:Display: Loaded TP Android_MultiTargetPlatform
[2016.08.02-22.32.51:469][  0]LogTemp:Display: Loaded TP Android_PVRTCTargetPlatform
[2016.08.02-22.32.51:470][  0]LogTemp:Display: Loaded TP HTML5TargetPlatform
[2016.08.02-22.32.51:487][  0]LogTemp:Display: Loaded TP IOSTargetPlatform
[2016.08.02-22.32.51:491][  0]LogTemp:Display: Loaded TP TVOSTargetPlatform
[2016.08.02-22.32.51:494][  0]LogTemp:Display: Loaded TP LinuxNoEditorTargetPlatform
[2016.08.02-22.32.51:499][  0]LogTemp:Display: Loaded TP LinuxServerTargetPlatform
[2016.08.02-22.32.51:503][  0]LogTemp:Display: Loaded TP LinuxTargetPlatform
[2016.08.02-22.32.51:503][  0]LogTargetPlatformManager:Display: Building Assets For Windows
[2016.08.02-22.32.51:579][  0]LogDerivedDataCache:Display: Max Cache Size: 512 MB
[2016.08.02-22.32.51:720][  0]LogDerivedDataCache: Loaded boot cache 0.14s 72MB C:/Users/My/AppData/Local/UnrealEngine/4.11/DerivedDataCache/Boot.ddc.
[2016.08.02-22.32.51:730][  0]LogDerivedDataCache:Display: Loaded Boot cache: C:/Users/My/AppData/Local/UnrealEngine/4.11/DerivedDataCache/Boot.ddc
[2016.08.02-22.32.51:730][  0]LogDerivedDataCache: FDerivedDataBackendGraph:  Pak pak cache file ../../../../../../Users/My/Desktop/UE4-City-Building/DerivedDataCache/DDC.ddp not found, will not use a pak cache.
[2016.08.02-22.32.51:730][  0]LogDerivedDataCache: Unable to find inner node Pak for hierarchical cache Hierarchy.
[2016.08.02-22.32.51:730][  0]LogDerivedDataCache: FDerivedDataBackendGraph:  CompressedPak pak cache file ../../../../../../Users/My/Desktop/UE4-City-Building/DerivedDataCache/Compressed.ddp not found, will not use a pak cache.
[2016.08.02-22.32.51:730][  0]LogDerivedDataCache: Unable to find inner node CompressedPak for hierarchical cache Hierarchy.
[2016.08.02-22.32.51:749][  0]LogDerivedDataCache:Display: Pak cache opened for reading ../../../Engine/DerivedDataCache/Compressed.ddp.
[2016.08.02-22.32.51:760][  0]LogDerivedDataCache: Using Local data cache path C:/Users/My/AppData/Local/UnrealEngine/Common/DerivedDataCache: Writable
[2016.08.02-22.32.51:985][  0]LogInit: Selected Device Profile: [Windows]
[2016.08.02-22.32.51:985][  0]LogContentStreaming: Texture pool size is 0.00 MB
[2016.08.02-22.32.52:019][  0]LogMaterial: Uniform references updated for custom material expression Custom.
[2016.08.02-22.32.52:191][  0]LogMeshUtilities: No automatic mesh reduction module available
[2016.08.02-22.32.52:191][  0]LogMeshUtilities: No automatic mesh merging module available
[2016.08.02-22.32.52:191][  0]LogMeshUtilities: No distributed automatic mesh merging module available
[2016.08.02-22.32.52:522][  0]LogUObjectArray: 27686 objects as part of root set at end of initial load.
[2016.08.02-22.32.52:522][  0]LogUObjectAllocator: 5803856 out of 0 bytes used by permanent object pool.
[2016.08.02-22.32.52:522][  0]LogUObjectArray: CloseDisregardForGC: 0/0 objects in disregard for GC pool
[2016.08.02-22.32.52:623][  0]LogSlate: SlateFontCache - WITH_FREETYPE: 1, WITH_HARFBUZZ: 1
[2016.08.02-22.32.52:623][  0]LogSlate: SlateFontCache - WITH_FREETYPE: 1, WITH_HARFBUZZ: 1
[2016.08.02-22.32.52:733][  0]LogStreaming:Warning: Failed to read file '../../../Engine/Content/Editor/Slate/Common/Selection_16x.png' error.
[2016.08.02-22.32.52:733][  0]LogSlate: Could not find file for Slate resource: ../../../Engine/Content/Editor/Slate/Common/Selection_16x.png
[2016.08.02-22.32.52:733][  0]LogStreaming:Warning: Failed to read file '../../../Engine/Content/Editor/Slate/Common/Selection_16x.png' error.
[2016.08.02-22.32.52:733][  0]LogSlate: Could not find file for Slate resource: ../../../Engine/Content/Editor/Slate/Common/Selection_16x.png
[2016.08.02-22.32.52:734][  0]LogStreaming:Warning: Failed to read file '../../../Engine/Content/Editor/Slate/Common/Selection_16x.png' error.
[2016.08.02-22.32.52:734][  0]LogSlate: Could not find file for Slate resource: ../../../Engine/Content/Editor/Slate/Common/Selection_16x.png
[2016.08.02-22.32.53:376][  0]LogUdpMessaging: Initializing bridge on interface 0.0.0.0:0 to multicast group 230.0.0.1:6666.
[2016.08.02-22.32.53:475][  0]LogAssetRegistry: FAssetRegistry took 0.0206 seconds to start up
[2016.08.02-22.32.53:721][  0]SourceControl: Info Source control is disabled
[2016.08.02-22.32.53:802][  0]SourceControl: Info Source control is disabled
[2016.08.02-22.32.53:816][  0]SourceControl: Info Source control is disabled
[2016.08.02-22.32.53:829][  0]SourceControl: Info Source control is disabled
[2016.08.02-22.32.54:046][  0]LogEngine: Initializing Engine...
[2016.08.02-22.32.54:246][  0]LogAIModule: Creating AISystem for world NewWorld
[2016.08.02-22.32.54:262][  0]LogInit: XAudio2 using 'Speakers (Logitech G930 Headset)' : 2 channels at 44.1 kHz using 16 bits per sample (channel mask 0x3)
[2016.08.02-22.32.54:269][  0]LogInit: FAudioDevice initialized.
[2016.08.02-22.32.54:347][  0]LogDerivedDataCache: Saved boot cache 0.08s 72MB C:/Users/My/AppData/Local/UnrealEngine/4.11/DerivedDataCache/Boot.ddc.
[2016.08.02-22.32.54:373][  0]LogInit: Texture streaming: Enabled
[2016.08.02-22.32.54:397][  0]LogInit: Transaction tracking system initialized
[2016.08.02-22.32.54:421][  0]BlueprintLog: New page: Editor Load
[2016.08.02-22.32.54:497][  0]LocalizationService: Info Localization service is disabled
[2016.08.02-22.32.54:578][  0]LogConsoleResponse:Display: 
[2016.08.02-22.32.54:690][  0]LogCook:Display: Max memory allowance for cook 8192mb
[2016.08.02-22.32.54:690][  0]LogCook:Display: Mobile HDR setting 1
[2016.08.02-22.32.54:690][  0]LogCook:Display: Done creating registry. It took  0.00s.
[2016.08.02-22.32.54:748][  0]LogFileCache: Scanning file cache for directory 'C:/Users/My/Desktop/UE4-City-Building/Content/' took 0.01s
[2016.08.02-22.32.54:748][  0]SourceControl: Info Source control is disabled
[2016.08.02-22.32.54:748][  0]Cmd: MAP LOAD FILE="../../../../../../Users/My/Desktop/UE4-City-Building/Content/Maps/MP_MainMenu.umap" TEMPLATE=0 SHOWPROGRESS=1 FEATURELEVEL=3
[2016.08.02-22.32.54:748][  0]LightingResults: New page: Lighting Build
[2016.08.02-22.32.54:752][  0]MapCheck: New page: Map Check
[2016.08.02-22.32.54:752][  0]LightingResults: New page: Lighting Build
[2016.08.02-22.32.54:989][  0]LogBlueprint:Error: [compiler W_ServerList] Error Could not find a function named "SetSearchResult" in 'W_ServerRow_C'.
Make sure 'W_ServerRow_C' has been compiled for  RefreshServerList 
[2016.08.02-22.32.54:989][  0]LogBlueprint:Error: [compiler W_ServerList] Error Could not find a function named "SetSearchResult" in 'W_ServerRow_C'.
Make sure 'W_ServerRow_C' has been compiled for  RefreshServerList 
[2016.08.02-22.32.55:002][  0]LogBlueprint:Warning: [compiler W_ServerList] Warning [0006.76] Compile of W_ServerList failed. 2 Fatal Issue(s) 0 Warning(s) [in 33 ms]
[2016.08.02-22.32.55:002][  0]LogBlueprint:Warning: [compiler W_ServerList] Warning [0006.76] Compile of W_ServerList failed. 2 Fatal Issue(s) 1 Warning(s) [in 0 ms]
[2016.08.02-22.32.55:002][  0]LogBlueprint:Warning: [compiler W_ServerList] Warning [0006.76] Compile of W_ServerList failed. 2 Fatal Issue(s) 2 Warning(s) [in 0 ms]
[2016.08.02-22.32.55:390][  0]LogAIModule: Creating AISystem for world MP_MainMenu
[2016.08.02-22.32.55:391][  0]LogEditorServer: Finished looking for orphan Actors (0.000 secs)
[2016.08.02-22.32.55:391][  0]Cmd: MAP CHECKDEP NOCLEARLOG
[2016.08.02-22.32.55:432][  0]MapCheck: Info Map check complete: 0 Error(s), 0 Warning(s), took 41.213ms to complete.
[2016.08.02-22.32.55:432][  0]LogFileHelpers: Loading map 'MP_MainMenu' took 0.684
[2016.08.02-22.32.55:521][  0]LogCollectionManager: Loaded 1 collections in 0.002285 seconds
[2016.08.02-22.32.55:561][  0]LogFileCache: Scanning file cache for directory 'C:/Users/My/Desktop/UE4-City-Building/Saved/Collections/' took 0.01s
[2016.08.02-22.32.55:561][  0]LogFileCache: Scanning file cache for directory 'C:/Users/My/Desktop/UE4-City-Building/Content/Developers/My/Collections/' took 0.01s
[2016.08.02-22.32.55:561][  0]LogFileCache: Scanning file cache for directory 'C:/Users/My/Desktop/UE4-City-Building/Content/Collections/' took 0.01s
[2016.08.02-22.32.55:561][  0]LogCollectionManager: Rebuilt the GUID cache for 1 collections in 0.000005 seconds
[2016.08.02-22.32.55:566][  0]LogCollectionManager: Rebuilt the hierarchy cache for 1 collections in 0.000001 seconds
[2016.08.02-22.32.55:577][  0]LogContentBrowser: Native class hierarchy populated in 0.0110 seconds. Added 1978 classes and 339 folders.
[2016.08.02-22.32.55:581][  0]LogStats: UGameplayTagsManager::ConstructGameplayTagTree: Construct from data asset -  0.000 s
[2016.08.02-22.32.55:581][  0]LogStats: UGameplayTagsManager::ConstructGameplayTagTree: GameplayTagTreeChangedEvent.Broadcast -  0.000 s
[2016.08.02-22.32.55:581][  0]LogContentBrowser: Native class hierarchy updated for 'GameplayTags' in 0.0005 seconds. Added 12 classes and 0 folders.
[2016.08.02-22.32.55:586][  0]LogContentBrowser: Native class hierarchy updated for 'WidgetCarousel' in 0.0004 seconds. Added 0 classes and 0 folders.
[2016.08.02-22.32.55:592][  0]LogContentBrowser: Native class hierarchy updated for 'SuperSearch' in 0.0004 seconds. Added 1 classes and 2 folders.
[2016.08.02-22.32.55:642][  0]LogContentBrowser: Native class hierarchy updated for 'AddContentDialog' in 0.0004 seconds. Added 0 classes and 0 folders.
[2016.08.02-22.32.55:733][  0]LogContentBrowser: Native class hierarchy updated for 'SceneOutliner' in 0.0004 seconds. Added 1 classes and 2 folders.
[2016.08.02-22.32.55:776][  0]LogCrashTracker: Crashtracker disabled due to settings.
[2016.08.02-22.32.55:783][  0]LogUObjectGlobals:Warning: Failed to find object 'Class None.'
[2016.08.02-22.32.55:808][  0]LogContentBrowser: Native class hierarchy updated for 'HierarchicalLODOutliner' in 0.0006 seconds. Added 1 classes and 2 folders.
[2016.08.02-22.32.55:808][  0]LogLoad: Full Startup: 7.56 seconds (BP compile: 0.24 seconds)
[2016.08.02-22.32.55:808][  0]LogExternalProfiler: Found external profiler: VSPerf
[2016.08.02-22.32.55:808][  0]LogExternalProfiler: Using external profiler: VSPerf
[2016.08.02-22.32.55:817][  0]LogOcInput: OculusInput pre-init called
[2016.08.02-22.32.55:858][  0]LogContentStreaming: Texture pool size now 1000 MB
[2016.08.02-22.32.56:011][  0]LogRenderer: Reallocating scene render targets to support 1380x1140 (Frame:2).
[2016.08.02-22.32.56:128][  1]LogAssetRegistry: Asset discovery search completed in 2.6743 seconds
[2016.08.02-22.32.56:129][  1]LogCollectionManager: Rebuilt the object cache for 1 collections in 0.000001 seconds (found 0 objects)
[2016.08.02-22.32.56:129][  1]LogCollectionManager: Fixed up redirectors for 1 collections in 0.000043 seconds (updated 0 objects)
[2016.08.02-22.37.30:476][248]LogContentBrowser: Native class hierarchy updated for 'BlueprintGraph' in 0.0009 seconds. Added 108 classes and 0 folders.
[2016.08.02-22.38.00:254][556]LogSavePackage: Save=276.89ms
[2016.08.02-22.38.00:254][556]LogSavePackage: Moving '../../../../../../Users/My/Desktop/UE4-City-Building/Saved/GI_Default7221BA8746BD6C94FA0C21A518A09F96.tmp' to '../../../../../../Users/My/Desktop/UE4-City-Building/Content/PlayerCharacter/Blueprints/Multiplayer/GI_Default.uasset'
[2016.08.02-22.38.00:257][556]LogSavePackage: Total save time: 309.81ms
[2016.08.02-22.38.00:258][556]LogSavePackage:Display: Finished SavePackage ../../../../../../Users/My/Desktop/UE4-City-Building/Content/PlayerCharacter/Blueprints/Multiplayer/GI_Default.uasset
[2016.08.02-22.38.01:023][647]BlueprintLog: New page: Compile GI_Default
[2016.08.02-22.38.01:299][647]BlueprintEditorCompileResults: Info [0313.05] Compile of GI_Default successful! [in 276 ms]
[2016.08.02-22.38.23:287][164]BlueprintLog: New page: Compile GI_Default
[2016.08.02-22.38.23:524][164]BlueprintEditorCompileResults: Info [0335.27] Compile of GI_Default successful! [in 237 ms]
[2016.08.02-22.38.24:231][204]LogSavePackage: Save=277.86ms
[2016.08.02-22.38.24:231][204]LogSavePackage: Moving '../../../../../../Users/My/Desktop/UE4-City-Building/Saved/GI_DefaultDDFBF5D143DA73C2A32C939204DE5332.tmp' to '../../../../../../Users/My/Desktop/UE4-City-Building/Content/PlayerCharacter/Blueprints/Multiplayer/GI_Default.uasset'
[2016.08.02-22.38.24:233][204]LogSavePackage: Total save time: 289.79ms
[2016.08.02-22.38.24:234][204]LogSavePackage:Display: Finished SavePackage ../../../../../../Users/My/Desktop/UE4-City-Building/Content/PlayerCharacter/Blueprints/Multiplayer/GI_Default.uasset
[2016.08.02-22.38.35:057][435]BlueprintLog: New page: Compile GI_Default
[2016.08.02-22.38.35:295][435]BlueprintEditorCompileResults: Info [0347.05] Compile of GI_Default successful! [in 238 ms]
[2016.08.02-22.38.35:959][469]LogSavePackage: Save=280.25ms
[2016.08.02-22.38.35:959][469]LogSavePackage: Moving '../../../../../../Users/My/Desktop/UE4-City-Building/Saved/GI_Default8CD79D7846217011D57EA483758B2480.tmp' to '../../../../../../Users/My/Desktop/UE4-City-Building/Content/PlayerCharacter/Blueprints/Multiplayer/GI_Default.uasset'
[2016.08.02-22.38.35:961][469]LogSavePackage: Total save time: 292.29ms
[2016.08.02-22.38.35:961][469]LogSavePackage:Display: Finished SavePackage ../../../../../../Users/My/Desktop/UE4-City-Building/Content/PlayerCharacter/Blueprints/Multiplayer/GI_Default.uasset
[2016.08.02-22.38.47:483][771]Cmd: OBJ SAVEPACKAGE PACKAGE="/Game/Maps/MP_MainMenu" FILE="../../../../../../Users/My/Desktop/UE4-City-Building/Saved/Autosaves/Game/Maps/UEDPCMP_MainMenu.umap" SILENT=true AUTOSAVING=true KEEPDIRTY=true
[2016.08.02-22.38.47:588][771]LogSavePackage: Save=89.57ms
[2016.08.02-22.38.47:589][771]LogSavePackage: Moving '../../../../../../Users/My/Desktop/UE4-City-Building/Saved/UEDPCMP_MainMenuD830971443243FC0B40E3DAD123A5924.tmp' to '../../../../../../Users/My/Desktop/UE4-City-Building/Saved/Autosaves/Game/Maps/UEDPCMP_MainMenu.umap'
[2016.08.02-22.38.47:590][771]LogSavePackage: Total save time: 105.23ms
[2016.08.02-22.38.47:590][771]LogSavePackage:Display: Finished SavePackage ../../../../../../Users/My/Desktop/UE4-City-Building/Saved/Autosaves/Game/Maps/UEDPCMP_MainMenu.umap
[2016.08.02-22.42.56:301][951]LogSavePackage: Save=87.67ms
[2016.08.02-22.42.56:302][951]LogSavePackage: Moving '../../../../../../Users/My/Desktop/UE4-City-Building/Saved/MP_MainMenu_Auto1DE224FE64C7615AB3D0021882B9E0CC6.tmp' to '../../../../../../Users/My/Desktop/UE4-City-Building/Saved/Autosaves/Game/Maps/MP_MainMenu_Auto1.umap'
[2016.08.02-22.42.56:303][951]LogSavePackage: Total save time: 116.33ms
[2016.08.02-22.42.56:303][951]LogSavePackage:Display: Finished SavePackage ../../../../../../Users/My/Desktop/UE4-City-Building/Saved/Autosaves/Game/Maps/MP_MainMenu_Auto1.umap
[2016.08.02-22.42.56:305][951]LogFileHelpers: Editor autosave (incl. sublevels) for '/Game/Maps/MP_MainMenu' took 0.151
[2016.08.02-22.42.56:305][951]LogFileHelpers: Editor autosave (incl. sublevels) for all levels took 0.151
[2016.08.02-22.45.24:418][380]BlueprintLog: New page: Compile W_MainMenu
[2016.08.02-22.45.24:543][380]BlueprintEditorCompileResults: Info [0756.30] Compile of W_MainMenu successful! [in 125 ms]
[2016.08.02-22.45.25:124][431]LogSavePackage: Save=40.16ms
[2016.08.02-22.45.25:124][431]LogSavePackage: Moving '../../../../../../Users/My/Desktop/UE4-City-Building/Saved/W_MainMenu4D5936DE4CC349902E771BA146CE2204.tmp' to '../../../../../../Users/My/Desktop/UE4-City-Building/Content/PlayerCharacter/Blueprints/Multiplayer/Widgets/W_MainMenu.uasset'
[2016.08.02-22.45.25:127][431]LogSavePackage: Total save time: 70.27ms
[2016.08.02-22.45.25:127][431]LogSavePackage:Display: Finished SavePackage ../../../../../../Users/My/Desktop/UE4-City-Building/Content/PlayerCharacter/Blueprints/Multiplayer/Widgets/W_MainMenu.uasset
[2016.08.02-22.45.28:027][632]Cmd: OBJ SAVEPACKAGE PACKAGE="/Game/Maps/MP_MainMenu" FILE="../../../../../../Users/My/Desktop/UE4-City-Building/Content/Maps/MP_MainMenu.umap" SILENT=true AUTOSAVING=false KEEPDIRTY=false
[2016.08.02-22.45.28:153][632]LogSavePackage: Save=86.21ms
[2016.08.02-22.45.28:153][632]LogSavePackage: Moving '../../../../../../Users/My/Desktop/UE4-City-Building/Saved/MP_MainMenu98BAC5414EC78A9F4168CFB752F8DF55.tmp' to '../../../../../../Users/My/Desktop/UE4-City-Building/Content/Maps/MP_MainMenu.umap'
[2016.08.02-22.45.28:155][632]LogSavePackage: Total save time: 99.08ms
[2016.08.02-22.45.28:155][632]LogSavePackage:Display: Finished SavePackage ../../../../../../Users/My/Desktop/UE4-City-Building/Content/Maps/MP_MainMenu.umap
[2016.08.02-22.45.28:206][632]LogFileHelpers: Saving map 'MP_MainMenu' took 0.231
[2016.08.02-22.45.28:590][633]Cmd: QUIT_EDITOR
[2016.08.02-22.45.28:723][633]LogExit: Preparing to exit.
[2016.08.02-22.45.29:604][633]LogExit: Editor shut down
[2016.08.02-22.45.29:604][633]LogExit: Transaction tracking system shut down
[2016.08.02-22.45.29:868][633]LogObj: Freed 0b from 0 cluster array pools.
[2016.08.02-22.45.29:868][633]LogExit: Object subsystem successfully closed.
[2016.08.02-22.45.29:886][633]LogD3D11RHI: Shutdown
[2016.08.02-22.45.29:886][633]LogD3D11RHI: CleanupD3DDevice
[2016.08.02-22.45.29:982][633]LogD3D11RHI: ~FD3D11DynamicRHI
[2016.08.02-22.45.30:030][633]LogDerivedDataCache: Shutdown
[2016.08.02-22.45.30:031][633]LogModuleManager: Shutting down and abandoning module SequencerWidgets (206)
[2016.08.02-22.45.30:031][633]LogModuleManager: Shutting down and abandoning module BlueprintGraph (205)
[2016.08.02-22.45.30:031][633]LogModuleManager: Shutting down and abandoning module HierarchicalLODOutliner (204)
[2016.08.02-22.45.30:031][633]LogModuleManager: Shutting down and abandoning module CrashTracker (203)
[2016.08.02-22.45.30:031][633]LogModuleManager: Shutting down and abandoning module SceneOutliner (202)
[2016.08.02-22.45.30:031][633]LogModuleManager: Shutting down and abandoning module SuperSearch (201)
[2016.08.02-22.45.30:031][633]LogModuleManager: Shutting down and abandoning module WidgetCarousel (200)
[2016.08.02-22.45.30:031][633]LogModuleManager: Shutting down and abandoning module AddContentDialog (199)
[2016.08.02-22.45.30:033][633]LogModuleManager: Shutting down and abandoning module GameplayTags (198)
[2016.08.02-22.45.30:033][633]LogModuleManager: Shutting down and abandoning module EditorWidgets (197)
[2016.08.02-22.45.30:033][633]LogModuleManager: Shutting down and abandoning module CollectionManager (196)
[2016.08.02-22.45.30:033][633]LogModuleManager: Shutting down and abandoning module StatsViewer (195)
[2016.08.02-22.45.30:033][633]LogModuleManager: Shutting down and abandoning module FoliageEdit (194)
[2016.08.02-22.45.30:033][633]LogModuleManager: Shutting down and abandoning module LandscapeEditor (193)
[2016.08.02-22.45.30:033][633]LogModuleManager: Shutting down and abandoning module ActorPickerMode (192)
[2016.08.02-22.45.30:033][633]LogModuleManager: Shutting down and abandoning module GeometryMode (191)
[2016.08.02-22.45.30:033][633]LogModuleManager: Shutting down and abandoning module TextureAlignMode (190)
[2016.08.02-22.45.30:033][633]LogModuleManager: Shutting down and abandoning module BspMode (189)
[2016.08.02-22.45.30:033][633]LogModuleManager: Shutting down and abandoning module PlacementMode (188)
[2016.08.02-22.45.30:033][633]LogModuleManager: Shutting down and abandoning module AutomationWorker (187)
[2016.08.02-22.45.30:033][633]LogModuleManager: Shutting down and abandoning module CharacterAI (186)
[2016.08.02-22.45.30:033][633]LogModuleManager: Shutting down and abandoning module SmartSnapping (185)
[2016.08.02-22.45.30:033][633]LogModuleManager: Shutting down and abandoning module ViewportSnapping (184)
[2016.08.02-22.45.30:033][633]LogModuleManager: Shutting down and abandoning module LogVisualizer (183)
[2016.08.02-22.45.30:033][633]LogModuleManager: Shutting down and abandoning module GameProjectGeneration (182)
[2016.08.02-22.45.30:033][633]LogModuleManager: Shutting down and abandoning module IntroTutorials (181)
[2016.08.02-22.45.30:033][633]LogModuleManager: Shutting down and abandoning module EditorLiveStreaming (180)
[2016.08.02-22.45.30:033][633]LogModuleManager: Shutting down and abandoning module IOSPlatformEditor (179)
[2016.08.02-22.45.30:033][633]LogModuleManager: Shutting down and abandoning module HTML5PlatformEditor (178)
[2016.08.02-22.45.30:033][633]LogModuleManager: Shutting down and abandoning module AndroidDeviceDetection (177)
[2016.08.02-22.45.30:573][633]LogModuleManager: Shutting down and abandoning module AndroidPlatformEditor (176)
[2016.08.02-22.45.30:573][633]LogModuleManager: Shutting down and abandoning module IOSRuntimeSettings (175)
[2016.08.02-22.45.30:573][633]LogModuleManager: Shutting down and abandoning module AndroidRuntimeSettings (174)
[2016.08.02-22.45.30:573][633]LogModuleManager: Shutting down and abandoning module MergeActors (173)
[2016.08.02-22.45.30:573][633]LogModuleManager: Shutting down and abandoning module SizeMap (172)
[2016.08.02-22.45.30:573][633]LogModuleManager: Shutting down and abandoning module TreeMap (171)
[2016.08.02-22.45.30:573][633]LogModuleManager: Shutting down and abandoning module ReferenceViewer (170)
[2016.08.02-22.45.30:573][633]LogModuleManager: Shutting down and abandoning module LocalizationService (169)
[2016.08.02-22.45.30:573][633]LogModuleManager: Shutting down and abandoning module LocalizationDashboard (168)
[2016.08.02-22.45.30:573][633]LogModuleManager: Shutting down and abandoning module HardwareTargeting (167)
[2016.08.02-22.45.30:573][633]LogModuleManager: Shutting down and abandoning module DeviceProfileEditor (166)
[2016.08.02-22.45.30:573][633]LogModuleManager: Shutting down and abandoning module UndoHistory (165)
[2016.08.02-22.45.30:573][633]LogModuleManager: Shutting down and abandoning module UserFeedback (164)
[2016.08.02-22.45.30:573][633]LogModuleManager: Shutting down and abandoning module XmlParser (163)
[2016.08.02-22.45.30:573][633]LogModuleManager: Shutting down and abandoning module Blutility (162)
[2016.08.02-22.45.30:573][633]LogModuleManager: Shutting down and abandoning module ProjectTargetPlatformEditor (161)
[2016.08.02-22.45.30:574][633]LogModuleManager: Shutting down and abandoning module ProjectSettingsViewer (160)
[2016.08.02-22.45.30:574][633]LogModuleManager: Shutting down and abandoning module InputBindingEditor (159)
[2016.08.02-22.45.30:574][633]LogModuleManager: Shutting down and abandoning module EditorSettingsViewer (158)
[2016.08.02-22.45.30:574][633]LogModuleManager: Shutting down and abandoning module SettingsEditor (157)
[2016.08.02-22.45.30:574][633]LogModuleManager: Shutting down and abandoning module ProjectLauncher (156)
[2016.08.02-22.45.30:574][633]LogModuleManager: Shutting down and abandoning module SessionFrontend (155)
[2016.08.02-22.45.30:574][633]LogModuleManager: Shutting down and abandoning module ProfilerClient (154)
[2016.08.02-22.45.30:574][633]LogModuleManager: Shutting down and abandoning module TargetDeviceServices (153)
[2016.08.02-22.45.30:574][633]LogModuleManager: Shutting down and abandoning module DeviceManager (152)
[2016.08.02-22.45.30:604][633]LogModuleManager: Shutting down and abandoning module AutomationController (151)
[2016.08.02-22.45.30:604][633]LogModuleManager: Shutting down and abandoning module AutomationWindow (150)
[2016.08.02-22.45.30:604][633]LogModuleManager: Shutting down and abandoning module Layers (149)
[2016.08.02-22.45.30:604][633]LogModuleManager: Shutting down and abandoning module ComponentVisualizers (148)
[2016.08.02-22.45.30:604][633]LogModuleManager: Shutting down and abandoning module DetailCustomizations (147)
[2016.08.02-22.45.30:604][633]LogModuleManager: Shutting down and abandoning module PackagesDialog (146)
[2016.08.02-22.45.30:604][633]LogModuleManager: Shutting down and abandoning module Persona (145)
[2016.08.02-22.45.30:604][633]LogModuleManager: Shutting down and abandoning module Kismet (144)
[2016.08.02-22.45.30:604][633]LogModuleManager: Shutting down and abandoning module GraphEditor (143)
[2016.08.02-22.45.30:604][633]LogModuleManager: Shutting down and abandoning module ClassViewer (142)
[2016.08.02-22.45.30:604][633]LogModuleManager: Shutting down and abandoning module Toolbox (141)
[2016.08.02-22.45.30:604][633]LogModuleManager: Shutting down and abandoning module ModuleUI (140)
[2016.08.02-22.45.30:604][633]LogModuleManager: Shutting down and abandoning module MovieSceneTools (139)
[2016.08.02-22.45.30:604][633]LogModuleManager: Shutting down and abandoning module OutputLog (138)
[2016.08.02-22.45.30:604][633]LogModuleManager: Shutting down and abandoning module GammaUI (137)
[2016.08.02-22.45.30:604][633]LogModuleManager: Shutting down and abandoning module Documentation (136)
[2016.08.02-22.45.30:604][633]LogModuleManager: Shutting down and abandoning module StreamingPauseRendering (135)
[2016.08.02-22.45.30:604][633]LogModuleManager: Shutting down and abandoning module AnalyticsET (134)
[2016.08.02-22.45.30:604][633]LogModuleManager: Shutting down and abandoning module Analytics (133)
[2016.08.02-22.45.30:604][633]LogModuleManager: Shutting down and abandoning module PortalServices (132)
[2016.08.02-22.45.30:604][633]LogModuleManager: Shutting down and abandoning module PortalRpc (131)
[2016.08.02-22.45.30:604][633]LogModuleManager: Shutting down and abandoning module MessagingRpc (130)
[2016.08.02-22.45.30:604][633]LogModuleManager: Shutting down and abandoning module AITestSuite (129)
[2016.08.02-22.45.30:604][633]LogModuleManager: Shutting down and abandoning module GameplayDebugger (128)
[2016.08.02-22.45.30:604][633]LogModuleManager: Shutting down and abandoning module AIModule (127)
[2016.08.02-22.45.30:604][633]LogModuleManager: Shutting down and abandoning module ProfilerService (126)
[2016.08.02-22.45.30:799][633]LogModuleManager: Shutting down and abandoning module TaskGraph (125)
[2016.08.02-22.45.30:799][633]LogModuleManager: Shutting down and abandoning module SlateRemote (124)
[2016.08.02-22.45.30:799][633]LogModuleManager: Shutting down and abandoning module ProceduralMeshComponent (123)
[2016.08.02-22.45.30:799][633]LogModuleManager: Shutting down and abandoning module OculusLibrary (122)
[2016.08.02-22.45.30:799][633]LogModuleManager: Shutting down and abandoning module OculusInput (121)
[2016.08.02-22.45.30:799][633]LogModuleManager: Shutting down and abandoning module CustomMeshComponent (120)
[2016.08.02-22.45.30:799][633]LogModuleManager: Shutting down and abandoning module CableComponent (119)
[2016.08.02-22.45.30:799][633]LogModuleManager: Shutting down and abandoning module ArchVisCharacter (118)
[2016.08.02-22.45.30:799][633]LogModuleManager: Shutting down and abandoning module MediaPlayerEditor (117)
[2016.08.02-22.45.30:799][633]LogModuleManager: Shutting down and abandoning module HTML5Networking (116)
[2016.08.02-22.45.30:799][633]LogModuleManager: Shutting down and abandoning module SpeedTreeImporter (115)
[2016.08.02-22.45.30:799][633]LogModuleManager: Shutting down and abandoning module PluginBrowser (114)
[2016.08.02-22.45.30:799][633]LogModuleManager: Shutting down and abandoning module EpicSurvey (113)
[2016.08.02-22.45.30:799][633]LogModuleManager: Shutting down and abandoning module DesktopPlatform (112)
[2016.08.02-22.45.30:799][633]LogModuleManager: Shutting down and abandoning module VisualStudioSourceCodeAccess (111)
[2016.08.02-22.45.30:799][633]LogModuleManager: Shutting down and abandoning module SubversionSourceControl (110)
[2016.08.02-22.45.30:799][633]LogModuleManager: Shutting down and abandoning module PerforceSourceControl (109)
[2016.08.02-22.45.30:799][633]LogModuleManager: Shutting down and abandoning module SourceControl (108)
[2016.08.02-22.45.30:799][633]LogModuleManager: Shutting down and abandoning module GitSourceControl (107)
[2016.08.02-22.45.30:799][633]LogModuleManager: Shutting down and abandoning module LightPropagationVolumeEditor (106)
[2016.08.02-22.45.30:799][633]LogModuleManager: Shutting down and abandoning module PaperTiledImporter (105)
[2016.08.02-22.45.30:799][633]LogModuleManager: Shutting down and abandoning module PaperSpriteSheetImporter (104)
[2016.08.02-22.45.30:799][633]LogModuleManager: Shutting down and abandoning module MeshPaint (103)
[2016.08.02-22.45.30:800][633]LogModuleManager: Shutting down and abandoning module HotReload (102)
[2016.08.02-22.45.30:800][633]LogModuleManager: Shutting down and abandoning module MainFrame (101)
[2016.08.02-22.45.30:800][633]LogModuleManager: Shutting down and abandoning module LevelEditor (100)
[2016.08.02-22.45.30:801][633]LogModuleManager: Shutting down and abandoning module DirectoryWatcher (99)
[2016.08.02-22.45.30:802][633]LogModuleManager: Shutting down and abandoning module AssetRegistry (98)
[2016.08.02-22.45.30:946][633]LogModuleManager: Shutting down and abandoning module ContentBrowser (97)
[2016.08.02-22.45.30:947][633]LogModuleManager: Shutting down and abandoning module Paper2DEditor (96)
[2016.08.02-22.45.30:947][633]LogModuleManager: Shutting down and abandoning module UdpMessaging (95)
[2016.08.02-22.45.31:047][633]LogModuleManager: Shutting down and abandoning module LightPropagationVolumeRuntime (94)
[2016.08.02-22.45.31:047][633]LogModuleManager: Shutting down and abandoning module Paper2D (93)
[2016.08.02-22.45.31:047][633]LogModuleManager: Shutting down and abandoning module WindowsMoviePlayer (92)
[2016.08.02-22.45.31:047][633]LogModuleManager: Shutting down and abandoning module Media (91)
[2016.08.02-22.45.31:047][633]LogModuleManager: Shutting down and abandoning module WmfMedia (90)
[2016.08.02-22.45.31:047][633]LogModuleManager: Shutting down and abandoning module MediaAssets (89)
[2016.08.02-22.45.31:047][633]LogModuleManager: Shutting down and abandoning module GameLiveStreaming (88)
[2016.08.02-22.45.31:047][633]LogModuleManager: Shutting down and abandoning module GameplayTagsEditor (87)
[2016.08.02-22.45.31:047][633]LogModuleManager: Shutting down and abandoning module OnlineBlueprintSupport (86)
[2016.08.02-22.45.31:047][633]LogModuleManager: Shutting down and abandoning module GameplayTasksEditor (85)
[2016.08.02-22.45.31:047][633]LogModuleManager: Shutting down and abandoning module PropertyEditor (84)
[2016.08.02-22.45.31:047][633]LogModuleManager: Shutting down and abandoning module BehaviorTreeEditor (83)
[2016.08.02-22.45.31:047][633]LogModuleManager: Shutting down and abandoning module FunctionalTesting (82)
[2016.08.02-22.45.31:047][633]LogModuleManager: Shutting down and abandoning module CollisionAnalyzer (81)
[2016.08.02-22.45.31:048][633]LogModuleManager: Shutting down and abandoning module WorkspaceMenuStructure (80)
[2016.08.02-22.45.31:048][633]LogModuleManager: Shutting down and abandoning module MessageLog (79)
[2016.08.02-22.45.31:048][633]LogModuleManager: Shutting down and abandoning module Sequencer (78)
[2016.08.02-22.45.31:048][633]LogModuleManager: Shutting down and abandoning module AssetTools (77)
[2016.08.02-22.45.31:048][633]LogModuleManager: Shutting down and abandoning module UMGEditor (76)
[2016.08.02-22.45.31:048][633]LogModuleManager: Shutting down and abandoning module UMG (75)
[2016.08.02-22.45.31:048][633]LogModuleManager: Shutting down and abandoning module SlateReflector (74)
[2016.08.02-22.45.31:048][633]LogModuleManager: Shutting down and abandoning module Slate (73)
[2016.08.02-22.45.31:048][633]LogModuleManager: Shutting down and abandoning module EditorStyle (72)
[2016.08.02-22.45.31:050][633]LogModuleManager: Shutting down and abandoning module SessionServices (71)
[2016.08.02-22.45.31:050][633]LogModuleManager: Shutting down and abandoning module SourceCodeAccess (70)
[2016.08.02-22.45.31:050][633]LogModuleManager: Shutting down and abandoning module HeadMountedDisplay (69)
[2016.08.02-22.45.31:050][633]LogModuleManager: Shutting down and abandoning module XAudio2 (68)
[2016.08.02-22.45.31:050][633]LogModuleManager: Shutting down and abandoning module Networking (67)
[2016.08.02-22.45.31:050][633]LogModuleManager: Shutting down and abandoning module Core (66)
[2016.08.02-22.45.31:050][633]LogModuleManager: Shutting down and abandoning module KismetCompiler (65)
[2016.08.02-22.45.31:050][633]LogModuleManager: Shutting down and abandoning module PhysXFormats (64)
[2016.08.02-22.45.31:050][633]LogModuleManager: Shutting down and abandoning module MeshUtilities (63)
[2016.08.02-22.45.31:050][633]LogModuleManager: Shutting down and abandoning module CookingStats (62)
[2016.08.02-22.45.31:050][633]LogModuleManager: Shutting down and abandoning module DerivedDataCache (61)
[2016.08.02-22.45.31:050][633]LogDerivedDataCache: Shutdown
[2016.08.02-22.45.31:050][633]LogModuleManager: Shutting down and abandoning module ShaderFormatOpenGL (60)
[2016.08.02-22.45.31:050][633]LogModuleManager: Shutting down and abandoning module ShaderFormatD3D (59)
[2016.08.02-22.45.31:050][633]LogModuleManager: Shutting down and abandoning module MetalShaderFormat (58)
[2016.08.02-22.45.31:050][633]LogModuleManager: Shutting down and abandoning module TextureFormatUncompressed (57)
[2016.08.02-22.45.31:050][633]LogModuleManager: Shutting down and abandoning module TextureFormatPVR (56)
[2016.08.02-22.45.31:050][633]LogModuleManager: Shutting down and abandoning module TextureFormatIntelISPCTexComp (55)
[2016.08.02-22.45.31:050][633]LogModuleManager: Shutting down and abandoning module TextureFormatDXT (54)
[2016.08.02-22.45.31:051][633]LogModuleManager: Shutting down and abandoning module ImageWrapper (53)
[2016.08.02-22.45.31:051][633]LogModuleManager: Shutting down and abandoning module TextureFormatASTC (52)
[2016.08.02-22.45.31:051][633]LogModuleManager: Shutting down and abandoning module TextureFormatAndroid (51)
[2016.08.02-22.45.31:051][633]LogModuleManager: Shutting down and abandoning module AudioFormatOpus (50)
[2016.08.02-22.45.31:051][633]LogModuleManager: Shutting down and abandoning module AudioFormatOgg (49)
[2016.08.02-22.45.31:051][633]LogModuleManager: Shutting down and abandoning module AudioFormatADPCM (48)
[2016.08.02-22.45.31:051][633]LogModuleManager: Shutting down and abandoning module LinuxTargetPlatform (47)
[2016.08.02-22.45.31:051][633]LogModuleManager: Shutting down and abandoning module LinuxServerTargetPlatform (46)
[2016.08.02-22.45.31:051][633]LogModuleManager: Shutting down and abandoning module LinuxNoEditorTargetPlatform (45)
[2016.08.02-22.45.31:051][633]LogModuleManager: Shutting down and abandoning module TVOSTargetPlatform (44)
[2016.08.02-22.45.31:051][633]LogModuleManager: Shutting down and abandoning module Messaging (43)
[2016.08.02-22.45.31:051][633]LogModuleManager: Shutting down and abandoning module IOSTargetPlatform (42)
[2016.08.02-22.45.31:051][633]LogModuleManager: Shutting down and abandoning module HTML5TargetPlatform (41)
[2016.08.02-22.45.31:051][633]LogModuleManager: Shutting down and abandoning module Android_PVRTCTargetPlatform (40)
[2016.08.02-22.45.31:051][633]LogModuleManager: Shutting down and abandoning module Android_MultiTargetPlatform (39)
[2016.08.02-22.45.31:051][633]LogModuleManager: Shutting down and abandoning module Android_ETC2TargetPlatform (38)
[2016.08.02-22.45.31:051][633]LogModuleManager: Shutting down and abandoning module Android_ETC1TargetPlatform (37)
[2016.08.02-22.45.31:051][633]LogModuleManager: Shutting down and abandoning module Android_DXTTargetPlatform (36)
[2016.08.02-22.45.31:051][633]LogModuleManager: Shutting down and abandoning module Android_ATCTargetPlatform (35)
[2016.08.02-22.45.31:051][633]LogModuleManager: Shutting down and abandoning module Android_ASTCTargetPlatform (34)
[2016.08.02-22.45.31:051][633]LogModuleManager: Shutting down and abandoning module AndroidTargetPlatform (33)
[2016.08.02-22.45.31:051][633]LogModuleManager: Shutting down and abandoning module WindowsTargetPlatform (32)
[2016.08.02-22.45.31:051][633]LogModuleManager: Shutting down and abandoning module WindowsServerTargetPlatform (31)
[2016.08.02-22.45.31:051][633]LogModuleManager: Shutting down and abandoning module WindowsNoEditorTargetPlatform (30)
[2016.08.02-22.45.31:051][633]LogModuleManager: Shutting down and abandoning module WindowsClientTargetPlatform (29)
[2016.08.02-22.45.31:051][633]LogModuleManager: Shutting down and abandoning module AllDesktopTargetPlatform (28)
[2016.08.02-22.45.31:051][633]LogModuleManager: Shutting down and abandoning module TargetPlatform (27)
[2016.08.02-22.45.31:051][633]LogModuleManager: Shutting down and abandoning module InputCore (26)
[2016.08.02-22.45.31:051][633]LogModuleManager: Shutting down and abandoning module Settings (25)
[2016.08.02-22.45.31:051][633]LogModuleManager: Shutting down and abandoning module Voice (23)
[2016.08.02-22.45.31:051][633]LogModuleManager: Shutting down and abandoning module OnlineSubsystem (19)
[2016.08.02-22.45.31:051][633]LogOnline:Display: NULL: FOnlineSubsystemNull::Shutdown()
[2016.08.02-22.45.31:051][633]LogOnline:Display: Unloading online subsystem: STEAM
[2016.08.02-22.45.31:052][633]LogOnline:Display: Unloading online subsystem: NULL
[2016.08.02-22.45.31:052][633]LogModuleManager: Shutting down and abandoning module HTTP (18)
[2016.08.02-22.45.33:052][633]LogModuleManager: Shutting down and abandoning module XMPP (17)
[2016.08.02-22.45.33:052][633]LogModuleManager: Shutting down and abandoning module OculusRift (16)
[2016.08.02-22.45.33:052][633]LogModuleManager: Shutting down and abandoning module ExampleDeviceProfileSelector (15)
[2016.08.02-22.45.33:052][633]LogModuleManager: Shutting down and abandoning module TextureCompressor (14)
[2016.08.02-22.45.33:052][633]LogModuleManager: Shutting down and abandoning module ShaderCore (13)
[2016.08.02-22.45.33:052][633]LogModuleManager: Shutting down and abandoning module Landscape (12)
[2016.08.02-22.45.33:052][633]LogModuleManager: Shutting down and abandoning module SlateRHIRenderer (11)
[2016.08.02-22.45.33:056][633]LogModuleManager: Shutting down and abandoning module OpenGLDrv (10)
[2016.08.02-22.45.33:056][633]LogModuleManager: Shutting down and abandoning module D3D11RHI (9)
[2016.08.02-22.45.33:056][633]LogModuleManager: Shutting down and abandoning module AnimGraphRuntime (8)
[2016.08.02-22.45.33:056][633]LogModuleManager: Shutting down and abandoning module Renderer (7)
[2016.08.02-22.45.33:056][633]LogModuleManager: Shutting down and abandoning module Engine (6)
[2016.08.02-22.45.33:056][633]LogModuleManager: Shutting down and abandoning module CoreUObject (5)
[2016.08.02-22.45.33:056][633]LogModuleManager: Shutting down and abandoning module NetworkFile (4)
[2016.08.02-22.45.33:056][633]LogModuleManager: Shutting down and abandoning module StreamingFile (3)
[2016.08.02-22.45.33:057][633]LogModuleManager: Shutting down and abandoning module SandboxFile (2)
[2016.08.02-22.45.33:057][633]LogModuleManager: Shutting down and abandoning module PakFile (1)
[2016.08.02-22.45.33:058][633]LogExit: Exiting.
[2016.08.02-22.45.33:060][633]Log file closed, 08/02/16 17:45:33
